-------------------------------------------------------------------------------
Test set: com.alibaba.json.bvt.parser.InetSocketAddressTest
-------------------------------------------------------------------------------
Tests run: 2, Failures: 0, Errors: 1, Skipped: 0, Time elapsed: 0.001 s <<< FAILURE! -- in com.alibaba.json.bvt.parser.InetSocketAddressTest
com.alibaba.json.bvt.parser.InetSocketAddressTest.test_parse -- Time elapsed: 0 s <<< ERROR!
com.alibaba.fastjson.JSONException: Feature.AllowSingleQuotes is false
	at com.alibaba.fastjson.parser.JSONLexerBase.nextToken(JSONLexerBase.java:131)
	at com.alibaba.fastjson.parser.DefaultJSONParser.accept(DefaultJSONParser.java:1490)
	at com.alibaba.fastjson.serializer.MiscCodec.deserialze(MiscCodec.java:217)
	at com.alibaba.fastjson.parser.DefaultJSONParser.parseObject(DefaultJSONParser.java:682)
	at com.alibaba.fastjson.JSON.parseObject(JSON.java:383)
	at com.alibaba.fastjson.JSON.parseObject(JSON.java:287)
	at com.alibaba.fastjson.JSON.parseObject(JSON.java:560)
	at com.alibaba.json.bvt.parser.InetSocketAddressTest.__CLR4_5_2g914tv1h9i(InetSocketAddressTest.java:14)
	at com.alibaba.json.bvt.parser.InetSocketAddressTest.test_parse(InetSocketAddressTest.java:13)
	at sun.reflect.NativeMethodAccessorImpl.invoke0(Native Method)
	at sun.reflect.NativeMethodAccessorImpl.invoke(NativeMethodAccessorImpl.java:62)
	at sun.reflect.DelegatingMethodAccessorImpl.invoke(DelegatingMethodAccessorImpl.java:43)
	at java.lang.reflect.Method.invoke(Method.java:498)
	at junit.framework.TestCase.runTest(TestCase.java:176)
	at junit.framework.TestCase.runBare(TestCase.java:141)
	at junit.framework.TestResult$1.protect(TestResult.java:122)
	at junit.framework.TestResult.runProtected(TestResult.java:142)
	at junit.framework.TestResult.run(TestResult.java:125)
	at junit.framework.TestCase.run(TestCase.java:129)
	at junit.framework.TestSuite.runTest(TestSuite.java:252)
	at junit.framework.TestSuite.run(TestSuite.java:247)
	at org.junit.internal.runners.JUnit38ClassRunner.run(JUnit38ClassRunner.java:86)
	at org.apache.maven.surefire.junit4.JUnit4Provider.execute(JUnit4Provider.java:316)
	at org.apache.maven.surefire.junit4.JUnit4Provider.executeWithRerun(JUnit4Provider.java:240)
	at org.apache.maven.surefire.junit4.JUnit4Provider.executeTestSet(JUnit4Provider.java:214)
	at org.apache.maven.surefire.junit4.JUnit4Provider.invoke(JUnit4Provider.java:155)
	at org.apache.maven.surefire.booter.ForkedBooter.runSuitesInProcess(ForkedBooter.java:385)
	at org.apache.maven.surefire.booter.ForkedBooter.execute(ForkedBooter.java:162)
	at org.apache.maven.surefire.booter.ForkedBooter.run(ForkedBooter.java:507)
	at org.apache.maven.surefire.booter.ForkedBooter.main(ForkedBooter.java:495)

