-------------------------------------------------------------------------------
Test set: net.bytebuddy.pool.TypePoolLazyFacadeTypeDescriptionTest
-------------------------------------------------------------------------------
Tests run: 198, Failures: 3, Errors: 0, Skipped: 0, Time elapsed: 0.406 sec <<< FAILURE! - in net.bytebuddy.pool.TypePoolLazyFacadeTypeDescriptionTest
testNestedStaticTypeVariableType(net.bytebuddy.pool.TypePoolLazyFacadeTypeDescriptionTest)  Time elapsed: 0.003 sec  <<< FAILURE!
java.lang.AssertionError: 

Expected: is "net.bytebuddy.description.type.AbstractTypeDescriptionGenericTest$NestedStaticTypeVariableType$Placeholder<java.lang.String>"
     but: was "net.bytebuddy.description.type.AbstractTypeDescriptionGenericTest$NestedStaticTypeVariableType.net.bytebuddy.description.type.AbstractTypeDescriptionGenericTest$NestedStaticTypeVariableType$Placeholder<java.lang.String>"

testNestedSpecifiedTypeVariableType(net.bytebuddy.pool.TypePoolLazyFacadeTypeDescriptionTest)  Time elapsed: 0.005 sec  <<< FAILURE!
java.lang.AssertionError: 

Expected: is "net.bytebuddy.description.type.AbstractTypeDescriptionGenericTest$NestedSpecifiedTypeVariableType<java.lang.String>$Placeholder"
     but: was "net.bytebuddy.description.type.AbstractTypeDescriptionGenericTest.net.bytebuddy.description.type.AbstractTypeDescriptionGenericTest$NestedSpecifiedTypeVariableType<java.lang.String>.Placeholder"

testNestedTypeVariableType(net.bytebuddy.pool.TypePoolLazyFacadeTypeDescriptionTest)  Time elapsed: 0.002 sec  <<< FAILURE!
java.lang.AssertionError: 

Expected: is "net.bytebuddy.description.type.AbstractTypeDescriptionGenericTest$NestedTypeVariableType<T>$Placeholder"
     but: was "net.bytebuddy.description.type.AbstractTypeDescriptionGenericTest.net.bytebuddy.description.type.AbstractTypeDescriptionGenericTest$NestedTypeVariableType<T>.Placeholder"

