-------------------------------------------------------------------------------
Test set: org.semanticweb.owlapi.api.test.ontology.SWRLRuleAlternateNSTestCase
-------------------------------------------------------------------------------
Tests run: 11, Failures: 1, Errors: 0, Skipped: 0, Time elapsed: 1.08 sec <<< FAILURE! - in org.semanticweb.owlapi.api.test.ontology.SWRLRuleAlternateNSTestCase
testOWLXML(org.semanticweb.owlapi.api.test.ontology.SWRLRuleAlternateNSTestCase)  Time elapsed: 0.165 sec  <<< FAILURE!
java.lang.AssertionError: SWRLRuleAlternateNSTestCase roundTripOntology() Failing to match axioms: 
Rem axiom: DLSafeRule( Body(ClassAtom(<http://www.semanticweb.org/owlapi/test#A> Variable(<http://www.owlapi#x>)) ClassAtom(<http://www.semanticweb.org/owlapi/test#B> Variable(<http://www.owlapi#x>)) ClassAtom(<http://www.semanticweb.org/owlapi/test#D> <http://www.semanticweb.org/owlapi/test#i>) DataPropertyAtom(<http://www.semanticweb.org/owlapi/test#d> Variable(<http://www.owlapi#x>) Variable(<http://www.owlapi#q>)) DataPropertyAtom(<http://www.semanticweb.org/owlapi/test#d> Variable(<http://www.owlapi#y>) "33"^^xsd:integer)) Head(ClassAtom(<http://www.semanticweb.org/owlapi/test#C> Variable(<http://www.owlapi#x>)) ClassAtom(ObjectSomeValuesFrom(<http://www.semanticweb.org/owlapi/test#p> <http://www.semanticweb.org/owlapi/test#A>) Variable(<http://www.owlapi#x>)) ObjectPropertyAtom(<http://www.semanticweb.org/owlapi/test#p> Variable(<http://www.owlapi#y>) Variable(<http://www.owlapi#z>)) BuiltInAtom(<http://www.owlapi#myBuiltIn> Variable(<http://www.owlapi#q>) Variable(<http://www.owlapi#r>) "33"^^xsd:integer ) SameAsAtom(Variable(<http://www.owlapi#x>) Variable(<http://www.owlapi#y>)) SameAsAtom(<http://www.semanticweb.org/owlapi/test#i> <http://www.semanticweb.org/owlapi/test#j>) DifferentFromAtom(Variable(<http://www.owlapi#x>) Variable(<http://www.owlapi#z>)) DifferentFromAtom(<http://www.semanticweb.org/owlapi/test#i> <http://www.semanticweb.org/owlapi/test#j>)) )
Add axiom: DLSafeRule( Body(ClassAtom(<http://www.semanticweb.org/owlapi/test#A> Variable(<urn:swrl#x>)) ClassAtom(<http://www.semanticweb.org/owlapi/test#B> Variable(<urn:swrl#x>)) ClassAtom(<http://www.semanticweb.org/owlapi/test#D> <http://www.semanticweb.org/owlapi/test#i>) DataPropertyAtom(<http://www.semanticweb.org/owlapi/test#d> Variable(<urn:swrl#x>) Variable(<urn:swrl#q>)) DataPropertyAtom(<http://www.semanticweb.org/owlapi/test#d> Variable(<urn:swrl#y>) "33"^^xsd:integer)) Head(ClassAtom(<http://www.semanticweb.org/owlapi/test#C> Variable(<urn:swrl#x>)) ClassAtom(ObjectSomeValuesFrom(<http://www.semanticweb.org/owlapi/test#p> <http://www.semanticweb.org/owlapi/test#A>) Variable(<urn:swrl#x>)) ObjectPropertyAtom(<http://www.semanticweb.org/owlapi/test#p> Variable(<urn:swrl#y>) Variable(<urn:swrl#z>)) BuiltInAtom(<http://www.owlapi#myBuiltIn> Variable(<urn:swrl#q>) Variable(<urn:swrl#r>) "33"^^xsd:integer ) SameAsAtom(Variable(<urn:swrl#x>) Variable(<urn:swrl#y>)) SameAsAtom(<http://www.semanticweb.org/owlapi/test#i> <http://www.semanticweb.org/owlapi/test#j>) DifferentFromAtom(Variable(<urn:swrl#x>) Variable(<urn:swrl#z>)) DifferentFromAtom(<http://www.semanticweb.org/owlapi/test#i> <http://www.semanticweb.org/owlapi/test#j>)) )

	at org.junit.Assert.fail(Assert.java:88)
	at org.semanticweb.owlapi.api.test.baseclasses.TestBase.equal(TestBase.java:201)
	at org.semanticweb.owlapi.api.test.baseclasses.TestBase.roundTripOntology(TestBase.java:417)
	at org.semanticweb.owlapi.api.test.baseclasses.AbstractRoundTrippingTestCase.__CLR4_5_2hu583839f(AbstractRoundTrippingTestCase.java:57)
	at org.semanticweb.owlapi.api.test.baseclasses.AbstractRoundTrippingTestCase.testOWLXML(AbstractRoundTrippingTestCase.java:56)
	at sun.reflect.GeneratedMethodAccessor13.invoke(Unknown Source)
	at sun.reflect.DelegatingMethodAccessorImpl.invoke(DelegatingMethodAccessorImpl.java:43)
	at java.lang.reflect.Method.invoke(Method.java:498)
	at org.junit.runners.model.FrameworkMethod$1.runReflectiveCall(FrameworkMethod.java:50)
	at org.junit.internal.runners.model.ReflectiveCallable.run(ReflectiveCallable.java:12)
	at org.junit.runners.model.FrameworkMethod.invokeExplosively(FrameworkMethod.java:47)
	at org.junit.internal.runners.statements.InvokeMethod.evaluate(InvokeMethod.java:17)
	at org.junit.internal.runners.statements.RunBefores.evaluate(RunBefores.java:26)
	at org.junit.rules.ExpectedException$ExpectedExceptionStatement.evaluate(ExpectedException.java:239)
	at org.junit.rules.ExternalResource$1.evaluate(ExternalResource.java:48)
	at org.junit.internal.runners.statements.FailOnTimeout$CallableStatement.call(FailOnTimeout.java:298)
	at org.junit.internal.runners.statements.FailOnTimeout$CallableStatement.call(FailOnTimeout.java:292)
	at java.util.concurrent.FutureTask.run(FutureTask.java:266)
	at java.lang.Thread.run(Thread.java:750)

