-------------------------------------------------------------------------------
Test set: com.googlecode.mp4parser.authoring.tracks.H264TrackImplTest
-------------------------------------------------------------------------------
Tests run: 1, Failures: 1, Errors: 0, Skipped: 0, Time elapsed: 0.178 s <<< FAILURE! -- in com.googlecode.mp4parser.authoring.tracks.H264TrackImplTest
com.googlecode.mp4parser.authoring.tracks.H264TrackImplTest.freeze -- Time elapsed: 0.171 s <<< FAILURE!
Box at /moov[0]/trak[0]/mdia[0]/minf[0]/stbl[0]/ctts[0] differs from reference

com.coremedia.iso.boxes.CompositionTimeToSample@5acf93bb
com.coremedia.iso.boxes.CompositionTimeToSample@7e7be63f: arrays first differed at element [23]; expected:<3> but was:<0>
	at org.junit.internal.ComparisonCriteria.arrayEquals(ComparisonCriteria.java:55)
	at org.junit.Assert.internalArrayEquals(Assert.java:532)
	at org.junit.Assert.assertArrayEquals(Assert.java:341)
	at com.googlecode.mp4parser.authoring.tracks.BoxComparator.checkBox(BoxComparator.java:60)
	at com.googlecode.mp4parser.authoring.tracks.BoxComparator.check(BoxComparator.java:41)
	at com.googlecode.mp4parser.authoring.tracks.BoxComparator.check(BoxComparator.java:72)
	at com.googlecode.mp4parser.authoring.tracks.BoxComparator.check(BoxComparator.java:39)
	at com.googlecode.mp4parser.authoring.tracks.BoxComparator.check(BoxComparator.java:72)
	at com.googlecode.mp4parser.authoring.tracks.BoxComparator.check(BoxComparator.java:39)
	at com.googlecode.mp4parser.authoring.tracks.BoxComparator.check(BoxComparator.java:72)
	at com.googlecode.mp4parser.authoring.tracks.BoxComparator.check(BoxComparator.java:39)
	at com.googlecode.mp4parser.authoring.tracks.BoxComparator.check(BoxComparator.java:72)
	at com.googlecode.mp4parser.authoring.tracks.BoxComparator.check(BoxComparator.java:39)
	at com.googlecode.mp4parser.authoring.tracks.BoxComparator.check(BoxComparator.java:72)
	at com.googlecode.mp4parser.authoring.tracks.BoxComparator.check(BoxComparator.java:39)
	at com.googlecode.mp4parser.authoring.tracks.BoxComparator.check(BoxComparator.java:72)
	at com.googlecode.mp4parser.authoring.tracks.H264TrackImplTest.__CLR4_5_2nqur5qj1u(H264TrackImplTest.java:50)
	at com.googlecode.mp4parser.authoring.tracks.H264TrackImplTest.freeze(H264TrackImplTest.java:36)
	at sun.reflect.NativeMethodAccessorImpl.invoke0(Native Method)
	at sun.reflect.NativeMethodAccessorImpl.invoke(NativeMethodAccessorImpl.java:62)
	at sun.reflect.DelegatingMethodAccessorImpl.invoke(DelegatingMethodAccessorImpl.java:43)
	at java.lang.reflect.Method.invoke(Method.java:498)
	at org.junit.runners.model.FrameworkMethod$1.runReflectiveCall(FrameworkMethod.java:50)
	at org.junit.internal.runners.model.ReflectiveCallable.run(ReflectiveCallable.java:12)
	at org.junit.runners.model.FrameworkMethod.invokeExplosively(FrameworkMethod.java:47)
	at org.junit.internal.runners.statements.InvokeMethod.evaluate(InvokeMethod.java:17)
	at org.junit.runners.ParentRunner.runLeaf(ParentRunner.java:325)
	at org.junit.runners.BlockJUnit4ClassRunner.runChild(BlockJUnit4ClassRunner.java:78)
	at org.junit.runners.BlockJUnit4ClassRunner.runChild(BlockJUnit4ClassRunner.java:57)
	at org.junit.runners.ParentRunner$3.run(ParentRunner.java:290)
	at org.junit.runners.ParentRunner$1.schedule(ParentRunner.java:71)
	at org.junit.runners.ParentRunner.runChildren(ParentRunner.java:288)
	at org.junit.runners.ParentRunner.access$000(ParentRunner.java:58)
	at org.junit.runners.ParentRunner$2.evaluate(ParentRunner.java:268)
	at org.junit.runners.ParentRunner.run(ParentRunner.java:363)
	at org.apache.maven.surefire.junit4.JUnit4Provider.execute(JUnit4Provider.java:316)
	at org.apache.maven.surefire.junit4.JUnit4Provider.executeWithRerun(JUnit4Provider.java:240)
	at org.apache.maven.surefire.junit4.JUnit4Provider.executeTestSet(JUnit4Provider.java:214)
	at org.apache.maven.surefire.junit4.JUnit4Provider.invoke(JUnit4Provider.java:155)
	at org.apache.maven.surefire.booter.ForkedBooter.runSuitesInProcess(ForkedBooter.java:385)
	at org.apache.maven.surefire.booter.ForkedBooter.execute(ForkedBooter.java:162)
	at org.apache.maven.surefire.booter.ForkedBooter.run(ForkedBooter.java:507)
	at org.apache.maven.surefire.booter.ForkedBooter.main(ForkedBooter.java:495)
Caused by: java.lang.AssertionError: expected:<3> but was:<0>
	at org.junit.Assert.fail(Assert.java:88)
	at org.junit.Assert.failNotEquals(Assert.java:834)
	at org.junit.Assert.assertEquals(Assert.java:118)
	at org.junit.Assert.assertEquals(Assert.java:144)
	at org.junit.internal.ExactComparisonCriteria.assertElementsEqual(ExactComparisonCriteria.java:8)
	at org.junit.internal.ComparisonCriteria.arrayEquals(ComparisonCriteria.java:53)
	... 42 more

