<?xml version="1.0" encoding="UTF-8"?>
<testsuite name="java_testcases.junit.SUBSEQUENCES_TEST" tests="12" skipped="0" failures="10" errors="0" timestamp="2024-04-01T06:37:46" hostname="Sejals-MacBook-Air.local" time="0.006">
  <properties/>
  <testcase name="test_10" classname="java_testcases.junit.SUBSEQUENCES_TEST" time="0.003">
    <failure message="org.junit.ComparisonFailure: expected:&lt;[[[]]]&gt; but was:&lt;[[]]&gt;" type="org.junit.ComparisonFailure">org.junit.ComparisonFailure: expected:&lt;[[[]]]&gt; but was:&lt;[[]]&gt;
	at org.junit.Assert.assertEquals(Assert.java:115)
	at org.junit.Assert.assertEquals(Assert.java:144)
	at java_testcases.junit.SUBSEQUENCES_TEST.test_10(SUBSEQUENCES_TEST.java:79)
	at sun.reflect.NativeMethodAccessorImpl.invoke0(Native Method)
	at sun.reflect.NativeMethodAccessorImpl.invoke(NativeMethodAccessorImpl.java:62)
	at sun.reflect.DelegatingMethodAccessorImpl.invoke(DelegatingMethodAccessorImpl.java:43)
	at java.lang.reflect.Method.invoke(Method.java:498)
	at org.junit.runners.model.FrameworkMethod$1.runReflectiveCall(FrameworkMethod.java:50)
	at org.junit.internal.runners.model.ReflectiveCallable.run(ReflectiveCallable.java:12)
	at org.junit.runners.model.FrameworkMethod.invokeExplosively(FrameworkMethod.java:47)
	at org.junit.internal.runners.statements.InvokeMethod.evaluate(InvokeMethod.java:17)
	at org.junit.internal.runners.statements.FailOnTimeout$CallableStatement.call(FailOnTimeout.java:298)
	at org.junit.internal.runners.statements.FailOnTimeout$CallableStatement.call(FailOnTimeout.java:292)
	at java.util.concurrent.FutureTask.run(FutureTask.java:266)
	at java.lang.Thread.run(Thread.java:750)
</failure>
  </testcase>
  <testcase name="test_11" classname="java_testcases.junit.SUBSEQUENCES_TEST" time="0.0">
    <failure message="org.junit.ComparisonFailure: expected:&lt;[[[]]]&gt; but was:&lt;[[]]&gt;" type="org.junit.ComparisonFailure">org.junit.ComparisonFailure: expected:&lt;[[[]]]&gt; but was:&lt;[[]]&gt;
	at org.junit.Assert.assertEquals(Assert.java:115)
	at org.junit.Assert.assertEquals(Assert.java:144)
	at java_testcases.junit.SUBSEQUENCES_TEST.test_11(SUBSEQUENCES_TEST.java:86)
	at sun.reflect.NativeMethodAccessorImpl.invoke0(Native Method)
	at sun.reflect.NativeMethodAccessorImpl.invoke(NativeMethodAccessorImpl.java:62)
	at sun.reflect.DelegatingMethodAccessorImpl.invoke(DelegatingMethodAccessorImpl.java:43)
	at java.lang.reflect.Method.invoke(Method.java:498)
	at org.junit.runners.model.FrameworkMethod$1.runReflectiveCall(FrameworkMethod.java:50)
	at org.junit.internal.runners.model.ReflectiveCallable.run(ReflectiveCallable.java:12)
	at org.junit.runners.model.FrameworkMethod.invokeExplosively(FrameworkMethod.java:47)
	at org.junit.internal.runners.statements.InvokeMethod.evaluate(InvokeMethod.java:17)
	at org.junit.internal.runners.statements.FailOnTimeout$CallableStatement.call(FailOnTimeout.java:298)
	at org.junit.internal.runners.statements.FailOnTimeout$CallableStatement.call(FailOnTimeout.java:292)
	at java.util.concurrent.FutureTask.run(FutureTask.java:266)
	at java.lang.Thread.run(Thread.java:750)
</failure>
  </testcase>
  <testcase name="test_0" classname="java_testcases.junit.SUBSEQUENCES_TEST" time="0.001">
    <failure message="org.junit.ComparisonFailure: expected:&lt;[[[1,2,3],[1,2,4],[1,3,4],[2,3,4]]]&gt; but was:&lt;[[]]&gt;" type="org.junit.ComparisonFailure">org.junit.ComparisonFailure: expected:&lt;[[[1,2,3],[1,2,4],[1,3,4],[2,3,4]]]&gt; but was:&lt;[[]]&gt;
	at org.junit.Assert.assertEquals(Assert.java:115)
	at org.junit.Assert.assertEquals(Assert.java:144)
	at java_testcases.junit.SUBSEQUENCES_TEST.test_0(SUBSEQUENCES_TEST.java:9)
	at sun.reflect.NativeMethodAccessorImpl.invoke0(Native Method)
	at sun.reflect.NativeMethodAccessorImpl.invoke(NativeMethodAccessorImpl.java:62)
	at sun.reflect.DelegatingMethodAccessorImpl.invoke(DelegatingMethodAccessorImpl.java:43)
	at java.lang.reflect.Method.invoke(Method.java:498)
	at org.junit.runners.model.FrameworkMethod$1.runReflectiveCall(FrameworkMethod.java:50)
	at org.junit.internal.runners.model.ReflectiveCallable.run(ReflectiveCallable.java:12)
	at org.junit.runners.model.FrameworkMethod.invokeExplosively(FrameworkMethod.java:47)
	at org.junit.internal.runners.statements.InvokeMethod.evaluate(InvokeMethod.java:17)
	at org.junit.internal.runners.statements.FailOnTimeout$CallableStatement.call(FailOnTimeout.java:298)
	at org.junit.internal.runners.statements.FailOnTimeout$CallableStatement.call(FailOnTimeout.java:292)
	at java.util.concurrent.FutureTask.run(FutureTask.java:266)
	at java.lang.Thread.run(Thread.java:750)
</failure>
  </testcase>
  <testcase name="test_1" classname="java_testcases.junit.SUBSEQUENCES_TEST" time="0.0"/>
  <testcase name="test_2" classname="java_testcases.junit.SUBSEQUENCES_TEST" time="0.0"/>
  <testcase name="test_3" classname="java_testcases.junit.SUBSEQUENCES_TEST" time="0.0">
    <failure message="org.junit.ComparisonFailure: expected:&lt;[[[4,5,6,7],[4,5,6,8],[4,5,6,9],[4,5,7,8],[4,5,7,9],[4,5,8,9],[4,6,7,8],[4,6,7,9],[4,6,8,9],[4,7,8,9],[5,6,7,8],[5,6,7,9],[5,6,8,9],[5,7,8,9],[6,7,8,9]]]&gt; but was:&lt;[[]]&gt;" type="org.junit.ComparisonFailure">org.junit.ComparisonFailure: expected:&lt;[[[4,5,6,7],[4,5,6,8],[4,5,6,9],[4,5,7,8],[4,5,7,9],[4,5,8,9],[4,6,7,8],[4,6,7,9],[4,6,8,9],[4,7,8,9],[5,6,7,8],[5,6,7,9],[5,6,8,9],[5,7,8,9],[6,7,8,9]]]&gt; but was:&lt;[[]]&gt;
	at org.junit.Assert.assertEquals(Assert.java:115)
	at org.junit.Assert.assertEquals(Assert.java:144)
	at java_testcases.junit.SUBSEQUENCES_TEST.test_3(SUBSEQUENCES_TEST.java:30)
	at sun.reflect.NativeMethodAccessorImpl.invoke0(Native Method)
	at sun.reflect.NativeMethodAccessorImpl.invoke(NativeMethodAccessorImpl.java:62)
	at sun.reflect.DelegatingMethodAccessorImpl.invoke(DelegatingMethodAccessorImpl.java:43)
	at java.lang.reflect.Method.invoke(Method.java:498)
	at org.junit.runners.model.FrameworkMethod$1.runReflectiveCall(FrameworkMethod.java:50)
	at org.junit.internal.runners.model.ReflectiveCallable.run(ReflectiveCallable.java:12)
	at org.junit.runners.model.FrameworkMethod.invokeExplosively(FrameworkMethod.java:47)
	at org.junit.internal.runners.statements.InvokeMethod.evaluate(InvokeMethod.java:17)
	at org.junit.internal.runners.statements.FailOnTimeout$CallableStatement.call(FailOnTimeout.java:298)
	at org.junit.internal.runners.statements.FailOnTimeout$CallableStatement.call(FailOnTimeout.java:292)
	at java.util.concurrent.FutureTask.run(FutureTask.java:266)
	at java.lang.Thread.run(Thread.java:750)
</failure>
  </testcase>
  <testcase name="test_4" classname="java_testcases.junit.SUBSEQUENCES_TEST" time="0.001">
    <failure message="org.junit.ComparisonFailure: expected:&lt;[[[4,5,6,7,8,9]]]&gt; but was:&lt;[[]]&gt;" type="org.junit.ComparisonFailure">org.junit.ComparisonFailure: expected:&lt;[[[4,5,6,7,8,9]]]&gt; but was:&lt;[[]]&gt;
	at org.junit.Assert.assertEquals(Assert.java:115)
	at org.junit.Assert.assertEquals(Assert.java:144)
	at java_testcases.junit.SUBSEQUENCES_TEST.test_4(SUBSEQUENCES_TEST.java:37)
	at sun.reflect.NativeMethodAccessorImpl.invoke0(Native Method)
	at sun.reflect.NativeMethodAccessorImpl.invoke(NativeMethodAccessorImpl.java:62)
	at sun.reflect.DelegatingMethodAccessorImpl.invoke(DelegatingMethodAccessorImpl.java:43)
	at java.lang.reflect.Method.invoke(Method.java:498)
	at org.junit.runners.model.FrameworkMethod$1.runReflectiveCall(FrameworkMethod.java:50)
	at org.junit.internal.runners.model.ReflectiveCallable.run(ReflectiveCallable.java:12)
	at org.junit.runners.model.FrameworkMethod.invokeExplosively(FrameworkMethod.java:47)
	at org.junit.internal.runners.statements.InvokeMethod.evaluate(InvokeMethod.java:17)
	at org.junit.internal.runners.statements.FailOnTimeout$CallableStatement.call(FailOnTimeout.java:298)
	at org.junit.internal.runners.statements.FailOnTimeout$CallableStatement.call(FailOnTimeout.java:292)
	at java.util.concurrent.FutureTask.run(FutureTask.java:266)
	at java.lang.Thread.run(Thread.java:750)
</failure>
  </testcase>
  <testcase name="test_5" classname="java_testcases.junit.SUBSEQUENCES_TEST" time="0.0">
    <failure message="org.junit.ComparisonFailure: expected:&lt;[[[1,2],[1,3],[1,4],[1,5],[1,6],[1,7],[1,8],[1,9],[2,3],[2,4],[2,5],[2,6],[2,7],[2,8],[2,9],[3,4],[3,5],[3,6],[3,7],[3,8],[3,9],[4,5],[4,6],[4,7],[4,8],[4,9],[5,6],[5,7],[5,8],[5,9],[6,7],[6,8],[6,9],[7,8],[7,9],[8,9]]]&gt; but was:&lt;[[]]&gt;" type="org.junit.ComparisonFailure">org.junit.ComparisonFailure: expected:&lt;[[[1,2],[1,3],[1,4],[1,5],[1,6],[1,7],[1,8],[1,9],[2,3],[2,4],[2,5],[2,6],[2,7],[2,8],[2,9],[3,4],[3,5],[3,6],[3,7],[3,8],[3,9],[4,5],[4,6],[4,7],[4,8],[4,9],[5,6],[5,7],[5,8],[5,9],[6,7],[6,8],[6,9],[7,8],[7,9],[8,9]]]&gt; but was:&lt;[[]]&gt;
	at org.junit.Assert.assertEquals(Assert.java:115)
	at org.junit.Assert.assertEquals(Assert.java:144)
	at java_testcases.junit.SUBSEQUENCES_TEST.test_5(SUBSEQUENCES_TEST.java:44)
	at sun.reflect.NativeMethodAccessorImpl.invoke0(Native Method)
	at sun.reflect.NativeMethodAccessorImpl.invoke(NativeMethodAccessorImpl.java:62)
	at sun.reflect.DelegatingMethodAccessorImpl.invoke(DelegatingMethodAccessorImpl.java:43)
	at java.lang.reflect.Method.invoke(Method.java:498)
	at org.junit.runners.model.FrameworkMethod$1.runReflectiveCall(FrameworkMethod.java:50)
	at org.junit.internal.runners.model.ReflectiveCallable.run(ReflectiveCallable.java:12)
	at org.junit.runners.model.FrameworkMethod.invokeExplosively(FrameworkMethod.java:47)
	at org.junit.internal.runners.statements.InvokeMethod.evaluate(InvokeMethod.java:17)
	at org.junit.internal.runners.statements.FailOnTimeout$CallableStatement.call(FailOnTimeout.java:298)
	at org.junit.internal.runners.statements.FailOnTimeout$CallableStatement.call(FailOnTimeout.java:292)
	at java.util.concurrent.FutureTask.run(FutureTask.java:266)
	at java.lang.Thread.run(Thread.java:750)
</failure>
  </testcase>
  <testcase name="test_6" classname="java_testcases.junit.SUBSEQUENCES_TEST" time="0.0">
    <failure message="org.junit.ComparisonFailure: expected:&lt;[[[1,2,3,4,5,6],[1,2,3,4,5,7],[1,2,3,4,5,8],[1,2,3,4,5,9],[1,2,3,4,6,7],[1,2,3,4,6,8],[1,2,3,4,6,9],[1,2,3,4,7,8],[1,2,3,4,7,9],[1,2,3,4,8,9],[1,2,3,5,6,7],[1,2,3,5,6,8],[1,2,3,5,6,9],[1,2,3,5,7,8],[1,2,3,5,7,9],[1,2,3,5,8,9],[1,2,3,6,7,8],[1,2,3,6,7,9],[1,2,3,6,8,9],[1,2,3,7,8,9],[1,2,4,5,6,7],[1,2,4,5,6,8],[1,2,4,5,6,9],[1,2,4,5,7,8],[1,2,4,5,7,9],[1,2,4,5,8,9],[1,2,4,6,7,8],[1,2,4,6,7,9],[1,2,4,6,8,9],[1,2,4,7,8,9],[1,2,5,6,7,8],[1,2,5,6,7,9],[1,2,5,6,8,9],[1,2,5,7,8,9],[1,2,6,7,8,9],[1,3,4,5,6,7],[1,3,4,5,6,8],[1,3,4,5,6,9],[1,3,4,5,7,8],[1,3,4,5,7,9],[1,3,4,5,8,9],[1,3,4,6,7,8],[1,3,4,6,7,9],[1,3,4,6,8,9],[1,3,4,7,8,9],[1,3,5,6,7,8],[1,3,5,6,7,9],[1,3,5,6,8,9],[1,3,5,7,8,9],[1,3,6,7,8,9],[1,4,5,6,7,8],[1,4,5,6,7,9],[1,4,5,6,8,9],[1,4,5,7,8,9],[1,4,6,7,8,9],[1,5,6,7,8,9],[2,3,4,5,6,7],[2,3,4,5,6,8],[2,3,4,5,6,9],[2,3,4,5,7,8],[2,3,4,5,7,9],[2,3,4,5,8,9],[2,3,4,6,7,8],[2,3,4,6,7,9],[2,3,4,6,8,9],[2,3,4,7,8,9],[2,3,5,6,7,8],[2,3,5,6,7,9],[2,3,5,6,8,9],[2,3,5,7,8,9],[2,3,6,7,8,9],[2,4,5,6,7,8],[2,4,5,6,7,9],[2,4,5,6,8,9],[2,4,5,7,8,9],[2,4,6,7,8,9],[2,5,6,7,8,9],[3,4,5,6,7,8],[3,4,5,6,7,9],[3,4,5,6,8,9],[3,4,5,7,8,9],[3,4,6,7,8,9],[3,5,6,7,8,9],[4,5,6,7,8,9]]]&gt; but was:&lt;[[]]&gt;" type="org.junit.ComparisonFailure">org.junit.ComparisonFailure: expected:&lt;[[[1,2,3,4,5,6],[1,2,3,4,5,7],[1,2,3,4,5,8],[1,2,3,4,5,9],[1,2,3,4,6,7],[1,2,3,4,6,8],[1,2,3,4,6,9],[1,2,3,4,7,8],[1,2,3,4,7,9],[1,2,3,4,8,9],[1,2,3,5,6,7],[1,2,3,5,6,8],[1,2,3,5,6,9],[1,2,3,5,7,8],[1,2,3,5,7,9],[1,2,3,5,8,9],[1,2,3,6,7,8],[1,2,3,6,7,9],[1,2,3,6,8,9],[1,2,3,7,8,9],[1,2,4,5,6,7],[1,2,4,5,6,8],[1,2,4,5,6,9],[1,2,4,5,7,8],[1,2,4,5,7,9],[1,2,4,5,8,9],[1,2,4,6,7,8],[1,2,4,6,7,9],[1,2,4,6,8,9],[1,2,4,7,8,9],[1,2,5,6,7,8],[1,2,5,6,7,9],[1,2,5,6,8,9],[1,2,5,7,8,9],[1,2,6,7,8,9],[1,3,4,5,6,7],[1,3,4,5,6,8],[1,3,4,5,6,9],[1,3,4,5,7,8],[1,3,4,5,7,9],[1,3,4,5,8,9],[1,3,4,6,7,8],[1,3,4,6,7,9],[1,3,4,6,8,9],[1,3,4,7,8,9],[1,3,5,6,7,8],[1,3,5,6,7,9],[1,3,5,6,8,9],[1,3,5,7,8,9],[1,3,6,7,8,9],[1,4,5,6,7,8],[1,4,5,6,7,9],[1,4,5,6,8,9],[1,4,5,7,8,9],[1,4,6,7,8,9],[1,5,6,7,8,9],[2,3,4,5,6,7],[2,3,4,5,6,8],[2,3,4,5,6,9],[2,3,4,5,7,8],[2,3,4,5,7,9],[2,3,4,5,8,9],[2,3,4,6,7,8],[2,3,4,6,7,9],[2,3,4,6,8,9],[2,3,4,7,8,9],[2,3,5,6,7,8],[2,3,5,6,7,9],[2,3,5,6,8,9],[2,3,5,7,8,9],[2,3,6,7,8,9],[2,4,5,6,7,8],[2,4,5,6,7,9],[2,4,5,6,8,9],[2,4,5,7,8,9],[2,4,6,7,8,9],[2,5,6,7,8,9],[3,4,5,6,7,8],[3,4,5,6,7,9],[3,4,5,6,8,9],[3,4,5,7,8,9],[3,4,6,7,8,9],[3,5,6,7,8,9],[4,5,6,7,8,9]]]&gt; but was:&lt;[[]]&gt;
	at org.junit.Assert.assertEquals(Assert.java:115)
	at org.junit.Assert.assertEquals(Assert.java:144)
	at java_testcases.junit.SUBSEQUENCES_TEST.test_6(SUBSEQUENCES_TEST.java:51)
	at sun.reflect.NativeMethodAccessorImpl.invoke0(Native Method)
	at sun.reflect.NativeMethodAccessorImpl.invoke(NativeMethodAccessorImpl.java:62)
	at sun.reflect.DelegatingMethodAccessorImpl.invoke(DelegatingMethodAccessorImpl.java:43)
	at java.lang.reflect.Method.invoke(Method.java:498)
	at org.junit.runners.model.FrameworkMethod$1.runReflectiveCall(FrameworkMethod.java:50)
	at org.junit.internal.runners.model.ReflectiveCallable.run(ReflectiveCallable.java:12)
	at org.junit.runners.model.FrameworkMethod.invokeExplosively(FrameworkMethod.java:47)
	at org.junit.internal.runners.statements.InvokeMethod.evaluate(InvokeMethod.java:17)
	at org.junit.internal.runners.statements.FailOnTimeout$CallableStatement.call(FailOnTimeout.java:298)
	at org.junit.internal.runners.statements.FailOnTimeout$CallableStatement.call(FailOnTimeout.java:292)
	at java.util.concurrent.FutureTask.run(FutureTask.java:266)
	at java.lang.Thread.run(Thread.java:750)
</failure>
  </testcase>
  <testcase name="test_7" classname="java_testcases.junit.SUBSEQUENCES_TEST" time="0.001">
    <failure message="org.junit.ComparisonFailure: expected:&lt;[[[1,2,3,4],[1,2,3,5],[1,2,3,6],[1,2,3,7],[1,2,3,8],[1,2,3,9],[1,2,4,5],[1,2,4,6],[1,2,4,7],[1,2,4,8],[1,2,4,9],[1,2,5,6],[1,2,5,7],[1,2,5,8],[1,2,5,9],[1,2,6,7],[1,2,6,8],[1,2,6,9],[1,2,7,8],[1,2,7,9],[1,2,8,9],[1,3,4,5],[1,3,4,6],[1,3,4,7],[1,3,4,8],[1,3,4,9],[1,3,5,6],[1,3,5,7],[1,3,5,8],[1,3,5,9],[1,3,6,7],[1,3,6,8],[1,3,6,9],[1,3,7,8],[1,3,7,9],[1,3,8,9],[1,4,5,6],[1,4,5,7],[1,4,5,8],[1,4,5,9],[1,4,6,7],[1,4,6,8],[1,4,6,9],[1,4,7,8],[1,4,7,9],[1,4,8,9],[1,5,6,7],[1,5,6,8],[1,5,6,9],[1,5,7,8],[1,5,7,9],[1,5,8,9],[1,6,7,8],[1,6,7,9],[1,6,8,9],[1,7,8,9],[2,3,4,5],[2,3,4,6],[2,3,4,7],[2,3,4,8],[2,3,4,9],[2,3,5,6],[2,3,5,7],[2,3,5,8],[2,3,5,9],[2,3,6,7],[2,3,6,8],[2,3,6,9],[2,3,7,8],[2,3,7,9],[2,3,8,9],[2,4,5,6],[2,4,5,7],[2,4,5,8],[2,4,5,9],[2,4,6,7],[2,4,6,8],[2,4,6,9],[2,4,7,8],[2,4,7,9],[2,4,8,9],[2,5,6,7],[2,5,6,8],[2,5,6,9],[2,5,7,8],[2,5,7,9],[2,5,8,9],[2,6,7,8],[2,6,7,9],[2,6,8,9],[2,7,8,9],[3,4,5,6],[3,4,5,7],[3,4,5,8],[3,4,5,9],[3,4,6,7],[3,4,6,8],[3,4,6,9],[3,4,7,8],[3,4,7,9],[3,4,8,9],[3,5,6,7],[3,5,6,8],[3,5,6,9],[3,5,7,8],[3,5,7,9],[3,5,8,9],[3,6,7,8],[3,6,7,9],[3,6,8,9],[3,7,8,9],[4,5,6,7],[4,5,6,8],[4,5,6,9],[4,5,7,8],[4,5,7,9],[4,5,8,9],[4,6,7,8],[4,6,7,9],[4,6,8,9],[4,7,8,9],[5,6,7,8],[5,6,7,9],[5,6,8,9],[5,7,8,9],[6,7,8,9]]]&gt; but was:&lt;[[]]&gt;" type="org.junit.ComparisonFailure">org.junit.ComparisonFailure: expected:&lt;[[[1,2,3,4],[1,2,3,5],[1,2,3,6],[1,2,3,7],[1,2,3,8],[1,2,3,9],[1,2,4,5],[1,2,4,6],[1,2,4,7],[1,2,4,8],[1,2,4,9],[1,2,5,6],[1,2,5,7],[1,2,5,8],[1,2,5,9],[1,2,6,7],[1,2,6,8],[1,2,6,9],[1,2,7,8],[1,2,7,9],[1,2,8,9],[1,3,4,5],[1,3,4,6],[1,3,4,7],[1,3,4,8],[1,3,4,9],[1,3,5,6],[1,3,5,7],[1,3,5,8],[1,3,5,9],[1,3,6,7],[1,3,6,8],[1,3,6,9],[1,3,7,8],[1,3,7,9],[1,3,8,9],[1,4,5,6],[1,4,5,7],[1,4,5,8],[1,4,5,9],[1,4,6,7],[1,4,6,8],[1,4,6,9],[1,4,7,8],[1,4,7,9],[1,4,8,9],[1,5,6,7],[1,5,6,8],[1,5,6,9],[1,5,7,8],[1,5,7,9],[1,5,8,9],[1,6,7,8],[1,6,7,9],[1,6,8,9],[1,7,8,9],[2,3,4,5],[2,3,4,6],[2,3,4,7],[2,3,4,8],[2,3,4,9],[2,3,5,6],[2,3,5,7],[2,3,5,8],[2,3,5,9],[2,3,6,7],[2,3,6,8],[2,3,6,9],[2,3,7,8],[2,3,7,9],[2,3,8,9],[2,4,5,6],[2,4,5,7],[2,4,5,8],[2,4,5,9],[2,4,6,7],[2,4,6,8],[2,4,6,9],[2,4,7,8],[2,4,7,9],[2,4,8,9],[2,5,6,7],[2,5,6,8],[2,5,6,9],[2,5,7,8],[2,5,7,9],[2,5,8,9],[2,6,7,8],[2,6,7,9],[2,6,8,9],[2,7,8,9],[3,4,5,6],[3,4,5,7],[3,4,5,8],[3,4,5,9],[3,4,6,7],[3,4,6,8],[3,4,6,9],[3,4,7,8],[3,4,7,9],[3,4,8,9],[3,5,6,7],[3,5,6,8],[3,5,6,9],[3,5,7,8],[3,5,7,9],[3,5,8,9],[3,6,7,8],[3,6,7,9],[3,6,8,9],[3,7,8,9],[4,5,6,7],[4,5,6,8],[4,5,6,9],[4,5,7,8],[4,5,7,9],[4,5,8,9],[4,6,7,8],[4,6,7,9],[4,6,8,9],[4,7,8,9],[5,6,7,8],[5,6,7,9],[5,6,8,9],[5,7,8,9],[6,7,8,9]]]&gt; but was:&lt;[[]]&gt;
	at org.junit.Assert.assertEquals(Assert.java:115)
	at org.junit.Assert.assertEquals(Assert.java:144)
	at java_testcases.junit.SUBSEQUENCES_TEST.test_7(SUBSEQUENCES_TEST.java:58)
	at sun.reflect.NativeMethodAccessorImpl.invoke0(Native Method)
	at sun.reflect.NativeMethodAccessorImpl.invoke(NativeMethodAccessorImpl.java:62)
	at sun.reflect.DelegatingMethodAccessorImpl.invoke(DelegatingMethodAccessorImpl.java:43)
	at java.lang.reflect.Method.invoke(Method.java:498)
	at org.junit.runners.model.FrameworkMethod$1.runReflectiveCall(FrameworkMethod.java:50)
	at org.junit.internal.runners.model.ReflectiveCallable.run(ReflectiveCallable.java:12)
	at org.junit.runners.model.FrameworkMethod.invokeExplosively(FrameworkMethod.java:47)
	at org.junit.internal.runners.statements.InvokeMethod.evaluate(InvokeMethod.java:17)
	at org.junit.internal.runners.statements.FailOnTimeout$CallableStatement.call(FailOnTimeout.java:298)
	at org.junit.internal.runners.statements.FailOnTimeout$CallableStatement.call(FailOnTimeout.java:292)
	at java.util.concurrent.FutureTask.run(FutureTask.java:266)
	at java.lang.Thread.run(Thread.java:750)
</failure>
  </testcase>
  <testcase name="test_8" classname="java_testcases.junit.SUBSEQUENCES_TEST" time="0.0">
    <failure message="org.junit.ComparisonFailure: expected:&lt;[[[1],[2],[3],[4],[5],[6],[7],[8],[9]]]&gt; but was:&lt;[[]]&gt;" type="org.junit.ComparisonFailure">org.junit.ComparisonFailure: expected:&lt;[[[1],[2],[3],[4],[5],[6],[7],[8],[9]]]&gt; but was:&lt;[[]]&gt;
	at org.junit.Assert.assertEquals(Assert.java:115)
	at org.junit.Assert.assertEquals(Assert.java:144)
	at java_testcases.junit.SUBSEQUENCES_TEST.test_8(SUBSEQUENCES_TEST.java:65)
	at sun.reflect.NativeMethodAccessorImpl.invoke0(Native Method)
	at sun.reflect.NativeMethodAccessorImpl.invoke(NativeMethodAccessorImpl.java:62)
	at sun.reflect.DelegatingMethodAccessorImpl.invoke(DelegatingMethodAccessorImpl.java:43)
	at java.lang.reflect.Method.invoke(Method.java:498)
	at org.junit.runners.model.FrameworkMethod$1.runReflectiveCall(FrameworkMethod.java:50)
	at org.junit.internal.runners.model.ReflectiveCallable.run(ReflectiveCallable.java:12)
	at org.junit.runners.model.FrameworkMethod.invokeExplosively(FrameworkMethod.java:47)
	at org.junit.internal.runners.statements.InvokeMethod.evaluate(InvokeMethod.java:17)
	at org.junit.internal.runners.statements.FailOnTimeout$CallableStatement.call(FailOnTimeout.java:298)
	at org.junit.internal.runners.statements.FailOnTimeout$CallableStatement.call(FailOnTimeout.java:292)
	at java.util.concurrent.FutureTask.run(FutureTask.java:266)
	at java.lang.Thread.run(Thread.java:750)
</failure>
  </testcase>
  <testcase name="test_9" classname="java_testcases.junit.SUBSEQUENCES_TEST" time="0.0">
    <failure message="org.junit.ComparisonFailure: expected:&lt;[[[5,6,7,8,9,10,11],[5,6,7,8,9,10,12],[5,6,7,8,9,11,12],[5,6,7,8,10,11,12],[5,6,7,9,10,11,12],[5,6,8,9,10,11,12],[5,7,8,9,10,11,12],[6,7,8,9,10,11,12]]]&gt; but was:&lt;[[]]&gt;" type="org.junit.ComparisonFailure">org.junit.ComparisonFailure: expected:&lt;[[[5,6,7,8,9,10,11],[5,6,7,8,9,10,12],[5,6,7,8,9,11,12],[5,6,7,8,10,11,12],[5,6,7,9,10,11,12],[5,6,8,9,10,11,12],[5,7,8,9,10,11,12],[6,7,8,9,10,11,12]]]&gt; but was:&lt;[[]]&gt;
	at org.junit.Assert.assertEquals(Assert.java:115)
	at org.junit.Assert.assertEquals(Assert.java:144)
	at java_testcases.junit.SUBSEQUENCES_TEST.test_9(SUBSEQUENCES_TEST.java:72)
	at sun.reflect.NativeMethodAccessorImpl.invoke0(Native Method)
	at sun.reflect.NativeMethodAccessorImpl.invoke(NativeMethodAccessorImpl.java:62)
	at sun.reflect.DelegatingMethodAccessorImpl.invoke(DelegatingMethodAccessorImpl.java:43)
	at java.lang.reflect.Method.invoke(Method.java:498)
	at org.junit.runners.model.FrameworkMethod$1.runReflectiveCall(FrameworkMethod.java:50)
	at org.junit.internal.runners.model.ReflectiveCallable.run(ReflectiveCallable.java:12)
	at org.junit.runners.model.FrameworkMethod.invokeExplosively(FrameworkMethod.java:47)
	at org.junit.internal.runners.statements.InvokeMethod.evaluate(InvokeMethod.java:17)
	at org.junit.internal.runners.statements.FailOnTimeout$CallableStatement.call(FailOnTimeout.java:298)
	at org.junit.internal.runners.statements.FailOnTimeout$CallableStatement.call(FailOnTimeout.java:292)
	at java.util.concurrent.FutureTask.run(FutureTask.java:266)
	at java.lang.Thread.run(Thread.java:750)
</failure>
  </testcase>
  <system-out><![CDATA[]]></system-out>
  <system-err><![CDATA[]]></system-err>
</testsuite>
