<!DOCTYPE html>
<html xmlns="http://www.w3.org/1999/xhtml" xml:lang="en" lang="en">
<head>
    <meta http-equiv="Content-Type" content="text/html; charset=UTF-8"/>

    
    
    <link rel="SHORTCUT ICON" href="../../../img/clover.ico" />

    <link rel="stylesheet" href="../../../aui/css/aui.min.css" media="all"/>
    <link rel="stylesheet" href="../../../aui/css/aui-experimental.min.css" media="all"/>
    <!--[if IE 9]><link rel="stylesheet" href="../../../aui/css/aui-ie9.min.css" media="all"/><![endif]-->

    <style type="text/css" media="all">
        @import url('../../../style.css');
        @import url('../../../tree.css');
        
    </style>

    <script src="../../../jquery-1.8.3.min.js" type="text/javascript"></script>
    <script src="../../../aui/js/aui.min.js" type="text/javascript"></script>
    <script src="../../../aui/js/aui-experimental.min.js" type="text/javascript"></script>
    <script src="../../../aui/js/aui-soy.min.js" type="text/javascript"></script>

    <script src="../../../package-nodes-tree.js" type="text/javascript"></script>
    <script src="../../../clover-tree.js" type="text/javascript"></script>
    <script src="../../../clover.js" type="text/javascript"></script>
    <script src="../../../clover-descriptions.js" type="text/javascript"></script>
    <script src="../../../cloud.js" type="text/javascript"></script>

            <title>Byte Buddy (with dependencies) 1.4.6-SNAPSHOT</title>
    </head>

<body>
    <div id="page">
        
        


<header id="header" role="banner">
    <nav class="aui-header aui-dropdown2-trigger-group" role="navigation">
        <div class="aui-header-inner">
            <div class="aui-header-primary">
                <h1 id="logo" class="aui-header-logo aui-header-logo-clover">
                    <a href="https://openclover.org" title="Visit OpenClover home page"><span class="aui-header-logo-device">OpenClover</span></a>
                </h1>
                            </div>
            <div class="aui-header-secondary">
                <ul class="aui-nav">
                    <li id="system-help-menu">
                        <a class="aui-nav-link" title="Open online documentation" target="_blank"
                           href="https://openclover.org/documentation">
                            <span class="aui-icon aui-icon-small aui-iconfont-help">&#160;Help</span>
                        </a>
                    </li>
                </ul>
            </div>
        </div>
    </nav>
</header>
        
        <div class="aui-page-panel">
            <div class="aui-page-panel-inner">
                <div class="aui-page-panel-nav aui-page-panel-nav-clover">
                    

<div class="aui-page-header-inner" style="margin-bottom: 20px;">
    <div class="aui-page-header-image">
                    <a href="http://bytebuddy.net/byte-buddy-dep" target="_top">
                <div class="aui-avatar aui-avatar-large aui-avatar-project">
            <div class="aui-avatar-inner">
                                    <img src="../../../img/clover_logo_large.png" alt="Clover icon"/>
                            </div>
        </div>
                    </a>
            </div>
    <div class="aui-page-header-main" >
        <h1>
                            <a href="http://bytebuddy.net/byte-buddy-dep" target="_top">
                                        Byte Buddy (with dependencies) 1.4.6-SNAPSHOT
                                        </a>
                    </h1>
    </div>
</div>

<nav class="aui-navgroup aui-navgroup-vertical">
    <div class="aui-navgroup-inner">
                                            <ul class="aui-nav">
                <li class="">
                    <a href="../../../dashboard.html">Project overview</a>
                </li>
            </ul>
        
                <div class="aui-nav-heading packages-nav-heading">
            <strong>Packages</strong>
        </div>
        <div class="aui-nav project-packages">
            <form method="get" action="#" class="aui package-filter-container">
                <input type="text" autocomplete="off" class="package-filter text"
                       placeholder="Type to filter packages..." name="package-filter" id="package-filter"
                       title="Start typing package name (or part of the name) to search through the tree. Use arrow keys and the Enter key to navigate."/>
            </form>
            <p class="package-filter-no-results-message hidden">
                <small>No results found.</small>
            </p>
                                                <div class="packages-tree-wrapper" data-root-relative="../../../" data-package-name="net.bytebuddy.asm">
                <div class="packages-tree-container"></div>
                <div class="clover-packages-lozenges"></div>
            </div>
        </div>
        
            </div>
</nav>                </div>
                <section class="aui-page-panel-content">
                    <div class="aui-page-panel-content-clover">

                    
                    <div class="aui-page-header-main"><ol class="aui-nav aui-nav-breadcrumbs">
    
    <li><a href="../../../dashboard.html"> Project Clover database Sat Apr 27 2024 21:29:13 CDT</a></li>
     <li><a href="test-pkg-summary.html">Package net.bytebuddy.asm</a></li>
</ol></div>
    
<h1 class="aui-h2-clover">
            
        Class AdviceTypeTest
    </h1>


 
<div class="aui-tabs horizontal-tabs" id="tabs-file">
    <ul class="tabs-menu">
        <li class="menu-item">
            <a href="AdviceTypeTest.html"><strong>Source file</strong></a>
        </li>
        <li class="menu-item active-tab">
            <a href="#tabs-file-test-results"><strong>Test results</strong></a>
        </li>
    </ul>
    <div class="tabs-pane aui-tabs-pane-100-pcnt active-pane" id="tabs-file-test-results">
        <div>&#160;</div>




<table id="testClassSummaryTable" class="aui">
<thead>
    <tr>
        <th width="40%"><label>Class</label></th>
        <th width="10%"><label title="Total number of tests (or test iterations) executed.">Tests</label></th>
        <th width="10%"><label title="Number of failed tests">Fail</label></th>
        <th width="10%"><label title="Number of test errors">Error</label></th>
        <th width="10%">
            <label title="The total time in seconds taken to run this set of tests.">Time (secs)</label>
        </th>
        <th width="20%"><label>% Tests Success</label></th>
    </tr>
</thead>
<tbody>
    <tr>
        <td>AdviceTypeTest</td>
        <td class="testPasses"><span class="sortValue">40</span>40</td>
<td class="testFailures"><span class="sortValue">40</span>40</td>
<td class=""><span class="sortValue">0</span>0</td>
        <td>1.543</td>
        <td class="align-middle">
            

<div style="display: table; width: 100%">
            <div class="barGraphValue"><span class="sortValue">0.0</span>0%</div>         <div style="display: table-cell">
            
            <div title="0% Errors" style="min-width: 40px;" class="testBarError">
                <div title="0% of tests passed&lt;br/&gt;100% of tests failed" class="testBarFail" style="width: 100%"><div class="testBarPass" style="width: 0%"></div></div>
            </div>
        </div>
    </div>        </td>
    </tr>
</tbody>
</table>

<div>&#160;</div>

<table id="testClassTestsTable" class="aui aui-table-sortable">
<thead>
    <tr>
        <th width="40%">
            <label title="Tests (or test iterations) which were executed.">Tests</label>
        </th>
        <th width="10%"><label>Started</label></th>
        <th width="10%"><label>Status</label></th>
        <th width="10%">
            <label title="The total time in seconds taken to run this set of tests.">Time (secs)</label>
        </th>
        <th width="30%"><label>Message</label></th>
    </tr>
</thead>
<tbody>


<tr>
    <td><span class="sortValue">AdviceTypeTest.testAdviceWithException</span><a href="AdviceTypeTest_testAdviceWithException_8y.html">AdviceTypeTest.testAdviceWithException</a></td>
    <td style="whitespace:nowrap;"><span class="sortValue">1714271471764</span>27 Apr 21:31:11</td>
    <td>      <span class="sortValue">3</span><span class="aui-lozenge aui-lozenge-error">FAIL</span>
  </td>
    <td><span class="sortValue">0.026</span>0.026</td>
    <td style="width:50%">
    <span class="sortValue">
Expected:&#160;an&#160;instance&#160;of&#160;java.lang.RuntimeException
&#160;&#160;&#160;&#160;&#160;but:&#160;&lt;java.lang.NoClassDefFoundError:&#160;net/bytebuddy/asm/AdviceTypeTest$__CLR4_5_2o49o49lviwwlhn&gt;&#160;is&#160;a&#160;java.lang.NoClassDefFoundError</span>
        <span class="expand" id="togglebut1" onclick="toggleNodeExpansion('togglebut1', 'msgc1', 'msge1');return false;">&#160;</span>
        <div class="errorMessage" id="msgc1">
Expected:&#160;an&#160;instance&#160;of&#160;java.lang.RuntimeException
&#160;&#160;&#160;&#160;&#160;but:&#160;&lt;java.lang.NoClassDefFoundError:&#160;net/bytebuddy/asm/AdviceTypeTest$__CLR4_5_2o49o49lviwwlhn&gt;&#160;is&#160;a&#160;java.lang.NoClassDefFoundError</div>
        <div class="errorMessage" id="msge1" style="display:none;"> <div>java.lang.AssertionError: </div><div>Expected: an instance of java.lang.RuntimeException</div><div>     but: &lt;java.lang.NoClassDefFoundError: net/bytebuddy/asm/AdviceTypeTest$__CLR4_5_2o49o49lviwwlhn&gt; is a java.lang.NoClassDefFoundError</div><div> at org.hamcrest.MatcherAssert.assertThat(MatcherAssert.java:20)</div><div> at org.hamcrest.MatcherAssert.assertThat(MatcherAssert.java:8)</div><div>	at <a href="../../../net/bytebuddy/asm/AdviceTypeTest.html?line=106#src-106">net.bytebuddy.asm.AdviceTypeTest.testAdviceWithException(AdviceTypeTest.java:106)</a></div><div> at org.junit.runners.model.FrameworkMethod$1.runReflectiveCall(FrameworkMethod.java:50)</div><div> at org.junit.internal.runners.model.ReflectiveCallable.run(ReflectiveCallable.java:12)</div><div> at org.junit.runners.model.FrameworkMethod.invokeExplosively(FrameworkMethod.java:47)</div><div> at org.junit.internal.runners.statements.InvokeMethod.evaluate(InvokeMethod.java:17)</div><div> at org.junit.runners.ParentRunner.runLeaf(ParentRunner.java:325)</div><div> at org.junit.runners.BlockJUnit4ClassRunner.runChild(BlockJUnit4ClassRunner.java:78)</div><div> at org.junit.runners.BlockJUnit4ClassRunner.runChild(BlockJUnit4ClassRunner.java:57)</div><div> at org.junit.runners.ParentRunner$3.run(ParentRunner.java:290)</div><div> at org.junit.runners.ParentRunner$1.schedule(ParentRunner.java:71)</div><div> at org.junit.runners.ParentRunner.runChildren(ParentRunner.java:288)</div><div> at org.junit.runners.ParentRunner.access$000(ParentRunner.java:58)</div><div> at org.junit.runners.ParentRunner$2.evaluate(ParentRunner.java:268)</div><div> at org.junit.runners.ParentRunner.run(ParentRunner.java:363)</div><div> at org.junit.runners.Suite.runChild(Suite.java:128)</div><div> at org.junit.runners.Suite.runChild(Suite.java:27)</div><div> at org.junit.runners.ParentRunner$3.run(ParentRunner.java:290)</div><div> at org.junit.runners.ParentRunner$1.schedule(ParentRunner.java:71)</div><div> at org.junit.runners.ParentRunner.runChildren(ParentRunner.java:288)</div><div> at org.junit.runners.ParentRunner.access$000(ParentRunner.java:58)</div><div> at org.junit.runners.ParentRunner$2.evaluate(ParentRunner.java:268)</div><div> at org.junit.runners.ParentRunner.run(ParentRunner.java:363)</div><div> at org.apache.maven.surefire.junit4.JUnit4Provider.execute(JUnit4Provider.java:367)</div><div> at org.apache.maven.surefire.junit4.JUnit4Provider.executeWithRerun(JUnit4Provider.java:274)</div><div> at org.apache.maven.surefire.junit4.JUnit4Provider.executeTestSet(JUnit4Provider.java:238)</div><div> at org.apache.maven.surefire.junit4.JUnit4Provider.invoke(JUnit4Provider.java:161)</div><div> at org.apache.maven.surefire.booter.ForkedBooter.invokeProviderInSameClassLoader(ForkedBooter.java:290)</div><div> at org.apache.maven.surefire.booter.ForkedBooter.runSuitesInProcess(ForkedBooter.java:242)</div><div> at org.apache.maven.surefire.booter.ForkedBooter.main(ForkedBooter.java:121)</div></div>
        </td>
</tr>
<tr>
    <td><span class="sortValue">AdviceTypeTest.testAdvice</span><a href="AdviceTypeTest_testAdvice_3ht.html">AdviceTypeTest.testAdvice</a></td>
    <td style="whitespace:nowrap;"><span class="sortValue">1714271471791</span>27 Apr 21:31:11</td>
    <td>      <span class="sortValue">3</span><span class="aui-lozenge aui-lozenge-error">FAIL</span>
  </td>
    <td><span class="sortValue">0.023</span>0.023</td>
    <td style="width:50%">
    <span class="sortValue"></span>
        <span class="expand" id="togglebut2" onclick="toggleNodeExpansion('togglebut2', 'msgc2', 'msge2');return false;">&#160;</span>
        <div class="errorMessage" id="msgc2"></div>
        <div class="errorMessage" id="msge2" style="display:none;"> <div>java.lang.reflect.InvocationTargetException</div><div>	at <a href="../../../net/bytebuddy/asm/AdviceTypeTest.html?line=85#src-85">net.bytebuddy.asm.AdviceTypeTest.testAdvice(AdviceTypeTest.java:85)</a></div><div> at org.junit.runners.model.FrameworkMethod$1.runReflectiveCall(FrameworkMethod.java:50)</div><div> at org.junit.internal.runners.model.ReflectiveCallable.run(ReflectiveCallable.java:12)</div><div> at org.junit.runners.model.FrameworkMethod.invokeExplosively(FrameworkMethod.java:47)</div><div> at org.junit.internal.runners.statements.InvokeMethod.evaluate(InvokeMethod.java:17)</div><div> at org.junit.runners.ParentRunner.runLeaf(ParentRunner.java:325)</div><div> at org.junit.runners.BlockJUnit4ClassRunner.runChild(BlockJUnit4ClassRunner.java:78)</div><div> at org.junit.runners.BlockJUnit4ClassRunner.runChild(BlockJUnit4ClassRunner.java:57)</div><div> at org.junit.runners.ParentRunner$3.run(ParentRunner.java:290)</div><div> at org.junit.runners.ParentRunner$1.schedule(ParentRunner.java:71)</div><div> at org.junit.runners.ParentRunner.runChildren(ParentRunner.java:288)</div><div> at org.junit.runners.ParentRunner.access$000(ParentRunner.java:58)</div><div> at org.junit.runners.ParentRunner$2.evaluate(ParentRunner.java:268)</div><div> at org.junit.runners.ParentRunner.run(ParentRunner.java:363)</div><div> at org.junit.runners.Suite.runChild(Suite.java:128)</div><div> at org.junit.runners.Suite.runChild(Suite.java:27)</div><div> at org.junit.runners.ParentRunner$3.run(ParentRunner.java:290)</div><div> at org.junit.runners.ParentRunner$1.schedule(ParentRunner.java:71)</div><div> at org.junit.runners.ParentRunner.runChildren(ParentRunner.java:288)</div><div> at org.junit.runners.ParentRunner.access$000(ParentRunner.java:58)</div><div> at org.junit.runners.ParentRunner$2.evaluate(ParentRunner.java:268)</div><div> at org.junit.runners.ParentRunner.run(ParentRunner.java:363)</div><div> at org.apache.maven.surefire.junit4.JUnit4Provider.execute(JUnit4Provider.java:367)</div><div> at org.apache.maven.surefire.junit4.JUnit4Provider.executeWithRerun(JUnit4Provider.java:274)</div><div> at org.apache.maven.surefire.junit4.JUnit4Provider.executeTestSet(JUnit4Provider.java:238)</div><div> at org.apache.maven.surefire.junit4.JUnit4Provider.invoke(JUnit4Provider.java:161)</div><div> at org.apache.maven.surefire.booter.ForkedBooter.invokeProviderInSameClassLoader(ForkedBooter.java:290)</div><div> at org.apache.maven.surefire.booter.ForkedBooter.runSuitesInProcess(ForkedBooter.java:242)</div><div> at org.apache.maven.surefire.booter.ForkedBooter.main(ForkedBooter.java:121)</div><div>Caused by: java.lang.NoClassDefFoundError: net/bytebuddy/asm/AdviceTypeTest$__CLR4_5_2o49o49lviwwlhn</div><div> at net.bytebuddy.asm.AdviceTypeTest$CharacterInlineAdvice.foo(AdviceTypeTest.java)</div><div> ... 38 more</div></div>
        </td>
</tr>
<tr>
    <td><span class="sortValue">AdviceTypeTest.testAdviceWithException</span><a href="AdviceTypeTest_testAdviceWithException_2a0.html">AdviceTypeTest.testAdviceWithException</a></td>
    <td style="whitespace:nowrap;"><span class="sortValue">1714271472262</span>27 Apr 21:31:12</td>
    <td>      <span class="sortValue">3</span><span class="aui-lozenge aui-lozenge-error">FAIL</span>
  </td>
    <td><span class="sortValue">0.09</span>0.09</td>
    <td style="width:50%">
    <span class="sortValue">
Expected:&#160;an&#160;instance&#160;of&#160;java.lang.RuntimeException
&#160;&#160;&#160;&#160;&#160;but:&#160;&lt;java.lang.NoClassDefFoundError:&#160;net/bytebuddy/asm/AdviceTypeTest$__CLR4_5_2o49o49lviwwlhn&gt;&#160;is&#160;a&#160;java.lang.NoClassDefFoundError</span>
        <span class="expand" id="togglebut3" onclick="toggleNodeExpansion('togglebut3', 'msgc3', 'msge3');return false;">&#160;</span>
        <div class="errorMessage" id="msgc3">
Expected:&#160;an&#160;instance&#160;of&#160;java.lang.RuntimeException
&#160;&#160;&#160;&#160;&#160;but:&#160;&lt;java.lang.NoClassDefFoundError:&#160;net/bytebuddy/asm/AdviceTypeTest$__CLR4_5_2o49o49lviwwlhn&gt;&#160;is&#160;a&#160;java.lang.NoClassDefFoundError</div>
        <div class="errorMessage" id="msge3" style="display:none;"> <div>java.lang.AssertionError: </div><div>Expected: an instance of java.lang.RuntimeException</div><div>     but: &lt;java.lang.NoClassDefFoundError: net/bytebuddy/asm/AdviceTypeTest$__CLR4_5_2o49o49lviwwlhn&gt; is a java.lang.NoClassDefFoundError</div><div> at org.hamcrest.MatcherAssert.assertThat(MatcherAssert.java:20)</div><div> at org.hamcrest.MatcherAssert.assertThat(MatcherAssert.java:8)</div><div>	at <a href="../../../net/bytebuddy/asm/AdviceTypeTest.html?line=106#src-106">net.bytebuddy.asm.AdviceTypeTest.testAdviceWithException(AdviceTypeTest.java:106)</a></div><div> at sun.reflect.GeneratedMethodAccessor42.invoke(Unknown Source)</div><div> at org.junit.runners.model.FrameworkMethod$1.runReflectiveCall(FrameworkMethod.java:50)</div><div> at org.junit.internal.runners.model.ReflectiveCallable.run(ReflectiveCallable.java:12)</div><div> at org.junit.runners.model.FrameworkMethod.invokeExplosively(FrameworkMethod.java:47)</div><div> at org.junit.internal.runners.statements.InvokeMethod.evaluate(InvokeMethod.java:17)</div><div> at org.junit.runners.ParentRunner.runLeaf(ParentRunner.java:325)</div><div> at org.junit.runners.BlockJUnit4ClassRunner.runChild(BlockJUnit4ClassRunner.java:78)</div><div> at org.junit.runners.BlockJUnit4ClassRunner.runChild(BlockJUnit4ClassRunner.java:57)</div><div> at org.junit.runners.ParentRunner$3.run(ParentRunner.java:290)</div><div> at org.junit.runners.ParentRunner$1.schedule(ParentRunner.java:71)</div><div> at org.junit.runners.ParentRunner.runChildren(ParentRunner.java:288)</div><div> at org.junit.runners.ParentRunner.access$000(ParentRunner.java:58)</div><div> at org.junit.runners.ParentRunner$2.evaluate(ParentRunner.java:268)</div><div> at org.junit.runners.ParentRunner.run(ParentRunner.java:363)</div><div> at org.junit.runners.Suite.runChild(Suite.java:128)</div><div> at org.junit.runners.Suite.runChild(Suite.java:27)</div><div> at org.junit.runners.ParentRunner$3.run(ParentRunner.java:290)</div><div> at org.junit.runners.ParentRunner$1.schedule(ParentRunner.java:71)</div><div> at org.junit.runners.ParentRunner.runChildren(ParentRunner.java:288)</div><div> at org.junit.runners.ParentRunner.access$000(ParentRunner.java:58)</div><div> at org.junit.runners.ParentRunner$2.evaluate(ParentRunner.java:268)</div><div> at org.junit.runners.ParentRunner.run(ParentRunner.java:363)</div><div> at org.apache.maven.surefire.junit4.JUnit4Provider.execute(JUnit4Provider.java:367)</div><div> at org.apache.maven.surefire.junit4.JUnit4Provider.executeWithRerun(JUnit4Provider.java:274)</div><div> at org.apache.maven.surefire.junit4.JUnit4Provider.executeTestSet(JUnit4Provider.java:238)</div><div> at org.apache.maven.surefire.junit4.JUnit4Provider.invoke(JUnit4Provider.java:161)</div><div> at org.apache.maven.surefire.booter.ForkedBooter.invokeProviderInSameClassLoader(ForkedBooter.java:290)</div><div> at org.apache.maven.surefire.booter.ForkedBooter.runSuitesInProcess(ForkedBooter.java:242)</div><div> at org.apache.maven.surefire.booter.ForkedBooter.main(ForkedBooter.java:121)</div></div>
        </td>
</tr>
<tr>
    <td><span class="sortValue">AdviceTypeTest.testAdvice</span><a href="AdviceTypeTest_testAdvice_1ns.html">AdviceTypeTest.testAdvice</a></td>
    <td style="whitespace:nowrap;"><span class="sortValue">1714271471974</span>27 Apr 21:31:11</td>
    <td>      <span class="sortValue">3</span><span class="aui-lozenge aui-lozenge-error">FAIL</span>
  </td>
    <td><span class="sortValue">0.019</span>0.019</td>
    <td style="width:50%">
    <span class="sortValue"></span>
        <span class="expand" id="togglebut4" onclick="toggleNodeExpansion('togglebut4', 'msgc4', 'msge4');return false;">&#160;</span>
        <div class="errorMessage" id="msgc4"></div>
        <div class="errorMessage" id="msge4" style="display:none;"> <div>java.lang.reflect.InvocationTargetException</div><div>	at <a href="../../../net/bytebuddy/asm/AdviceTypeTest.html?line=85#src-85">net.bytebuddy.asm.AdviceTypeTest.testAdvice(AdviceTypeTest.java:85)</a></div><div> at org.junit.runners.model.FrameworkMethod$1.runReflectiveCall(FrameworkMethod.java:50)</div><div> at org.junit.internal.runners.model.ReflectiveCallable.run(ReflectiveCallable.java:12)</div><div> at org.junit.runners.model.FrameworkMethod.invokeExplosively(FrameworkMethod.java:47)</div><div> at org.junit.internal.runners.statements.InvokeMethod.evaluate(InvokeMethod.java:17)</div><div> at org.junit.runners.ParentRunner.runLeaf(ParentRunner.java:325)</div><div> at org.junit.runners.BlockJUnit4ClassRunner.runChild(BlockJUnit4ClassRunner.java:78)</div><div> at org.junit.runners.BlockJUnit4ClassRunner.runChild(BlockJUnit4ClassRunner.java:57)</div><div> at org.junit.runners.ParentRunner$3.run(ParentRunner.java:290)</div><div> at org.junit.runners.ParentRunner$1.schedule(ParentRunner.java:71)</div><div> at org.junit.runners.ParentRunner.runChildren(ParentRunner.java:288)</div><div> at org.junit.runners.ParentRunner.access$000(ParentRunner.java:58)</div><div> at org.junit.runners.ParentRunner$2.evaluate(ParentRunner.java:268)</div><div> at org.junit.runners.ParentRunner.run(ParentRunner.java:363)</div><div> at org.junit.runners.Suite.runChild(Suite.java:128)</div><div> at org.junit.runners.Suite.runChild(Suite.java:27)</div><div> at org.junit.runners.ParentRunner$3.run(ParentRunner.java:290)</div><div> at org.junit.runners.ParentRunner$1.schedule(ParentRunner.java:71)</div><div> at org.junit.runners.ParentRunner.runChildren(ParentRunner.java:288)</div><div> at org.junit.runners.ParentRunner.access$000(ParentRunner.java:58)</div><div> at org.junit.runners.ParentRunner$2.evaluate(ParentRunner.java:268)</div><div> at org.junit.runners.ParentRunner.run(ParentRunner.java:363)</div><div> at org.apache.maven.surefire.junit4.JUnit4Provider.execute(JUnit4Provider.java:367)</div><div> at org.apache.maven.surefire.junit4.JUnit4Provider.executeWithRerun(JUnit4Provider.java:274)</div><div> at org.apache.maven.surefire.junit4.JUnit4Provider.executeTestSet(JUnit4Provider.java:238)</div><div> at org.apache.maven.surefire.junit4.JUnit4Provider.invoke(JUnit4Provider.java:161)</div><div> at org.apache.maven.surefire.booter.ForkedBooter.invokeProviderInSameClassLoader(ForkedBooter.java:290)</div><div> at org.apache.maven.surefire.booter.ForkedBooter.runSuitesInProcess(ForkedBooter.java:242)</div><div> at org.apache.maven.surefire.booter.ForkedBooter.main(ForkedBooter.java:121)</div><div>Caused by: java.lang.NoClassDefFoundError: net/bytebuddy/asm/AdviceTypeTest$__CLR4_5_2o49o49lviwwlhn</div><div>	at <a href="../../../net/bytebuddy/asm/AdviceTypeTest.html?line=1049#src-1049">net.bytebuddy.asm.AdviceTypeTest$IntegerDelegationAdvice.enter(AdviceTypeTest.java:1049)</a></div><div> at net.bytebuddy.asm.AdviceTypeTest$IntegerDelegationAdvice.foo(AdviceTypeTest.java)</div><div> ... 38 more</div></div>
        </td>
</tr>
<tr>
    <td><span class="sortValue">AdviceTypeTest.testAdviceWithException</span><a href="AdviceTypeTest_testAdviceWithException_12m.html">AdviceTypeTest.testAdviceWithException</a></td>
    <td style="whitespace:nowrap;"><span class="sortValue">1714271471867</span>27 Apr 21:31:11</td>
    <td>      <span class="sortValue">3</span><span class="aui-lozenge aui-lozenge-error">FAIL</span>
  </td>
    <td><span class="sortValue">0.037</span>0.037</td>
    <td style="width:50%">
    <span class="sortValue">
Expected:&#160;an&#160;instance&#160;of&#160;java.lang.RuntimeException
&#160;&#160;&#160;&#160;&#160;but:&#160;&lt;java.lang.NoClassDefFoundError:&#160;net/bytebuddy/asm/AdviceTypeTest$__CLR4_5_2o49o49lviwwlhn&gt;&#160;is&#160;a&#160;java.lang.NoClassDefFoundError</span>
        <span class="expand" id="togglebut5" onclick="toggleNodeExpansion('togglebut5', 'msgc5', 'msge5');return false;">&#160;</span>
        <div class="errorMessage" id="msgc5">
Expected:&#160;an&#160;instance&#160;of&#160;java.lang.RuntimeException
&#160;&#160;&#160;&#160;&#160;but:&#160;&lt;java.lang.NoClassDefFoundError:&#160;net/bytebuddy/asm/AdviceTypeTest$__CLR4_5_2o49o49lviwwlhn&gt;&#160;is&#160;a&#160;java.lang.NoClassDefFoundError</div>
        <div class="errorMessage" id="msge5" style="display:none;"> <div>java.lang.AssertionError: </div><div>Expected: an instance of java.lang.RuntimeException</div><div>     but: &lt;java.lang.NoClassDefFoundError: net/bytebuddy/asm/AdviceTypeTest$__CLR4_5_2o49o49lviwwlhn&gt; is a java.lang.NoClassDefFoundError</div><div> at org.hamcrest.MatcherAssert.assertThat(MatcherAssert.java:20)</div><div> at org.hamcrest.MatcherAssert.assertThat(MatcherAssert.java:8)</div><div>	at <a href="../../../net/bytebuddy/asm/AdviceTypeTest.html?line=106#src-106">net.bytebuddy.asm.AdviceTypeTest.testAdviceWithException(AdviceTypeTest.java:106)</a></div><div> at org.junit.runners.model.FrameworkMethod$1.runReflectiveCall(FrameworkMethod.java:50)</div><div> at org.junit.internal.runners.model.ReflectiveCallable.run(ReflectiveCallable.java:12)</div><div> at org.junit.runners.model.FrameworkMethod.invokeExplosively(FrameworkMethod.java:47)</div><div> at org.junit.internal.runners.statements.InvokeMethod.evaluate(InvokeMethod.java:17)</div><div> at org.junit.runners.ParentRunner.runLeaf(ParentRunner.java:325)</div><div> at org.junit.runners.BlockJUnit4ClassRunner.runChild(BlockJUnit4ClassRunner.java:78)</div><div> at org.junit.runners.BlockJUnit4ClassRunner.runChild(BlockJUnit4ClassRunner.java:57)</div><div> at org.junit.runners.ParentRunner$3.run(ParentRunner.java:290)</div><div> at org.junit.runners.ParentRunner$1.schedule(ParentRunner.java:71)</div><div> at org.junit.runners.ParentRunner.runChildren(ParentRunner.java:288)</div><div> at org.junit.runners.ParentRunner.access$000(ParentRunner.java:58)</div><div> at org.junit.runners.ParentRunner$2.evaluate(ParentRunner.java:268)</div><div> at org.junit.runners.ParentRunner.run(ParentRunner.java:363)</div><div> at org.junit.runners.Suite.runChild(Suite.java:128)</div><div> at org.junit.runners.Suite.runChild(Suite.java:27)</div><div> at org.junit.runners.ParentRunner$3.run(ParentRunner.java:290)</div><div> at org.junit.runners.ParentRunner$1.schedule(ParentRunner.java:71)</div><div> at org.junit.runners.ParentRunner.runChildren(ParentRunner.java:288)</div><div> at org.junit.runners.ParentRunner.access$000(ParentRunner.java:58)</div><div> at org.junit.runners.ParentRunner$2.evaluate(ParentRunner.java:268)</div><div> at org.junit.runners.ParentRunner.run(ParentRunner.java:363)</div><div> at org.apache.maven.surefire.junit4.JUnit4Provider.execute(JUnit4Provider.java:367)</div><div> at org.apache.maven.surefire.junit4.JUnit4Provider.executeWithRerun(JUnit4Provider.java:274)</div><div> at org.apache.maven.surefire.junit4.JUnit4Provider.executeTestSet(JUnit4Provider.java:238)</div><div> at org.apache.maven.surefire.junit4.JUnit4Provider.invoke(JUnit4Provider.java:161)</div><div> at org.apache.maven.surefire.booter.ForkedBooter.invokeProviderInSameClassLoader(ForkedBooter.java:290)</div><div> at org.apache.maven.surefire.booter.ForkedBooter.runSuitesInProcess(ForkedBooter.java:242)</div><div> at org.apache.maven.surefire.booter.ForkedBooter.main(ForkedBooter.java:121)</div></div>
        </td>
</tr>
<tr>
    <td><span class="sortValue">AdviceTypeTest.testAdvice</span><a href="AdviceTypeTest_testAdvice_rz.html">AdviceTypeTest.testAdvice</a></td>
    <td style="whitespace:nowrap;"><span class="sortValue">1714271472133</span>27 Apr 21:31:12</td>
    <td>      <span class="sortValue">3</span><span class="aui-lozenge aui-lozenge-error">FAIL</span>
  </td>
    <td><span class="sortValue">0.064</span>0.064</td>
    <td style="width:50%">
    <span class="sortValue"></span>
        <span class="expand" id="togglebut6" onclick="toggleNodeExpansion('togglebut6', 'msgc6', 'msge6');return false;">&#160;</span>
        <div class="errorMessage" id="msgc6"></div>
        <div class="errorMessage" id="msge6" style="display:none;"> <div>java.lang.reflect.InvocationTargetException</div><div>	at <a href="../../../net/bytebuddy/asm/AdviceTypeTest.html?line=85#src-85">net.bytebuddy.asm.AdviceTypeTest.testAdvice(AdviceTypeTest.java:85)</a></div><div> at org.junit.runners.model.FrameworkMethod$1.runReflectiveCall(FrameworkMethod.java:50)</div><div> at org.junit.internal.runners.model.ReflectiveCallable.run(ReflectiveCallable.java:12)</div><div> at org.junit.runners.model.FrameworkMethod.invokeExplosively(FrameworkMethod.java:47)</div><div> at org.junit.internal.runners.statements.InvokeMethod.evaluate(InvokeMethod.java:17)</div><div> at org.junit.runners.ParentRunner.runLeaf(ParentRunner.java:325)</div><div> at org.junit.runners.BlockJUnit4ClassRunner.runChild(BlockJUnit4ClassRunner.java:78)</div><div> at org.junit.runners.BlockJUnit4ClassRunner.runChild(BlockJUnit4ClassRunner.java:57)</div><div> at org.junit.runners.ParentRunner$3.run(ParentRunner.java:290)</div><div> at org.junit.runners.ParentRunner$1.schedule(ParentRunner.java:71)</div><div> at org.junit.runners.ParentRunner.runChildren(ParentRunner.java:288)</div><div> at org.junit.runners.ParentRunner.access$000(ParentRunner.java:58)</div><div> at org.junit.runners.ParentRunner$2.evaluate(ParentRunner.java:268)</div><div> at org.junit.runners.ParentRunner.run(ParentRunner.java:363)</div><div> at org.junit.runners.Suite.runChild(Suite.java:128)</div><div> at org.junit.runners.Suite.runChild(Suite.java:27)</div><div> at org.junit.runners.ParentRunner$3.run(ParentRunner.java:290)</div><div> at org.junit.runners.ParentRunner$1.schedule(ParentRunner.java:71)</div><div> at org.junit.runners.ParentRunner.runChildren(ParentRunner.java:288)</div><div> at org.junit.runners.ParentRunner.access$000(ParentRunner.java:58)</div><div> at org.junit.runners.ParentRunner$2.evaluate(ParentRunner.java:268)</div><div> at org.junit.runners.ParentRunner.run(ParentRunner.java:363)</div><div> at org.apache.maven.surefire.junit4.JUnit4Provider.execute(JUnit4Provider.java:367)</div><div> at org.apache.maven.surefire.junit4.JUnit4Provider.executeWithRerun(JUnit4Provider.java:274)</div><div> at org.apache.maven.surefire.junit4.JUnit4Provider.executeTestSet(JUnit4Provider.java:238)</div><div> at org.apache.maven.surefire.junit4.JUnit4Provider.invoke(JUnit4Provider.java:161)</div><div> at org.apache.maven.surefire.booter.ForkedBooter.invokeProviderInSameClassLoader(ForkedBooter.java:290)</div><div> at org.apache.maven.surefire.booter.ForkedBooter.runSuitesInProcess(ForkedBooter.java:242)</div><div> at org.apache.maven.surefire.booter.ForkedBooter.main(ForkedBooter.java:121)</div><div>Caused by: java.lang.NoClassDefFoundError: net/bytebuddy/asm/AdviceTypeTest$__CLR4_5_2o49o49lviwwlhn</div><div> at net.bytebuddy.asm.AdviceTypeTest$FloatInlineAdvice.foo(AdviceTypeTest.java)</div><div> ... 38 more</div></div>
        </td>
</tr>
<tr>
    <td><span class="sortValue">AdviceTypeTest.testAdviceWithException</span><a href="AdviceTypeTest_testAdviceWithException_3lv.html">AdviceTypeTest.testAdviceWithException</a></td>
    <td style="whitespace:nowrap;"><span class="sortValue">1714271471111</span>27 Apr 21:31:11</td>
    <td>      <span class="sortValue">3</span><span class="aui-lozenge aui-lozenge-error">FAIL</span>
  </td>
    <td><span class="sortValue">0.012</span>0.012</td>
    <td style="width:50%">
    <span class="sortValue">
Expected:&#160;an&#160;instance&#160;of&#160;java.lang.RuntimeException
&#160;&#160;&#160;&#160;&#160;but:&#160;&lt;java.lang.NoClassDefFoundError:&#160;net/bytebuddy/asm/AdviceTypeTest$__CLR4_5_2o49o49lviwwlhn&gt;&#160;is&#160;a&#160;java.lang.NoClassDefFoundError</span>
        <span class="expand" id="togglebut7" onclick="toggleNodeExpansion('togglebut7', 'msgc7', 'msge7');return false;">&#160;</span>
        <div class="errorMessage" id="msgc7">
Expected:&#160;an&#160;instance&#160;of&#160;java.lang.RuntimeException
&#160;&#160;&#160;&#160;&#160;but:&#160;&lt;java.lang.NoClassDefFoundError:&#160;net/bytebuddy/asm/AdviceTypeTest$__CLR4_5_2o49o49lviwwlhn&gt;&#160;is&#160;a&#160;java.lang.NoClassDefFoundError</div>
        <div class="errorMessage" id="msge7" style="display:none;"> <div>java.lang.AssertionError: </div><div>Expected: an instance of java.lang.RuntimeException</div><div>     but: &lt;java.lang.NoClassDefFoundError: net/bytebuddy/asm/AdviceTypeTest$__CLR4_5_2o49o49lviwwlhn&gt; is a java.lang.NoClassDefFoundError</div><div> at org.hamcrest.MatcherAssert.assertThat(MatcherAssert.java:20)</div><div> at org.hamcrest.MatcherAssert.assertThat(MatcherAssert.java:8)</div><div>	at <a href="../../../net/bytebuddy/asm/AdviceTypeTest.html?line=106#src-106">net.bytebuddy.asm.AdviceTypeTest.testAdviceWithException(AdviceTypeTest.java:106)</a></div><div> at org.junit.runners.model.FrameworkMethod$1.runReflectiveCall(FrameworkMethod.java:50)</div><div> at org.junit.internal.runners.model.ReflectiveCallable.run(ReflectiveCallable.java:12)</div><div> at org.junit.runners.model.FrameworkMethod.invokeExplosively(FrameworkMethod.java:47)</div><div> at org.junit.internal.runners.statements.InvokeMethod.evaluate(InvokeMethod.java:17)</div><div> at org.junit.runners.ParentRunner.runLeaf(ParentRunner.java:325)</div><div> at org.junit.runners.BlockJUnit4ClassRunner.runChild(BlockJUnit4ClassRunner.java:78)</div><div> at org.junit.runners.BlockJUnit4ClassRunner.runChild(BlockJUnit4ClassRunner.java:57)</div><div> at org.junit.runners.ParentRunner$3.run(ParentRunner.java:290)</div><div> at org.junit.runners.ParentRunner$1.schedule(ParentRunner.java:71)</div><div> at org.junit.runners.ParentRunner.runChildren(ParentRunner.java:288)</div><div> at org.junit.runners.ParentRunner.access$000(ParentRunner.java:58)</div><div> at org.junit.runners.ParentRunner$2.evaluate(ParentRunner.java:268)</div><div> at org.junit.runners.ParentRunner.run(ParentRunner.java:363)</div><div> at org.junit.runners.Suite.runChild(Suite.java:128)</div><div> at org.junit.runners.Suite.runChild(Suite.java:27)</div><div> at org.junit.runners.ParentRunner$3.run(ParentRunner.java:290)</div><div> at org.junit.runners.ParentRunner$1.schedule(ParentRunner.java:71)</div><div> at org.junit.runners.ParentRunner.runChildren(ParentRunner.java:288)</div><div> at org.junit.runners.ParentRunner.access$000(ParentRunner.java:58)</div><div> at org.junit.runners.ParentRunner$2.evaluate(ParentRunner.java:268)</div><div> at org.junit.runners.ParentRunner.run(ParentRunner.java:363)</div><div> at org.apache.maven.surefire.junit4.JUnit4Provider.execute(JUnit4Provider.java:367)</div><div> at org.apache.maven.surefire.junit4.JUnit4Provider.executeWithRerun(JUnit4Provider.java:274)</div><div> at org.apache.maven.surefire.junit4.JUnit4Provider.executeTestSet(JUnit4Provider.java:238)</div><div> at org.apache.maven.surefire.junit4.JUnit4Provider.invoke(JUnit4Provider.java:161)</div><div> at org.apache.maven.surefire.booter.ForkedBooter.invokeProviderInSameClassLoader(ForkedBooter.java:290)</div><div> at org.apache.maven.surefire.booter.ForkedBooter.runSuitesInProcess(ForkedBooter.java:242)</div><div> at org.apache.maven.surefire.booter.ForkedBooter.main(ForkedBooter.java:121)</div></div>
        </td>
</tr>
<tr>
    <td><span class="sortValue">AdviceTypeTest.testAdvice</span><a href="AdviceTypeTest_testAdvice_17e.html">AdviceTypeTest.testAdvice</a></td>
    <td style="whitespace:nowrap;"><span class="sortValue">1714271471834</span>27 Apr 21:31:11</td>
    <td>      <span class="sortValue">3</span><span class="aui-lozenge aui-lozenge-error">FAIL</span>
  </td>
    <td><span class="sortValue">0.031</span>0.031</td>
    <td style="width:50%">
    <span class="sortValue"></span>
        <span class="expand" id="togglebut8" onclick="toggleNodeExpansion('togglebut8', 'msgc8', 'msge8');return false;">&#160;</span>
        <div class="errorMessage" id="msgc8"></div>
        <div class="errorMessage" id="msge8" style="display:none;"> <div>java.lang.reflect.InvocationTargetException</div><div>	at <a href="../../../net/bytebuddy/asm/AdviceTypeTest.html?line=85#src-85">net.bytebuddy.asm.AdviceTypeTest.testAdvice(AdviceTypeTest.java:85)</a></div><div> at org.junit.runners.model.FrameworkMethod$1.runReflectiveCall(FrameworkMethod.java:50)</div><div> at org.junit.internal.runners.model.ReflectiveCallable.run(ReflectiveCallable.java:12)</div><div> at org.junit.runners.model.FrameworkMethod.invokeExplosively(FrameworkMethod.java:47)</div><div> at org.junit.internal.runners.statements.InvokeMethod.evaluate(InvokeMethod.java:17)</div><div> at org.junit.runners.ParentRunner.runLeaf(ParentRunner.java:325)</div><div> at org.junit.runners.BlockJUnit4ClassRunner.runChild(BlockJUnit4ClassRunner.java:78)</div><div> at org.junit.runners.BlockJUnit4ClassRunner.runChild(BlockJUnit4ClassRunner.java:57)</div><div> at org.junit.runners.ParentRunner$3.run(ParentRunner.java:290)</div><div> at org.junit.runners.ParentRunner$1.schedule(ParentRunner.java:71)</div><div> at org.junit.runners.ParentRunner.runChildren(ParentRunner.java:288)</div><div> at org.junit.runners.ParentRunner.access$000(ParentRunner.java:58)</div><div> at org.junit.runners.ParentRunner$2.evaluate(ParentRunner.java:268)</div><div> at org.junit.runners.ParentRunner.run(ParentRunner.java:363)</div><div> at org.junit.runners.Suite.runChild(Suite.java:128)</div><div> at org.junit.runners.Suite.runChild(Suite.java:27)</div><div> at org.junit.runners.ParentRunner$3.run(ParentRunner.java:290)</div><div> at org.junit.runners.ParentRunner$1.schedule(ParentRunner.java:71)</div><div> at org.junit.runners.ParentRunner.runChildren(ParentRunner.java:288)</div><div> at org.junit.runners.ParentRunner.access$000(ParentRunner.java:58)</div><div> at org.junit.runners.ParentRunner$2.evaluate(ParentRunner.java:268)</div><div> at org.junit.runners.ParentRunner.run(ParentRunner.java:363)</div><div> at org.apache.maven.surefire.junit4.JUnit4Provider.execute(JUnit4Provider.java:367)</div><div> at org.apache.maven.surefire.junit4.JUnit4Provider.executeWithRerun(JUnit4Provider.java:274)</div><div> at org.apache.maven.surefire.junit4.JUnit4Provider.executeTestSet(JUnit4Provider.java:238)</div><div> at org.apache.maven.surefire.junit4.JUnit4Provider.invoke(JUnit4Provider.java:161)</div><div> at org.apache.maven.surefire.booter.ForkedBooter.invokeProviderInSameClassLoader(ForkedBooter.java:290)</div><div> at org.apache.maven.surefire.booter.ForkedBooter.runSuitesInProcess(ForkedBooter.java:242)</div><div> at org.apache.maven.surefire.booter.ForkedBooter.main(ForkedBooter.java:121)</div><div>Caused by: java.lang.NoClassDefFoundError: net/bytebuddy/asm/AdviceTypeTest$__CLR4_5_2o49o49lviwwlhn</div><div>	at <a href="../../../net/bytebuddy/asm/AdviceTypeTest.html?line=871#src-871">net.bytebuddy.asm.AdviceTypeTest$CharacterDelegationAdvice.enter(AdviceTypeTest.java:871)</a></div><div> at net.bytebuddy.asm.AdviceTypeTest$CharacterDelegationAdvice.foo(AdviceTypeTest.java)</div><div> ... 38 more</div></div>
        </td>
</tr>
<tr>
    <td><span class="sortValue">AdviceTypeTest.testAdvice</span><a href="AdviceTypeTest_testAdvice_ul.html">AdviceTypeTest.testAdvice</a></td>
    <td style="whitespace:nowrap;"><span class="sortValue">1714271470760</span>27 Apr 21:31:10</td>
    <td>      <span class="sortValue">3</span><span class="aui-lozenge aui-lozenge-error">FAIL</span>
  </td>
    <td><span class="sortValue">0.011</span>0.011</td>
    <td style="width:50%">
    <span class="sortValue"></span>
        <span class="expand" id="togglebut9" onclick="toggleNodeExpansion('togglebut9', 'msgc9', 'msge9');return false;">&#160;</span>
        <div class="errorMessage" id="msgc9"></div>
        <div class="errorMessage" id="msge9" style="display:none;"> <div>java.lang.reflect.InvocationTargetException</div><div>	at <a href="../../../net/bytebuddy/asm/AdviceTypeTest.html?line=85#src-85">net.bytebuddy.asm.AdviceTypeTest.testAdvice(AdviceTypeTest.java:85)</a></div><div> at org.junit.runners.model.FrameworkMethod$1.runReflectiveCall(FrameworkMethod.java:50)</div><div> at org.junit.internal.runners.model.ReflectiveCallable.run(ReflectiveCallable.java:12)</div><div> at org.junit.runners.model.FrameworkMethod.invokeExplosively(FrameworkMethod.java:47)</div><div> at org.junit.internal.runners.statements.InvokeMethod.evaluate(InvokeMethod.java:17)</div><div> at org.junit.runners.ParentRunner.runLeaf(ParentRunner.java:325)</div><div> at org.junit.runners.BlockJUnit4ClassRunner.runChild(BlockJUnit4ClassRunner.java:78)</div><div> at org.junit.runners.BlockJUnit4ClassRunner.runChild(BlockJUnit4ClassRunner.java:57)</div><div> at org.junit.runners.ParentRunner$3.run(ParentRunner.java:290)</div><div> at org.junit.runners.ParentRunner$1.schedule(ParentRunner.java:71)</div><div> at org.junit.runners.ParentRunner.runChildren(ParentRunner.java:288)</div><div> at org.junit.runners.ParentRunner.access$000(ParentRunner.java:58)</div><div> at org.junit.runners.ParentRunner$2.evaluate(ParentRunner.java:268)</div><div> at org.junit.runners.ParentRunner.run(ParentRunner.java:363)</div><div> at org.junit.runners.Suite.runChild(Suite.java:128)</div><div> at org.junit.runners.Suite.runChild(Suite.java:27)</div><div> at org.junit.runners.ParentRunner$3.run(ParentRunner.java:290)</div><div> at org.junit.runners.ParentRunner$1.schedule(ParentRunner.java:71)</div><div> at org.junit.runners.ParentRunner.runChildren(ParentRunner.java:288)</div><div> at org.junit.runners.ParentRunner.access$000(ParentRunner.java:58)</div><div> at org.junit.runners.ParentRunner$2.evaluate(ParentRunner.java:268)</div><div> at org.junit.runners.ParentRunner.run(ParentRunner.java:363)</div><div> at org.apache.maven.surefire.junit4.JUnit4Provider.execute(JUnit4Provider.java:367)</div><div> at org.apache.maven.surefire.junit4.JUnit4Provider.executeWithRerun(JUnit4Provider.java:274)</div><div> at org.apache.maven.surefire.junit4.JUnit4Provider.executeTestSet(JUnit4Provider.java:238)</div><div> at org.apache.maven.surefire.junit4.JUnit4Provider.invoke(JUnit4Provider.java:161)</div><div> at org.apache.maven.surefire.booter.ForkedBooter.invokeProviderInSameClassLoader(ForkedBooter.java:290)</div><div> at org.apache.maven.surefire.booter.ForkedBooter.runSuitesInProcess(ForkedBooter.java:242)</div><div> at org.apache.maven.surefire.booter.ForkedBooter.main(ForkedBooter.java:121)</div><div>Caused by: java.lang.NoClassDefFoundError: net/bytebuddy/asm/AdviceTypeTest$__CLR4_5_2o49o49lviwwlhn</div><div>	at <a href="../../../net/bytebuddy/asm/AdviceTypeTest.html?line=185#src-185">net.bytebuddy.asm.AdviceTypeTest$VoidDelegatingAdvice.enter(AdviceTypeTest.java:185)</a></div><div> at net.bytebuddy.asm.AdviceTypeTest$VoidDelegatingAdvice.foo(AdviceTypeTest.java)</div><div> ... 38 more</div></div>
        </td>
</tr>
<tr>
    <td><span class="sortValue">AdviceTypeTest.testAdviceWithException</span><a href="AdviceTypeTest_testAdviceWithException_3il.html">AdviceTypeTest.testAdviceWithException</a></td>
    <td style="whitespace:nowrap;"><span class="sortValue">1714271471734</span>27 Apr 21:31:11</td>
    <td>      <span class="sortValue">3</span><span class="aui-lozenge aui-lozenge-error">FAIL</span>
  </td>
    <td><span class="sortValue">0.017</span>0.017</td>
    <td style="width:50%">
    <span class="sortValue">
Expected:&#160;an&#160;instance&#160;of&#160;java.lang.RuntimeException
&#160;&#160;&#160;&#160;&#160;but:&#160;&lt;java.lang.NoClassDefFoundError:&#160;net/bytebuddy/asm/AdviceTypeTest$__CLR4_5_2o49o49lviwwlhn&gt;&#160;is&#160;a&#160;java.lang.NoClassDefFoundError</span>
        <span class="expand" id="togglebut10" onclick="toggleNodeExpansion('togglebut10', 'msgc10', 'msge10');return false;">&#160;</span>
        <div class="errorMessage" id="msgc10">
Expected:&#160;an&#160;instance&#160;of&#160;java.lang.RuntimeException
&#160;&#160;&#160;&#160;&#160;but:&#160;&lt;java.lang.NoClassDefFoundError:&#160;net/bytebuddy/asm/AdviceTypeTest$__CLR4_5_2o49o49lviwwlhn&gt;&#160;is&#160;a&#160;java.lang.NoClassDefFoundError</div>
        <div class="errorMessage" id="msge10" style="display:none;"> <div>java.lang.AssertionError: </div><div>Expected: an instance of java.lang.RuntimeException</div><div>     but: &lt;java.lang.NoClassDefFoundError: net/bytebuddy/asm/AdviceTypeTest$__CLR4_5_2o49o49lviwwlhn&gt; is a java.lang.NoClassDefFoundError</div><div> at org.hamcrest.MatcherAssert.assertThat(MatcherAssert.java:20)</div><div> at org.hamcrest.MatcherAssert.assertThat(MatcherAssert.java:8)</div><div>	at <a href="../../../net/bytebuddy/asm/AdviceTypeTest.html?line=106#src-106">net.bytebuddy.asm.AdviceTypeTest.testAdviceWithException(AdviceTypeTest.java:106)</a></div><div> at org.junit.runners.model.FrameworkMethod$1.runReflectiveCall(FrameworkMethod.java:50)</div><div> at org.junit.internal.runners.model.ReflectiveCallable.run(ReflectiveCallable.java:12)</div><div> at org.junit.runners.model.FrameworkMethod.invokeExplosively(FrameworkMethod.java:47)</div><div> at org.junit.internal.runners.statements.InvokeMethod.evaluate(InvokeMethod.java:17)</div><div> at org.junit.runners.ParentRunner.runLeaf(ParentRunner.java:325)</div><div> at org.junit.runners.BlockJUnit4ClassRunner.runChild(BlockJUnit4ClassRunner.java:78)</div><div> at org.junit.runners.BlockJUnit4ClassRunner.runChild(BlockJUnit4ClassRunner.java:57)</div><div> at org.junit.runners.ParentRunner$3.run(ParentRunner.java:290)</div><div> at org.junit.runners.ParentRunner$1.schedule(ParentRunner.java:71)</div><div> at org.junit.runners.ParentRunner.runChildren(ParentRunner.java:288)</div><div> at org.junit.runners.ParentRunner.access$000(ParentRunner.java:58)</div><div> at org.junit.runners.ParentRunner$2.evaluate(ParentRunner.java:268)</div><div> at org.junit.runners.ParentRunner.run(ParentRunner.java:363)</div><div> at org.junit.runners.Suite.runChild(Suite.java:128)</div><div> at org.junit.runners.Suite.runChild(Suite.java:27)</div><div> at org.junit.runners.ParentRunner$3.run(ParentRunner.java:290)</div><div> at org.junit.runners.ParentRunner$1.schedule(ParentRunner.java:71)</div><div> at org.junit.runners.ParentRunner.runChildren(ParentRunner.java:288)</div><div> at org.junit.runners.ParentRunner.access$000(ParentRunner.java:58)</div><div> at org.junit.runners.ParentRunner$2.evaluate(ParentRunner.java:268)</div><div> at org.junit.runners.ParentRunner.run(ParentRunner.java:363)</div><div> at org.apache.maven.surefire.junit4.JUnit4Provider.execute(JUnit4Provider.java:367)</div><div> at org.apache.maven.surefire.junit4.JUnit4Provider.executeWithRerun(JUnit4Provider.java:274)</div><div> at org.apache.maven.surefire.junit4.JUnit4Provider.executeTestSet(JUnit4Provider.java:238)</div><div> at org.apache.maven.surefire.junit4.JUnit4Provider.invoke(JUnit4Provider.java:161)</div><div> at org.apache.maven.surefire.booter.ForkedBooter.invokeProviderInSameClassLoader(ForkedBooter.java:290)</div><div> at org.apache.maven.surefire.booter.ForkedBooter.runSuitesInProcess(ForkedBooter.java:242)</div><div> at org.apache.maven.surefire.booter.ForkedBooter.main(ForkedBooter.java:121)</div></div>
        </td>
</tr>
<tr>
    <td><span class="sortValue">AdviceTypeTest.testAdvice</span><a href="AdviceTypeTest_testAdvice_2d9.html">AdviceTypeTest.testAdvice</a></td>
    <td style="whitespace:nowrap;"><span class="sortValue">1714271472076</span>27 Apr 21:31:12</td>
    <td>      <span class="sortValue">3</span><span class="aui-lozenge aui-lozenge-error">FAIL</span>
  </td>
    <td><span class="sortValue">0.017</span>0.017</td>
    <td style="width:50%">
    <span class="sortValue"></span>
        <span class="expand" id="togglebut11" onclick="toggleNodeExpansion('togglebut11', 'msgc11', 'msge11');return false;">&#160;</span>
        <div class="errorMessage" id="msgc11"></div>
        <div class="errorMessage" id="msge11" style="display:none;"> <div>java.lang.reflect.InvocationTargetException</div><div>	at <a href="../../../net/bytebuddy/asm/AdviceTypeTest.html?line=85#src-85">net.bytebuddy.asm.AdviceTypeTest.testAdvice(AdviceTypeTest.java:85)</a></div><div> at org.junit.runners.model.FrameworkMethod$1.runReflectiveCall(FrameworkMethod.java:50)</div><div> at org.junit.internal.runners.model.ReflectiveCallable.run(ReflectiveCallable.java:12)</div><div> at org.junit.runners.model.FrameworkMethod.invokeExplosively(FrameworkMethod.java:47)</div><div> at org.junit.internal.runners.statements.InvokeMethod.evaluate(InvokeMethod.java:17)</div><div> at org.junit.runners.ParentRunner.runLeaf(ParentRunner.java:325)</div><div> at org.junit.runners.BlockJUnit4ClassRunner.runChild(BlockJUnit4ClassRunner.java:78)</div><div> at org.junit.runners.BlockJUnit4ClassRunner.runChild(BlockJUnit4ClassRunner.java:57)</div><div> at org.junit.runners.ParentRunner$3.run(ParentRunner.java:290)</div><div> at org.junit.runners.ParentRunner$1.schedule(ParentRunner.java:71)</div><div> at org.junit.runners.ParentRunner.runChildren(ParentRunner.java:288)</div><div> at org.junit.runners.ParentRunner.access$000(ParentRunner.java:58)</div><div> at org.junit.runners.ParentRunner$2.evaluate(ParentRunner.java:268)</div><div> at org.junit.runners.ParentRunner.run(ParentRunner.java:363)</div><div> at org.junit.runners.Suite.runChild(Suite.java:128)</div><div> at org.junit.runners.Suite.runChild(Suite.java:27)</div><div> at org.junit.runners.ParentRunner$3.run(ParentRunner.java:290)</div><div> at org.junit.runners.ParentRunner$1.schedule(ParentRunner.java:71)</div><div> at org.junit.runners.ParentRunner.runChildren(ParentRunner.java:288)</div><div> at org.junit.runners.ParentRunner.access$000(ParentRunner.java:58)</div><div> at org.junit.runners.ParentRunner$2.evaluate(ParentRunner.java:268)</div><div> at org.junit.runners.ParentRunner.run(ParentRunner.java:363)</div><div> at org.apache.maven.surefire.junit4.JUnit4Provider.execute(JUnit4Provider.java:367)</div><div> at org.apache.maven.surefire.junit4.JUnit4Provider.executeWithRerun(JUnit4Provider.java:274)</div><div> at org.apache.maven.surefire.junit4.JUnit4Provider.executeTestSet(JUnit4Provider.java:238)</div><div> at org.apache.maven.surefire.junit4.JUnit4Provider.invoke(JUnit4Provider.java:161)</div><div> at org.apache.maven.surefire.booter.ForkedBooter.invokeProviderInSameClassLoader(ForkedBooter.java:290)</div><div> at org.apache.maven.surefire.booter.ForkedBooter.runSuitesInProcess(ForkedBooter.java:242)</div><div> at org.apache.maven.surefire.booter.ForkedBooter.main(ForkedBooter.java:121)</div><div>Caused by: java.lang.NoClassDefFoundError: net/bytebuddy/asm/AdviceTypeTest$__CLR4_5_2o49o49lviwwlhn</div><div>	at <a href="../../../net/bytebuddy/asm/AdviceTypeTest.html?line=1224#src-1224">net.bytebuddy.asm.AdviceTypeTest$LongDelegationAdvice.enter(AdviceTypeTest.java:1224)</a></div><div> at net.bytebuddy.asm.AdviceTypeTest$LongDelegationAdvice.foo(AdviceTypeTest.java)</div><div> ... 38 more</div></div>
        </td>
</tr>
<tr>
    <td><span class="sortValue">AdviceTypeTest.testAdvice</span><a href="AdviceTypeTest_testAdvice_r7.html">AdviceTypeTest.testAdvice</a></td>
    <td style="whitespace:nowrap;"><span class="sortValue">1714271473597</span>27 Apr 21:31:13</td>
    <td>      <span class="sortValue">3</span><span class="aui-lozenge aui-lozenge-error">FAIL</span>
  </td>
    <td><span class="sortValue">0.017</span>0.017</td>
    <td style="width:50%">
    <span class="sortValue"></span>
        <span class="expand" id="togglebut12" onclick="toggleNodeExpansion('togglebut12', 'msgc12', 'msge12');return false;">&#160;</span>
        <div class="errorMessage" id="msgc12"></div>
        <div class="errorMessage" id="msge12" style="display:none;"> <div>java.lang.reflect.InvocationTargetException</div><div>	at <a href="../../../net/bytebuddy/asm/AdviceTypeTest.html?line=85#src-85">net.bytebuddy.asm.AdviceTypeTest.testAdvice(AdviceTypeTest.java:85)</a></div><div> at sun.reflect.GeneratedMethodAccessor43.invoke(Unknown Source)</div><div> at org.junit.runners.model.FrameworkMethod$1.runReflectiveCall(FrameworkMethod.java:50)</div><div> at org.junit.internal.runners.model.ReflectiveCallable.run(ReflectiveCallable.java:12)</div><div> at org.junit.runners.model.FrameworkMethod.invokeExplosively(FrameworkMethod.java:47)</div><div> at org.junit.internal.runners.statements.InvokeMethod.evaluate(InvokeMethod.java:17)</div><div> at org.junit.runners.ParentRunner.runLeaf(ParentRunner.java:325)</div><div> at org.junit.runners.BlockJUnit4ClassRunner.runChild(BlockJUnit4ClassRunner.java:78)</div><div> at org.junit.runners.BlockJUnit4ClassRunner.runChild(BlockJUnit4ClassRunner.java:57)</div><div> at org.junit.runners.ParentRunner$3.run(ParentRunner.java:290)</div><div> at org.junit.runners.ParentRunner$1.schedule(ParentRunner.java:71)</div><div> at org.junit.runners.ParentRunner.runChildren(ParentRunner.java:288)</div><div> at org.junit.runners.ParentRunner.access$000(ParentRunner.java:58)</div><div> at org.junit.runners.ParentRunner$2.evaluate(ParentRunner.java:268)</div><div> at org.junit.runners.ParentRunner.run(ParentRunner.java:363)</div><div> at org.junit.runners.Suite.runChild(Suite.java:128)</div><div> at org.junit.runners.Suite.runChild(Suite.java:27)</div><div> at org.junit.runners.ParentRunner$3.run(ParentRunner.java:290)</div><div> at org.junit.runners.ParentRunner$1.schedule(ParentRunner.java:71)</div><div> at org.junit.runners.ParentRunner.runChildren(ParentRunner.java:288)</div><div> at org.junit.runners.ParentRunner.access$000(ParentRunner.java:58)</div><div> at org.junit.runners.ParentRunner$2.evaluate(ParentRunner.java:268)</div><div> at org.junit.runners.ParentRunner.run(ParentRunner.java:363)</div><div> at org.apache.maven.surefire.junit4.JUnit4Provider.execute(JUnit4Provider.java:367)</div><div> at org.apache.maven.surefire.junit4.JUnit4Provider.executeWithRerun(JUnit4Provider.java:274)</div><div> at org.apache.maven.surefire.junit4.JUnit4Provider.executeTestSet(JUnit4Provider.java:238)</div><div> at org.apache.maven.surefire.junit4.JUnit4Provider.invoke(JUnit4Provider.java:161)</div><div> at org.apache.maven.surefire.booter.ForkedBooter.invokeProviderInSameClassLoader(ForkedBooter.java:290)</div><div> at org.apache.maven.surefire.booter.ForkedBooter.runSuitesInProcess(ForkedBooter.java:242)</div><div> at org.apache.maven.surefire.booter.ForkedBooter.main(ForkedBooter.java:121)</div><div>Caused by: java.lang.NoClassDefFoundError: net/bytebuddy/asm/AdviceTypeTest$__CLR4_5_2o49o49lviwwlhn</div><div>	at <a href="../../../net/bytebuddy/asm/AdviceTypeTest.html?line=1743#src-1743">net.bytebuddy.asm.AdviceTypeTest$ReferenceDelegationAdvice.enter(AdviceTypeTest.java:1743)</a></div><div> at net.bytebuddy.asm.AdviceTypeTest$ReferenceDelegationAdvice.foo(AdviceTypeTest.java)</div><div> ... 37 more</div></div>
        </td>
</tr>
<tr>
    <td><span class="sortValue">AdviceTypeTest.testAdviceWithException</span><a href="AdviceTypeTest_testAdviceWithException_44d.html">AdviceTypeTest.testAdviceWithException</a></td>
    <td style="whitespace:nowrap;"><span class="sortValue">1714271471951</span>27 Apr 21:31:11</td>
    <td>      <span class="sortValue">3</span><span class="aui-lozenge aui-lozenge-error">FAIL</span>
  </td>
    <td><span class="sortValue">0.022</span>0.022</td>
    <td style="width:50%">
    <span class="sortValue">
Expected:&#160;an&#160;instance&#160;of&#160;java.lang.RuntimeException
&#160;&#160;&#160;&#160;&#160;but:&#160;&lt;java.lang.NoClassDefFoundError:&#160;net/bytebuddy/asm/AdviceTypeTest$__CLR4_5_2o49o49lviwwlhn&gt;&#160;is&#160;a&#160;java.lang.NoClassDefFoundError</span>
        <span class="expand" id="togglebut13" onclick="toggleNodeExpansion('togglebut13', 'msgc13', 'msge13');return false;">&#160;</span>
        <div class="errorMessage" id="msgc13">
Expected:&#160;an&#160;instance&#160;of&#160;java.lang.RuntimeException
&#160;&#160;&#160;&#160;&#160;but:&#160;&lt;java.lang.NoClassDefFoundError:&#160;net/bytebuddy/asm/AdviceTypeTest$__CLR4_5_2o49o49lviwwlhn&gt;&#160;is&#160;a&#160;java.lang.NoClassDefFoundError</div>
        <div class="errorMessage" id="msge13" style="display:none;"> <div>java.lang.AssertionError: </div><div>Expected: an instance of java.lang.RuntimeException</div><div>     but: &lt;java.lang.NoClassDefFoundError: net/bytebuddy/asm/AdviceTypeTest$__CLR4_5_2o49o49lviwwlhn&gt; is a java.lang.NoClassDefFoundError</div><div> at org.hamcrest.MatcherAssert.assertThat(MatcherAssert.java:20)</div><div> at org.hamcrest.MatcherAssert.assertThat(MatcherAssert.java:8)</div><div>	at <a href="../../../net/bytebuddy/asm/AdviceTypeTest.html?line=106#src-106">net.bytebuddy.asm.AdviceTypeTest.testAdviceWithException(AdviceTypeTest.java:106)</a></div><div> at org.junit.runners.model.FrameworkMethod$1.runReflectiveCall(FrameworkMethod.java:50)</div><div> at org.junit.internal.runners.model.ReflectiveCallable.run(ReflectiveCallable.java:12)</div><div> at org.junit.runners.model.FrameworkMethod.invokeExplosively(FrameworkMethod.java:47)</div><div> at org.junit.internal.runners.statements.InvokeMethod.evaluate(InvokeMethod.java:17)</div><div> at org.junit.runners.ParentRunner.runLeaf(ParentRunner.java:325)</div><div> at org.junit.runners.BlockJUnit4ClassRunner.runChild(BlockJUnit4ClassRunner.java:78)</div><div> at org.junit.runners.BlockJUnit4ClassRunner.runChild(BlockJUnit4ClassRunner.java:57)</div><div> at org.junit.runners.ParentRunner$3.run(ParentRunner.java:290)</div><div> at org.junit.runners.ParentRunner$1.schedule(ParentRunner.java:71)</div><div> at org.junit.runners.ParentRunner.runChildren(ParentRunner.java:288)</div><div> at org.junit.runners.ParentRunner.access$000(ParentRunner.java:58)</div><div> at org.junit.runners.ParentRunner$2.evaluate(ParentRunner.java:268)</div><div> at org.junit.runners.ParentRunner.run(ParentRunner.java:363)</div><div> at org.junit.runners.Suite.runChild(Suite.java:128)</div><div> at org.junit.runners.Suite.runChild(Suite.java:27)</div><div> at org.junit.runners.ParentRunner$3.run(ParentRunner.java:290)</div><div> at org.junit.runners.ParentRunner$1.schedule(ParentRunner.java:71)</div><div> at org.junit.runners.ParentRunner.runChildren(ParentRunner.java:288)</div><div> at org.junit.runners.ParentRunner.access$000(ParentRunner.java:58)</div><div> at org.junit.runners.ParentRunner$2.evaluate(ParentRunner.java:268)</div><div> at org.junit.runners.ParentRunner.run(ParentRunner.java:363)</div><div> at org.apache.maven.surefire.junit4.JUnit4Provider.execute(JUnit4Provider.java:367)</div><div> at org.apache.maven.surefire.junit4.JUnit4Provider.executeWithRerun(JUnit4Provider.java:274)</div><div> at org.apache.maven.surefire.junit4.JUnit4Provider.executeTestSet(JUnit4Provider.java:238)</div><div> at org.apache.maven.surefire.junit4.JUnit4Provider.invoke(JUnit4Provider.java:161)</div><div> at org.apache.maven.surefire.booter.ForkedBooter.invokeProviderInSameClassLoader(ForkedBooter.java:290)</div><div> at org.apache.maven.surefire.booter.ForkedBooter.runSuitesInProcess(ForkedBooter.java:242)</div><div> at org.apache.maven.surefire.booter.ForkedBooter.main(ForkedBooter.java:121)</div></div>
        </td>
</tr>
<tr>
    <td><span class="sortValue">AdviceTypeTest.testAdvice</span><a href="AdviceTypeTest_testAdvice_40x.html">AdviceTypeTest.testAdvice</a></td>
    <td style="whitespace:nowrap;"><span class="sortValue">1714271471905</span>27 Apr 21:31:11</td>
    <td>      <span class="sortValue">3</span><span class="aui-lozenge aui-lozenge-error">FAIL</span>
  </td>
    <td><span class="sortValue">0.044</span>0.044</td>
    <td style="width:50%">
    <span class="sortValue"></span>
        <span class="expand" id="togglebut14" onclick="toggleNodeExpansion('togglebut14', 'msgc14', 'msge14');return false;">&#160;</span>
        <div class="errorMessage" id="msgc14"></div>
        <div class="errorMessage" id="msge14" style="display:none;"> <div>java.lang.reflect.InvocationTargetException</div><div>	at <a href="../../../net/bytebuddy/asm/AdviceTypeTest.html?line=85#src-85">net.bytebuddy.asm.AdviceTypeTest.testAdvice(AdviceTypeTest.java:85)</a></div><div> at org.junit.runners.model.FrameworkMethod$1.runReflectiveCall(FrameworkMethod.java:50)</div><div> at org.junit.internal.runners.model.ReflectiveCallable.run(ReflectiveCallable.java:12)</div><div> at org.junit.runners.model.FrameworkMethod.invokeExplosively(FrameworkMethod.java:47)</div><div> at org.junit.internal.runners.statements.InvokeMethod.evaluate(InvokeMethod.java:17)</div><div> at org.junit.runners.ParentRunner.runLeaf(ParentRunner.java:325)</div><div> at org.junit.runners.BlockJUnit4ClassRunner.runChild(BlockJUnit4ClassRunner.java:78)</div><div> at org.junit.runners.BlockJUnit4ClassRunner.runChild(BlockJUnit4ClassRunner.java:57)</div><div> at org.junit.runners.ParentRunner$3.run(ParentRunner.java:290)</div><div> at org.junit.runners.ParentRunner$1.schedule(ParentRunner.java:71)</div><div> at org.junit.runners.ParentRunner.runChildren(ParentRunner.java:288)</div><div> at org.junit.runners.ParentRunner.access$000(ParentRunner.java:58)</div><div> at org.junit.runners.ParentRunner$2.evaluate(ParentRunner.java:268)</div><div> at org.junit.runners.ParentRunner.run(ParentRunner.java:363)</div><div> at org.junit.runners.Suite.runChild(Suite.java:128)</div><div> at org.junit.runners.Suite.runChild(Suite.java:27)</div><div> at org.junit.runners.ParentRunner$3.run(ParentRunner.java:290)</div><div> at org.junit.runners.ParentRunner$1.schedule(ParentRunner.java:71)</div><div> at org.junit.runners.ParentRunner.runChildren(ParentRunner.java:288)</div><div> at org.junit.runners.ParentRunner.access$000(ParentRunner.java:58)</div><div> at org.junit.runners.ParentRunner$2.evaluate(ParentRunner.java:268)</div><div> at org.junit.runners.ParentRunner.run(ParentRunner.java:363)</div><div> at org.apache.maven.surefire.junit4.JUnit4Provider.execute(JUnit4Provider.java:367)</div><div> at org.apache.maven.surefire.junit4.JUnit4Provider.executeWithRerun(JUnit4Provider.java:274)</div><div> at org.apache.maven.surefire.junit4.JUnit4Provider.executeTestSet(JUnit4Provider.java:238)</div><div> at org.apache.maven.surefire.junit4.JUnit4Provider.invoke(JUnit4Provider.java:161)</div><div> at org.apache.maven.surefire.booter.ForkedBooter.invokeProviderInSameClassLoader(ForkedBooter.java:290)</div><div> at org.apache.maven.surefire.booter.ForkedBooter.runSuitesInProcess(ForkedBooter.java:242)</div><div> at org.apache.maven.surefire.booter.ForkedBooter.main(ForkedBooter.java:121)</div><div>Caused by: java.lang.NoClassDefFoundError: net/bytebuddy/asm/AdviceTypeTest$__CLR4_5_2o49o49lviwwlhn</div><div> at net.bytebuddy.asm.AdviceTypeTest$IntegerInlineAdvice.foo(AdviceTypeTest.java)</div><div> ... 38 more</div></div>
        </td>
</tr>
<tr>
    <td><span class="sortValue">AdviceTypeTest.testAdvice</span><a href="AdviceTypeTest_testAdvice_3g5.html">AdviceTypeTest.testAdvice</a></td>
    <td style="whitespace:nowrap;"><span class="sortValue">1714271472027</span>27 Apr 21:31:12</td>
    <td>      <span class="sortValue">3</span><span class="aui-lozenge aui-lozenge-error">FAIL</span>
  </td>
    <td><span class="sortValue">0.029</span>0.029</td>
    <td style="width:50%">
    <span class="sortValue"></span>
        <span class="expand" id="togglebut15" onclick="toggleNodeExpansion('togglebut15', 'msgc15', 'msge15');return false;">&#160;</span>
        <div class="errorMessage" id="msgc15"></div>
        <div class="errorMessage" id="msge15" style="display:none;"> <div>java.lang.reflect.InvocationTargetException</div><div>	at <a href="../../../net/bytebuddy/asm/AdviceTypeTest.html?line=85#src-85">net.bytebuddy.asm.AdviceTypeTest.testAdvice(AdviceTypeTest.java:85)</a></div><div> at org.junit.runners.model.FrameworkMethod$1.runReflectiveCall(FrameworkMethod.java:50)</div><div> at org.junit.internal.runners.model.ReflectiveCallable.run(ReflectiveCallable.java:12)</div><div> at org.junit.runners.model.FrameworkMethod.invokeExplosively(FrameworkMethod.java:47)</div><div> at org.junit.internal.runners.statements.InvokeMethod.evaluate(InvokeMethod.java:17)</div><div> at org.junit.runners.ParentRunner.runLeaf(ParentRunner.java:325)</div><div> at org.junit.runners.BlockJUnit4ClassRunner.runChild(BlockJUnit4ClassRunner.java:78)</div><div> at org.junit.runners.BlockJUnit4ClassRunner.runChild(BlockJUnit4ClassRunner.java:57)</div><div> at org.junit.runners.ParentRunner$3.run(ParentRunner.java:290)</div><div> at org.junit.runners.ParentRunner$1.schedule(ParentRunner.java:71)</div><div> at org.junit.runners.ParentRunner.runChildren(ParentRunner.java:288)</div><div> at org.junit.runners.ParentRunner.access$000(ParentRunner.java:58)</div><div> at org.junit.runners.ParentRunner$2.evaluate(ParentRunner.java:268)</div><div> at org.junit.runners.ParentRunner.run(ParentRunner.java:363)</div><div> at org.junit.runners.Suite.runChild(Suite.java:128)</div><div> at org.junit.runners.Suite.runChild(Suite.java:27)</div><div> at org.junit.runners.ParentRunner$3.run(ParentRunner.java:290)</div><div> at org.junit.runners.ParentRunner$1.schedule(ParentRunner.java:71)</div><div> at org.junit.runners.ParentRunner.runChildren(ParentRunner.java:288)</div><div> at org.junit.runners.ParentRunner.access$000(ParentRunner.java:58)</div><div> at org.junit.runners.ParentRunner$2.evaluate(ParentRunner.java:268)</div><div> at org.junit.runners.ParentRunner.run(ParentRunner.java:363)</div><div> at org.apache.maven.surefire.junit4.JUnit4Provider.execute(JUnit4Provider.java:367)</div><div> at org.apache.maven.surefire.junit4.JUnit4Provider.executeWithRerun(JUnit4Provider.java:274)</div><div> at org.apache.maven.surefire.junit4.JUnit4Provider.executeTestSet(JUnit4Provider.java:238)</div><div> at org.apache.maven.surefire.junit4.JUnit4Provider.invoke(JUnit4Provider.java:161)</div><div> at org.apache.maven.surefire.booter.ForkedBooter.invokeProviderInSameClassLoader(ForkedBooter.java:290)</div><div> at org.apache.maven.surefire.booter.ForkedBooter.runSuitesInProcess(ForkedBooter.java:242)</div><div> at org.apache.maven.surefire.booter.ForkedBooter.main(ForkedBooter.java:121)</div><div>Caused by: java.lang.NoClassDefFoundError: net/bytebuddy/asm/AdviceTypeTest$__CLR4_5_2o49o49lviwwlhn</div><div> at net.bytebuddy.asm.AdviceTypeTest$LongInlineAdvice.foo(AdviceTypeTest.java)</div><div> ... 38 more</div></div>
        </td>
</tr>
<tr>
    <td><span class="sortValue">AdviceTypeTest.testAdviceWithException</span><a href="AdviceTypeTest_testAdviceWithException_if.html">AdviceTypeTest.testAdviceWithException</a></td>
    <td style="whitespace:nowrap;"><span class="sortValue">1714271471815</span>27 Apr 21:31:11</td>
    <td>      <span class="sortValue">3</span><span class="aui-lozenge aui-lozenge-error">FAIL</span>
  </td>
    <td><span class="sortValue">0.018</span>0.018</td>
    <td style="width:50%">
    <span class="sortValue">
Expected:&#160;an&#160;instance&#160;of&#160;java.lang.RuntimeException
&#160;&#160;&#160;&#160;&#160;but:&#160;&lt;java.lang.NoClassDefFoundError:&#160;net/bytebuddy/asm/AdviceTypeTest$__CLR4_5_2o49o49lviwwlhn&gt;&#160;is&#160;a&#160;java.lang.NoClassDefFoundError</span>
        <span class="expand" id="togglebut16" onclick="toggleNodeExpansion('togglebut16', 'msgc16', 'msge16');return false;">&#160;</span>
        <div class="errorMessage" id="msgc16">
Expected:&#160;an&#160;instance&#160;of&#160;java.lang.RuntimeException
&#160;&#160;&#160;&#160;&#160;but:&#160;&lt;java.lang.NoClassDefFoundError:&#160;net/bytebuddy/asm/AdviceTypeTest$__CLR4_5_2o49o49lviwwlhn&gt;&#160;is&#160;a&#160;java.lang.NoClassDefFoundError</div>
        <div class="errorMessage" id="msge16" style="display:none;"> <div>java.lang.AssertionError: </div><div>Expected: an instance of java.lang.RuntimeException</div><div>     but: &lt;java.lang.NoClassDefFoundError: net/bytebuddy/asm/AdviceTypeTest$__CLR4_5_2o49o49lviwwlhn&gt; is a java.lang.NoClassDefFoundError</div><div> at org.hamcrest.MatcherAssert.assertThat(MatcherAssert.java:20)</div><div> at org.hamcrest.MatcherAssert.assertThat(MatcherAssert.java:8)</div><div>	at <a href="../../../net/bytebuddy/asm/AdviceTypeTest.html?line=106#src-106">net.bytebuddy.asm.AdviceTypeTest.testAdviceWithException(AdviceTypeTest.java:106)</a></div><div> at org.junit.runners.model.FrameworkMethod$1.runReflectiveCall(FrameworkMethod.java:50)</div><div> at org.junit.internal.runners.model.ReflectiveCallable.run(ReflectiveCallable.java:12)</div><div> at org.junit.runners.model.FrameworkMethod.invokeExplosively(FrameworkMethod.java:47)</div><div> at org.junit.internal.runners.statements.InvokeMethod.evaluate(InvokeMethod.java:17)</div><div> at org.junit.runners.ParentRunner.runLeaf(ParentRunner.java:325)</div><div> at org.junit.runners.BlockJUnit4ClassRunner.runChild(BlockJUnit4ClassRunner.java:78)</div><div> at org.junit.runners.BlockJUnit4ClassRunner.runChild(BlockJUnit4ClassRunner.java:57)</div><div> at org.junit.runners.ParentRunner$3.run(ParentRunner.java:290)</div><div> at org.junit.runners.ParentRunner$1.schedule(ParentRunner.java:71)</div><div> at org.junit.runners.ParentRunner.runChildren(ParentRunner.java:288)</div><div> at org.junit.runners.ParentRunner.access$000(ParentRunner.java:58)</div><div> at org.junit.runners.ParentRunner$2.evaluate(ParentRunner.java:268)</div><div> at org.junit.runners.ParentRunner.run(ParentRunner.java:363)</div><div> at org.junit.runners.Suite.runChild(Suite.java:128)</div><div> at org.junit.runners.Suite.runChild(Suite.java:27)</div><div> at org.junit.runners.ParentRunner$3.run(ParentRunner.java:290)</div><div> at org.junit.runners.ParentRunner$1.schedule(ParentRunner.java:71)</div><div> at org.junit.runners.ParentRunner.runChildren(ParentRunner.java:288)</div><div> at org.junit.runners.ParentRunner.access$000(ParentRunner.java:58)</div><div> at org.junit.runners.ParentRunner$2.evaluate(ParentRunner.java:268)</div><div> at org.junit.runners.ParentRunner.run(ParentRunner.java:363)</div><div> at org.apache.maven.surefire.junit4.JUnit4Provider.execute(JUnit4Provider.java:367)</div><div> at org.apache.maven.surefire.junit4.JUnit4Provider.executeWithRerun(JUnit4Provider.java:274)</div><div> at org.apache.maven.surefire.junit4.JUnit4Provider.executeTestSet(JUnit4Provider.java:238)</div><div> at org.apache.maven.surefire.junit4.JUnit4Provider.invoke(JUnit4Provider.java:161)</div><div> at org.apache.maven.surefire.booter.ForkedBooter.invokeProviderInSameClassLoader(ForkedBooter.java:290)</div><div> at org.apache.maven.surefire.booter.ForkedBooter.runSuitesInProcess(ForkedBooter.java:242)</div><div> at org.apache.maven.surefire.booter.ForkedBooter.main(ForkedBooter.java:121)</div></div>
        </td>
</tr>
<tr>
    <td><span class="sortValue">AdviceTypeTest.testAdviceWithException</span><a href="AdviceTypeTest_testAdviceWithException_15y.html">AdviceTypeTest.testAdviceWithException</a></td>
    <td style="whitespace:nowrap;"><span class="sortValue">1714271470772</span>27 Apr 21:31:10</td>
    <td>      <span class="sortValue">3</span><span class="aui-lozenge aui-lozenge-error">FAIL</span>
  </td>
    <td><span class="sortValue">0.074</span>0.074</td>
    <td style="width:50%">
    <span class="sortValue">
Expected:&#160;an&#160;instance&#160;of&#160;java.lang.RuntimeException
&#160;&#160;&#160;&#160;&#160;but:&#160;&lt;java.lang.NoClassDefFoundError:&#160;net/bytebuddy/asm/AdviceTypeTest$__CLR4_5_2o49o49lviwwlhn&gt;&#160;is&#160;a&#160;java.lang.NoClassDefFoundError</span>
        <span class="expand" id="togglebut17" onclick="toggleNodeExpansion('togglebut17', 'msgc17', 'msge17');return false;">&#160;</span>
        <div class="errorMessage" id="msgc17">
Expected:&#160;an&#160;instance&#160;of&#160;java.lang.RuntimeException
&#160;&#160;&#160;&#160;&#160;but:&#160;&lt;java.lang.NoClassDefFoundError:&#160;net/bytebuddy/asm/AdviceTypeTest$__CLR4_5_2o49o49lviwwlhn&gt;&#160;is&#160;a&#160;java.lang.NoClassDefFoundError</div>
        <div class="errorMessage" id="msge17" style="display:none;"> <div>java.lang.AssertionError: </div><div>Expected: an instance of java.lang.RuntimeException</div><div>     but: &lt;java.lang.NoClassDefFoundError: net/bytebuddy/asm/AdviceTypeTest$__CLR4_5_2o49o49lviwwlhn&gt; is a java.lang.NoClassDefFoundError</div><div> at org.hamcrest.MatcherAssert.assertThat(MatcherAssert.java:20)</div><div> at org.hamcrest.MatcherAssert.assertThat(MatcherAssert.java:8)</div><div>	at <a href="../../../net/bytebuddy/asm/AdviceTypeTest.html?line=106#src-106">net.bytebuddy.asm.AdviceTypeTest.testAdviceWithException(AdviceTypeTest.java:106)</a></div><div> at org.junit.runners.model.FrameworkMethod$1.runReflectiveCall(FrameworkMethod.java:50)</div><div> at org.junit.internal.runners.model.ReflectiveCallable.run(ReflectiveCallable.java:12)</div><div> at org.junit.runners.model.FrameworkMethod.invokeExplosively(FrameworkMethod.java:47)</div><div> at org.junit.internal.runners.statements.InvokeMethod.evaluate(InvokeMethod.java:17)</div><div> at org.junit.runners.ParentRunner.runLeaf(ParentRunner.java:325)</div><div> at org.junit.runners.BlockJUnit4ClassRunner.runChild(BlockJUnit4ClassRunner.java:78)</div><div> at org.junit.runners.BlockJUnit4ClassRunner.runChild(BlockJUnit4ClassRunner.java:57)</div><div> at org.junit.runners.ParentRunner$3.run(ParentRunner.java:290)</div><div> at org.junit.runners.ParentRunner$1.schedule(ParentRunner.java:71)</div><div> at org.junit.runners.ParentRunner.runChildren(ParentRunner.java:288)</div><div> at org.junit.runners.ParentRunner.access$000(ParentRunner.java:58)</div><div> at org.junit.runners.ParentRunner$2.evaluate(ParentRunner.java:268)</div><div> at org.junit.runners.ParentRunner.run(ParentRunner.java:363)</div><div> at org.junit.runners.Suite.runChild(Suite.java:128)</div><div> at org.junit.runners.Suite.runChild(Suite.java:27)</div><div> at org.junit.runners.ParentRunner$3.run(ParentRunner.java:290)</div><div> at org.junit.runners.ParentRunner$1.schedule(ParentRunner.java:71)</div><div> at org.junit.runners.ParentRunner.runChildren(ParentRunner.java:288)</div><div> at org.junit.runners.ParentRunner.access$000(ParentRunner.java:58)</div><div> at org.junit.runners.ParentRunner$2.evaluate(ParentRunner.java:268)</div><div> at org.junit.runners.ParentRunner.run(ParentRunner.java:363)</div><div> at org.apache.maven.surefire.junit4.JUnit4Provider.execute(JUnit4Provider.java:367)</div><div> at org.apache.maven.surefire.junit4.JUnit4Provider.executeWithRerun(JUnit4Provider.java:274)</div><div> at org.apache.maven.surefire.junit4.JUnit4Provider.executeTestSet(JUnit4Provider.java:238)</div><div> at org.apache.maven.surefire.junit4.JUnit4Provider.invoke(JUnit4Provider.java:161)</div><div> at org.apache.maven.surefire.booter.ForkedBooter.invokeProviderInSameClassLoader(ForkedBooter.java:290)</div><div> at org.apache.maven.surefire.booter.ForkedBooter.runSuitesInProcess(ForkedBooter.java:242)</div><div> at org.apache.maven.surefire.booter.ForkedBooter.main(ForkedBooter.java:121)</div></div>
        </td>
</tr>
<tr>
    <td><span class="sortValue">AdviceTypeTest.testAdvice</span><a href="AdviceTypeTest_testAdvice_8e.html">AdviceTypeTest.testAdvice</a></td>
    <td style="whitespace:nowrap;"><span class="sortValue">1714271473444</span>27 Apr 21:31:13</td>
    <td>      <span class="sortValue">3</span><span class="aui-lozenge aui-lozenge-error">FAIL</span>
  </td>
    <td><span class="sortValue">0.079</span>0.079</td>
    <td style="width:50%">
    <span class="sortValue"></span>
        <span class="expand" id="togglebut18" onclick="toggleNodeExpansion('togglebut18', 'msgc18', 'msge18');return false;">&#160;</span>
        <div class="errorMessage" id="msgc18"></div>
        <div class="errorMessage" id="msge18" style="display:none;"> <div>java.lang.reflect.InvocationTargetException</div><div>	at <a href="../../../net/bytebuddy/asm/AdviceTypeTest.html?line=85#src-85">net.bytebuddy.asm.AdviceTypeTest.testAdvice(AdviceTypeTest.java:85)</a></div><div> at sun.reflect.GeneratedMethodAccessor43.invoke(Unknown Source)</div><div> at org.junit.runners.model.FrameworkMethod$1.runReflectiveCall(FrameworkMethod.java:50)</div><div> at org.junit.internal.runners.model.ReflectiveCallable.run(ReflectiveCallable.java:12)</div><div> at org.junit.runners.model.FrameworkMethod.invokeExplosively(FrameworkMethod.java:47)</div><div> at org.junit.internal.runners.statements.InvokeMethod.evaluate(InvokeMethod.java:17)</div><div> at org.junit.runners.ParentRunner.runLeaf(ParentRunner.java:325)</div><div> at org.junit.runners.BlockJUnit4ClassRunner.runChild(BlockJUnit4ClassRunner.java:78)</div><div> at org.junit.runners.BlockJUnit4ClassRunner.runChild(BlockJUnit4ClassRunner.java:57)</div><div> at org.junit.runners.ParentRunner$3.run(ParentRunner.java:290)</div><div> at org.junit.runners.ParentRunner$1.schedule(ParentRunner.java:71)</div><div> at org.junit.runners.ParentRunner.runChildren(ParentRunner.java:288)</div><div> at org.junit.runners.ParentRunner.access$000(ParentRunner.java:58)</div><div> at org.junit.runners.ParentRunner$2.evaluate(ParentRunner.java:268)</div><div> at org.junit.runners.ParentRunner.run(ParentRunner.java:363)</div><div> at org.junit.runners.Suite.runChild(Suite.java:128)</div><div> at org.junit.runners.Suite.runChild(Suite.java:27)</div><div> at org.junit.runners.ParentRunner$3.run(ParentRunner.java:290)</div><div> at org.junit.runners.ParentRunner$1.schedule(ParentRunner.java:71)</div><div> at org.junit.runners.ParentRunner.runChildren(ParentRunner.java:288)</div><div> at org.junit.runners.ParentRunner.access$000(ParentRunner.java:58)</div><div> at org.junit.runners.ParentRunner$2.evaluate(ParentRunner.java:268)</div><div> at org.junit.runners.ParentRunner.run(ParentRunner.java:363)</div><div> at org.apache.maven.surefire.junit4.JUnit4Provider.execute(JUnit4Provider.java:367)</div><div> at org.apache.maven.surefire.junit4.JUnit4Provider.executeWithRerun(JUnit4Provider.java:274)</div><div> at org.apache.maven.surefire.junit4.JUnit4Provider.executeTestSet(JUnit4Provider.java:238)</div><div> at org.apache.maven.surefire.junit4.JUnit4Provider.invoke(JUnit4Provider.java:161)</div><div> at org.apache.maven.surefire.booter.ForkedBooter.invokeProviderInSameClassLoader(ForkedBooter.java:290)</div><div> at org.apache.maven.surefire.booter.ForkedBooter.runSuitesInProcess(ForkedBooter.java:242)</div><div> at org.apache.maven.surefire.booter.ForkedBooter.main(ForkedBooter.java:121)</div><div>Caused by: java.lang.NoClassDefFoundError: net/bytebuddy/asm/AdviceTypeTest$__CLR4_5_2o49o49lviwwlhn</div><div> at net.bytebuddy.asm.AdviceTypeTest$ReferenceInlineAdvice.foo(AdviceTypeTest.java)</div><div> ... 37 more</div></div>
        </td>
</tr>
<tr>
    <td><span class="sortValue">AdviceTypeTest.testAdvice</span><a href="AdviceTypeTest_testAdvice_3xm.html">AdviceTypeTest.testAdvice</a></td>
    <td style="whitespace:nowrap;"><span class="sortValue">1714271470724</span>27 Apr 21:31:10</td>
    <td>      <span class="sortValue">3</span><span class="aui-lozenge aui-lozenge-error">FAIL</span>
  </td>
    <td><span class="sortValue">0.019</span>0.019</td>
    <td style="width:50%">
    <span class="sortValue"></span>
        <span class="expand" id="togglebut19" onclick="toggleNodeExpansion('togglebut19', 'msgc19', 'msge19');return false;">&#160;</span>
        <div class="errorMessage" id="msgc19"></div>
        <div class="errorMessage" id="msge19" style="display:none;"> <div>java.lang.reflect.InvocationTargetException</div><div>	at <a href="../../../net/bytebuddy/asm/AdviceTypeTest.html?line=85#src-85">net.bytebuddy.asm.AdviceTypeTest.testAdvice(AdviceTypeTest.java:85)</a></div><div> at org.junit.runners.model.FrameworkMethod$1.runReflectiveCall(FrameworkMethod.java:50)</div><div> at org.junit.internal.runners.model.ReflectiveCallable.run(ReflectiveCallable.java:12)</div><div> at org.junit.runners.model.FrameworkMethod.invokeExplosively(FrameworkMethod.java:47)</div><div> at org.junit.internal.runners.statements.InvokeMethod.evaluate(InvokeMethod.java:17)</div><div> at org.junit.runners.ParentRunner.runLeaf(ParentRunner.java:325)</div><div> at org.junit.runners.BlockJUnit4ClassRunner.runChild(BlockJUnit4ClassRunner.java:78)</div><div> at org.junit.runners.BlockJUnit4ClassRunner.runChild(BlockJUnit4ClassRunner.java:57)</div><div> at org.junit.runners.ParentRunner$3.run(ParentRunner.java:290)</div><div> at org.junit.runners.ParentRunner$1.schedule(ParentRunner.java:71)</div><div> at org.junit.runners.ParentRunner.runChildren(ParentRunner.java:288)</div><div> at org.junit.runners.ParentRunner.access$000(ParentRunner.java:58)</div><div> at org.junit.runners.ParentRunner$2.evaluate(ParentRunner.java:268)</div><div> at org.junit.runners.ParentRunner.run(ParentRunner.java:363)</div><div> at org.junit.runners.Suite.runChild(Suite.java:128)</div><div> at org.junit.runners.Suite.runChild(Suite.java:27)</div><div> at org.junit.runners.ParentRunner$3.run(ParentRunner.java:290)</div><div> at org.junit.runners.ParentRunner$1.schedule(ParentRunner.java:71)</div><div> at org.junit.runners.ParentRunner.runChildren(ParentRunner.java:288)</div><div> at org.junit.runners.ParentRunner.access$000(ParentRunner.java:58)</div><div> at org.junit.runners.ParentRunner$2.evaluate(ParentRunner.java:268)</div><div> at org.junit.runners.ParentRunner.run(ParentRunner.java:363)</div><div> at org.apache.maven.surefire.junit4.JUnit4Provider.execute(JUnit4Provider.java:367)</div><div> at org.apache.maven.surefire.junit4.JUnit4Provider.executeWithRerun(JUnit4Provider.java:274)</div><div> at org.apache.maven.surefire.junit4.JUnit4Provider.executeTestSet(JUnit4Provider.java:238)</div><div> at org.apache.maven.surefire.junit4.JUnit4Provider.invoke(JUnit4Provider.java:161)</div><div> at org.apache.maven.surefire.booter.ForkedBooter.invokeProviderInSameClassLoader(ForkedBooter.java:290)</div><div> at org.apache.maven.surefire.booter.ForkedBooter.runSuitesInProcess(ForkedBooter.java:242)</div><div> at org.apache.maven.surefire.booter.ForkedBooter.main(ForkedBooter.java:121)</div><div>Caused by: java.lang.NoClassDefFoundError: net/bytebuddy/asm/AdviceTypeTest$__CLR4_5_2o49o49lviwwlhn</div><div> at net.bytebuddy.asm.AdviceTypeTest$VoidInlineAdvice.foo(AdviceTypeTest.java)</div><div> ... 38 more</div></div>
        </td>
</tr>
<tr>
    <td><span class="sortValue">AdviceTypeTest.testAdviceWithException</span><a href="AdviceTypeTest_testAdviceWithException_3tq.html">AdviceTypeTest.testAdviceWithException</a></td>
    <td style="whitespace:nowrap;"><span class="sortValue">1714271472199</span>27 Apr 21:31:12</td>
    <td>      <span class="sortValue">3</span><span class="aui-lozenge aui-lozenge-error">FAIL</span>
  </td>
    <td><span class="sortValue">0.032</span>0.032</td>
    <td style="width:50%">
    <span class="sortValue">
Expected:&#160;an&#160;instance&#160;of&#160;java.lang.RuntimeException
&#160;&#160;&#160;&#160;&#160;but:&#160;&lt;java.lang.NoClassDefFoundError:&#160;net/bytebuddy/asm/AdviceTypeTest$__CLR4_5_2o49o49lviwwlhn&gt;&#160;is&#160;a&#160;java.lang.NoClassDefFoundError</span>
        <span class="expand" id="togglebut20" onclick="toggleNodeExpansion('togglebut20', 'msgc20', 'msge20');return false;">&#160;</span>
        <div class="errorMessage" id="msgc20">
Expected:&#160;an&#160;instance&#160;of&#160;java.lang.RuntimeException
&#160;&#160;&#160;&#160;&#160;but:&#160;&lt;java.lang.NoClassDefFoundError:&#160;net/bytebuddy/asm/AdviceTypeTest$__CLR4_5_2o49o49lviwwlhn&gt;&#160;is&#160;a&#160;java.lang.NoClassDefFoundError</div>
        <div class="errorMessage" id="msge20" style="display:none;"> <div>java.lang.AssertionError: </div><div>Expected: an instance of java.lang.RuntimeException</div><div>     but: &lt;java.lang.NoClassDefFoundError: net/bytebuddy/asm/AdviceTypeTest$__CLR4_5_2o49o49lviwwlhn&gt; is a java.lang.NoClassDefFoundError</div><div> at org.hamcrest.MatcherAssert.assertThat(MatcherAssert.java:20)</div><div> at org.hamcrest.MatcherAssert.assertThat(MatcherAssert.java:8)</div><div>	at <a href="../../../net/bytebuddy/asm/AdviceTypeTest.html?line=106#src-106">net.bytebuddy.asm.AdviceTypeTest.testAdviceWithException(AdviceTypeTest.java:106)</a></div><div> at org.junit.runners.model.FrameworkMethod$1.runReflectiveCall(FrameworkMethod.java:50)</div><div> at org.junit.internal.runners.model.ReflectiveCallable.run(ReflectiveCallable.java:12)</div><div> at org.junit.runners.model.FrameworkMethod.invokeExplosively(FrameworkMethod.java:47)</div><div> at org.junit.internal.runners.statements.InvokeMethod.evaluate(InvokeMethod.java:17)</div><div> at org.junit.runners.ParentRunner.runLeaf(ParentRunner.java:325)</div><div> at org.junit.runners.BlockJUnit4ClassRunner.runChild(BlockJUnit4ClassRunner.java:78)</div><div> at org.junit.runners.BlockJUnit4ClassRunner.runChild(BlockJUnit4ClassRunner.java:57)</div><div> at org.junit.runners.ParentRunner$3.run(ParentRunner.java:290)</div><div> at org.junit.runners.ParentRunner$1.schedule(ParentRunner.java:71)</div><div> at org.junit.runners.ParentRunner.runChildren(ParentRunner.java:288)</div><div> at org.junit.runners.ParentRunner.access$000(ParentRunner.java:58)</div><div> at org.junit.runners.ParentRunner$2.evaluate(ParentRunner.java:268)</div><div> at org.junit.runners.ParentRunner.run(ParentRunner.java:363)</div><div> at org.junit.runners.Suite.runChild(Suite.java:128)</div><div> at org.junit.runners.Suite.runChild(Suite.java:27)</div><div> at org.junit.runners.ParentRunner$3.run(ParentRunner.java:290)</div><div> at org.junit.runners.ParentRunner$1.schedule(ParentRunner.java:71)</div><div> at org.junit.runners.ParentRunner.runChildren(ParentRunner.java:288)</div><div> at org.junit.runners.ParentRunner.access$000(ParentRunner.java:58)</div><div> at org.junit.runners.ParentRunner$2.evaluate(ParentRunner.java:268)</div><div> at org.junit.runners.ParentRunner.run(ParentRunner.java:363)</div><div> at org.apache.maven.surefire.junit4.JUnit4Provider.execute(JUnit4Provider.java:367)</div><div> at org.apache.maven.surefire.junit4.JUnit4Provider.executeWithRerun(JUnit4Provider.java:274)</div><div> at org.apache.maven.surefire.junit4.JUnit4Provider.executeTestSet(JUnit4Provider.java:238)</div><div> at org.apache.maven.surefire.junit4.JUnit4Provider.invoke(JUnit4Provider.java:161)</div><div> at org.apache.maven.surefire.booter.ForkedBooter.invokeProviderInSameClassLoader(ForkedBooter.java:290)</div><div> at org.apache.maven.surefire.booter.ForkedBooter.runSuitesInProcess(ForkedBooter.java:242)</div><div> at org.apache.maven.surefire.booter.ForkedBooter.main(ForkedBooter.java:121)</div></div>
        </td>
</tr>
<tr>
    <td><span class="sortValue">AdviceTypeTest.testAdviceWithException</span><a href="AdviceTypeTest_testAdviceWithException_wn.html">AdviceTypeTest.testAdviceWithException</a></td>
    <td style="whitespace:nowrap;"><span class="sortValue">1714271471139</span>27 Apr 21:31:11</td>
    <td>      <span class="sortValue">3</span><span class="aui-lozenge aui-lozenge-error">FAIL</span>
  </td>
    <td><span class="sortValue">0.046</span>0.046</td>
    <td style="width:50%">
    <span class="sortValue">
Expected:&#160;an&#160;instance&#160;of&#160;java.lang.RuntimeException
&#160;&#160;&#160;&#160;&#160;but:&#160;&lt;java.lang.NoClassDefFoundError:&#160;net/bytebuddy/asm/AdviceTypeTest$__CLR4_5_2o49o49lviwwlhn&gt;&#160;is&#160;a&#160;java.lang.NoClassDefFoundError</span>
        <span class="expand" id="togglebut21" onclick="toggleNodeExpansion('togglebut21', 'msgc21', 'msge21');return false;">&#160;</span>
        <div class="errorMessage" id="msgc21">
Expected:&#160;an&#160;instance&#160;of&#160;java.lang.RuntimeException
&#160;&#160;&#160;&#160;&#160;but:&#160;&lt;java.lang.NoClassDefFoundError:&#160;net/bytebuddy/asm/AdviceTypeTest$__CLR4_5_2o49o49lviwwlhn&gt;&#160;is&#160;a&#160;java.lang.NoClassDefFoundError</div>
        <div class="errorMessage" id="msge21" style="display:none;"> <div>java.lang.AssertionError: </div><div>Expected: an instance of java.lang.RuntimeException</div><div>     but: &lt;java.lang.NoClassDefFoundError: net/bytebuddy/asm/AdviceTypeTest$__CLR4_5_2o49o49lviwwlhn&gt; is a java.lang.NoClassDefFoundError</div><div> at org.hamcrest.MatcherAssert.assertThat(MatcherAssert.java:20)</div><div> at org.hamcrest.MatcherAssert.assertThat(MatcherAssert.java:8)</div><div>	at <a href="../../../net/bytebuddy/asm/AdviceTypeTest.html?line=106#src-106">net.bytebuddy.asm.AdviceTypeTest.testAdviceWithException(AdviceTypeTest.java:106)</a></div><div> at org.junit.runners.model.FrameworkMethod$1.runReflectiveCall(FrameworkMethod.java:50)</div><div> at org.junit.internal.runners.model.ReflectiveCallable.run(ReflectiveCallable.java:12)</div><div> at org.junit.runners.model.FrameworkMethod.invokeExplosively(FrameworkMethod.java:47)</div><div> at org.junit.internal.runners.statements.InvokeMethod.evaluate(InvokeMethod.java:17)</div><div> at org.junit.runners.ParentRunner.runLeaf(ParentRunner.java:325)</div><div> at org.junit.runners.BlockJUnit4ClassRunner.runChild(BlockJUnit4ClassRunner.java:78)</div><div> at org.junit.runners.BlockJUnit4ClassRunner.runChild(BlockJUnit4ClassRunner.java:57)</div><div> at org.junit.runners.ParentRunner$3.run(ParentRunner.java:290)</div><div> at org.junit.runners.ParentRunner$1.schedule(ParentRunner.java:71)</div><div> at org.junit.runners.ParentRunner.runChildren(ParentRunner.java:288)</div><div> at org.junit.runners.ParentRunner.access$000(ParentRunner.java:58)</div><div> at org.junit.runners.ParentRunner$2.evaluate(ParentRunner.java:268)</div><div> at org.junit.runners.ParentRunner.run(ParentRunner.java:363)</div><div> at org.junit.runners.Suite.runChild(Suite.java:128)</div><div> at org.junit.runners.Suite.runChild(Suite.java:27)</div><div> at org.junit.runners.ParentRunner$3.run(ParentRunner.java:290)</div><div> at org.junit.runners.ParentRunner$1.schedule(ParentRunner.java:71)</div><div> at org.junit.runners.ParentRunner.runChildren(ParentRunner.java:288)</div><div> at org.junit.runners.ParentRunner.access$000(ParentRunner.java:58)</div><div> at org.junit.runners.ParentRunner$2.evaluate(ParentRunner.java:268)</div><div> at org.junit.runners.ParentRunner.run(ParentRunner.java:363)</div><div> at org.apache.maven.surefire.junit4.JUnit4Provider.execute(JUnit4Provider.java:367)</div><div> at org.apache.maven.surefire.junit4.JUnit4Provider.executeWithRerun(JUnit4Provider.java:274)</div><div> at org.apache.maven.surefire.junit4.JUnit4Provider.executeTestSet(JUnit4Provider.java:238)</div><div> at org.apache.maven.surefire.junit4.JUnit4Provider.invoke(JUnit4Provider.java:161)</div><div> at org.apache.maven.surefire.booter.ForkedBooter.invokeProviderInSameClassLoader(ForkedBooter.java:290)</div><div> at org.apache.maven.surefire.booter.ForkedBooter.runSuitesInProcess(ForkedBooter.java:242)</div><div> at org.apache.maven.surefire.booter.ForkedBooter.main(ForkedBooter.java:121)</div></div>
        </td>
</tr>
<tr>
    <td><span class="sortValue">AdviceTypeTest.testAdviceWithException</span><a href="AdviceTypeTest_testAdviceWithException_2gc.html">AdviceTypeTest.testAdviceWithException</a></td>
    <td style="whitespace:nowrap;"><span class="sortValue">1714271470898</span>27 Apr 21:31:10</td>
    <td>      <span class="sortValue">3</span><span class="aui-lozenge aui-lozenge-error">FAIL</span>
  </td>
    <td><span class="sortValue">0.021</span>0.021</td>
    <td style="width:50%">
    <span class="sortValue">
Expected:&#160;an&#160;instance&#160;of&#160;java.lang.RuntimeException
&#160;&#160;&#160;&#160;&#160;but:&#160;&lt;java.lang.NoClassDefFoundError:&#160;net/bytebuddy/asm/AdviceTypeTest$__CLR4_5_2o49o49lviwwlhn&gt;&#160;is&#160;a&#160;java.lang.NoClassDefFoundError</span>
        <span class="expand" id="togglebut22" onclick="toggleNodeExpansion('togglebut22', 'msgc22', 'msge22');return false;">&#160;</span>
        <div class="errorMessage" id="msgc22">
Expected:&#160;an&#160;instance&#160;of&#160;java.lang.RuntimeException
&#160;&#160;&#160;&#160;&#160;but:&#160;&lt;java.lang.NoClassDefFoundError:&#160;net/bytebuddy/asm/AdviceTypeTest$__CLR4_5_2o49o49lviwwlhn&gt;&#160;is&#160;a&#160;java.lang.NoClassDefFoundError</div>
        <div class="errorMessage" id="msge22" style="display:none;"> <div>java.lang.AssertionError: </div><div>Expected: an instance of java.lang.RuntimeException</div><div>     but: &lt;java.lang.NoClassDefFoundError: net/bytebuddy/asm/AdviceTypeTest$__CLR4_5_2o49o49lviwwlhn&gt; is a java.lang.NoClassDefFoundError</div><div> at org.hamcrest.MatcherAssert.assertThat(MatcherAssert.java:20)</div><div> at org.hamcrest.MatcherAssert.assertThat(MatcherAssert.java:8)</div><div>	at <a href="../../../net/bytebuddy/asm/AdviceTypeTest.html?line=106#src-106">net.bytebuddy.asm.AdviceTypeTest.testAdviceWithException(AdviceTypeTest.java:106)</a></div><div> at org.junit.runners.model.FrameworkMethod$1.runReflectiveCall(FrameworkMethod.java:50)</div><div> at org.junit.internal.runners.model.ReflectiveCallable.run(ReflectiveCallable.java:12)</div><div> at org.junit.runners.model.FrameworkMethod.invokeExplosively(FrameworkMethod.java:47)</div><div> at org.junit.internal.runners.statements.InvokeMethod.evaluate(InvokeMethod.java:17)</div><div> at org.junit.runners.ParentRunner.runLeaf(ParentRunner.java:325)</div><div> at org.junit.runners.BlockJUnit4ClassRunner.runChild(BlockJUnit4ClassRunner.java:78)</div><div> at org.junit.runners.BlockJUnit4ClassRunner.runChild(BlockJUnit4ClassRunner.java:57)</div><div> at org.junit.runners.ParentRunner$3.run(ParentRunner.java:290)</div><div> at org.junit.runners.ParentRunner$1.schedule(ParentRunner.java:71)</div><div> at org.junit.runners.ParentRunner.runChildren(ParentRunner.java:288)</div><div> at org.junit.runners.ParentRunner.access$000(ParentRunner.java:58)</div><div> at org.junit.runners.ParentRunner$2.evaluate(ParentRunner.java:268)</div><div> at org.junit.runners.ParentRunner.run(ParentRunner.java:363)</div><div> at org.junit.runners.Suite.runChild(Suite.java:128)</div><div> at org.junit.runners.Suite.runChild(Suite.java:27)</div><div> at org.junit.runners.ParentRunner$3.run(ParentRunner.java:290)</div><div> at org.junit.runners.ParentRunner$1.schedule(ParentRunner.java:71)</div><div> at org.junit.runners.ParentRunner.runChildren(ParentRunner.java:288)</div><div> at org.junit.runners.ParentRunner.access$000(ParentRunner.java:58)</div><div> at org.junit.runners.ParentRunner$2.evaluate(ParentRunner.java:268)</div><div> at org.junit.runners.ParentRunner.run(ParentRunner.java:363)</div><div> at org.apache.maven.surefire.junit4.JUnit4Provider.execute(JUnit4Provider.java:367)</div><div> at org.apache.maven.surefire.junit4.JUnit4Provider.executeWithRerun(JUnit4Provider.java:274)</div><div> at org.apache.maven.surefire.junit4.JUnit4Provider.executeTestSet(JUnit4Provider.java:238)</div><div> at org.apache.maven.surefire.junit4.JUnit4Provider.invoke(JUnit4Provider.java:161)</div><div> at org.apache.maven.surefire.booter.ForkedBooter.invokeProviderInSameClassLoader(ForkedBooter.java:290)</div><div> at org.apache.maven.surefire.booter.ForkedBooter.runSuitesInProcess(ForkedBooter.java:242)</div><div> at org.apache.maven.surefire.booter.ForkedBooter.main(ForkedBooter.java:121)</div></div>
        </td>
</tr>
<tr>
    <td><span class="sortValue">AdviceTypeTest.testAdviceWithException</span><a href="AdviceTypeTest_testAdviceWithException_1yr.html">AdviceTypeTest.testAdviceWithException</a></td>
    <td style="whitespace:nowrap;"><span class="sortValue">1714271473545</span>27 Apr 21:31:13</td>
    <td>      <span class="sortValue">3</span><span class="aui-lozenge aui-lozenge-error">FAIL</span>
  </td>
    <td><span class="sortValue">0.05</span>0.05</td>
    <td style="width:50%">
    <span class="sortValue">
Expected:&#160;an&#160;instance&#160;of&#160;java.lang.RuntimeException
&#160;&#160;&#160;&#160;&#160;but:&#160;&lt;java.lang.NoClassDefFoundError:&#160;net/bytebuddy/asm/AdviceTypeTest$__CLR4_5_2o49o49lviwwlhn&gt;&#160;is&#160;a&#160;java.lang.NoClassDefFoundError</span>
        <span class="expand" id="togglebut23" onclick="toggleNodeExpansion('togglebut23', 'msgc23', 'msge23');return false;">&#160;</span>
        <div class="errorMessage" id="msgc23">
Expected:&#160;an&#160;instance&#160;of&#160;java.lang.RuntimeException
&#160;&#160;&#160;&#160;&#160;but:&#160;&lt;java.lang.NoClassDefFoundError:&#160;net/bytebuddy/asm/AdviceTypeTest$__CLR4_5_2o49o49lviwwlhn&gt;&#160;is&#160;a&#160;java.lang.NoClassDefFoundError</div>
        <div class="errorMessage" id="msge23" style="display:none;"> <div>java.lang.AssertionError: </div><div>Expected: an instance of java.lang.RuntimeException</div><div>     but: &lt;java.lang.NoClassDefFoundError: net/bytebuddy/asm/AdviceTypeTest$__CLR4_5_2o49o49lviwwlhn&gt; is a java.lang.NoClassDefFoundError</div><div> at org.hamcrest.MatcherAssert.assertThat(MatcherAssert.java:20)</div><div> at org.hamcrest.MatcherAssert.assertThat(MatcherAssert.java:8)</div><div>	at <a href="../../../net/bytebuddy/asm/AdviceTypeTest.html?line=106#src-106">net.bytebuddy.asm.AdviceTypeTest.testAdviceWithException(AdviceTypeTest.java:106)</a></div><div> at sun.reflect.GeneratedMethodAccessor42.invoke(Unknown Source)</div><div> at org.junit.runners.model.FrameworkMethod$1.runReflectiveCall(FrameworkMethod.java:50)</div><div> at org.junit.internal.runners.model.ReflectiveCallable.run(ReflectiveCallable.java:12)</div><div> at org.junit.runners.model.FrameworkMethod.invokeExplosively(FrameworkMethod.java:47)</div><div> at org.junit.internal.runners.statements.InvokeMethod.evaluate(InvokeMethod.java:17)</div><div> at org.junit.runners.ParentRunner.runLeaf(ParentRunner.java:325)</div><div> at org.junit.runners.BlockJUnit4ClassRunner.runChild(BlockJUnit4ClassRunner.java:78)</div><div> at org.junit.runners.BlockJUnit4ClassRunner.runChild(BlockJUnit4ClassRunner.java:57)</div><div> at org.junit.runners.ParentRunner$3.run(ParentRunner.java:290)</div><div> at org.junit.runners.ParentRunner$1.schedule(ParentRunner.java:71)</div><div> at org.junit.runners.ParentRunner.runChildren(ParentRunner.java:288)</div><div> at org.junit.runners.ParentRunner.access$000(ParentRunner.java:58)</div><div> at org.junit.runners.ParentRunner$2.evaluate(ParentRunner.java:268)</div><div> at org.junit.runners.ParentRunner.run(ParentRunner.java:363)</div><div> at org.junit.runners.Suite.runChild(Suite.java:128)</div><div> at org.junit.runners.Suite.runChild(Suite.java:27)</div><div> at org.junit.runners.ParentRunner$3.run(ParentRunner.java:290)</div><div> at org.junit.runners.ParentRunner$1.schedule(ParentRunner.java:71)</div><div> at org.junit.runners.ParentRunner.runChildren(ParentRunner.java:288)</div><div> at org.junit.runners.ParentRunner.access$000(ParentRunner.java:58)</div><div> at org.junit.runners.ParentRunner$2.evaluate(ParentRunner.java:268)</div><div> at org.junit.runners.ParentRunner.run(ParentRunner.java:363)</div><div> at org.apache.maven.surefire.junit4.JUnit4Provider.execute(JUnit4Provider.java:367)</div><div> at org.apache.maven.surefire.junit4.JUnit4Provider.executeWithRerun(JUnit4Provider.java:274)</div><div> at org.apache.maven.surefire.junit4.JUnit4Provider.executeTestSet(JUnit4Provider.java:238)</div><div> at org.apache.maven.surefire.junit4.JUnit4Provider.invoke(JUnit4Provider.java:161)</div><div> at org.apache.maven.surefire.booter.ForkedBooter.invokeProviderInSameClassLoader(ForkedBooter.java:290)</div><div> at org.apache.maven.surefire.booter.ForkedBooter.runSuitesInProcess(ForkedBooter.java:242)</div><div> at org.apache.maven.surefire.booter.ForkedBooter.main(ForkedBooter.java:121)</div></div>
        </td>
</tr>
<tr>
    <td><span class="sortValue">AdviceTypeTest.testAdvice</span><a href="AdviceTypeTest_testAdvice_3xt.html">AdviceTypeTest.testAdvice</a></td>
    <td style="whitespace:nowrap;"><span class="sortValue">1714271471126</span>27 Apr 21:31:11</td>
    <td>      <span class="sortValue">3</span><span class="aui-lozenge aui-lozenge-error">FAIL</span>
  </td>
    <td><span class="sortValue">0.012</span>0.012</td>
    <td style="width:50%">
    <span class="sortValue"></span>
        <span class="expand" id="togglebut24" onclick="toggleNodeExpansion('togglebut24', 'msgc24', 'msge24');return false;">&#160;</span>
        <div class="errorMessage" id="msgc24"></div>
        <div class="errorMessage" id="msge24" style="display:none;"> <div>java.lang.reflect.InvocationTargetException</div><div>	at <a href="../../../net/bytebuddy/asm/AdviceTypeTest.html?line=85#src-85">net.bytebuddy.asm.AdviceTypeTest.testAdvice(AdviceTypeTest.java:85)</a></div><div> at org.junit.runners.model.FrameworkMethod$1.runReflectiveCall(FrameworkMethod.java:50)</div><div> at org.junit.internal.runners.model.ReflectiveCallable.run(ReflectiveCallable.java:12)</div><div> at org.junit.runners.model.FrameworkMethod.invokeExplosively(FrameworkMethod.java:47)</div><div> at org.junit.internal.runners.statements.InvokeMethod.evaluate(InvokeMethod.java:17)</div><div> at org.junit.runners.ParentRunner.runLeaf(ParentRunner.java:325)</div><div> at org.junit.runners.BlockJUnit4ClassRunner.runChild(BlockJUnit4ClassRunner.java:78)</div><div> at org.junit.runners.BlockJUnit4ClassRunner.runChild(BlockJUnit4ClassRunner.java:57)</div><div> at org.junit.runners.ParentRunner$3.run(ParentRunner.java:290)</div><div> at org.junit.runners.ParentRunner$1.schedule(ParentRunner.java:71)</div><div> at org.junit.runners.ParentRunner.runChildren(ParentRunner.java:288)</div><div> at org.junit.runners.ParentRunner.access$000(ParentRunner.java:58)</div><div> at org.junit.runners.ParentRunner$2.evaluate(ParentRunner.java:268)</div><div> at org.junit.runners.ParentRunner.run(ParentRunner.java:363)</div><div> at org.junit.runners.Suite.runChild(Suite.java:128)</div><div> at org.junit.runners.Suite.runChild(Suite.java:27)</div><div> at org.junit.runners.ParentRunner$3.run(ParentRunner.java:290)</div><div> at org.junit.runners.ParentRunner$1.schedule(ParentRunner.java:71)</div><div> at org.junit.runners.ParentRunner.runChildren(ParentRunner.java:288)</div><div> at org.junit.runners.ParentRunner.access$000(ParentRunner.java:58)</div><div> at org.junit.runners.ParentRunner$2.evaluate(ParentRunner.java:268)</div><div> at org.junit.runners.ParentRunner.run(ParentRunner.java:363)</div><div> at org.apache.maven.surefire.junit4.JUnit4Provider.execute(JUnit4Provider.java:367)</div><div> at org.apache.maven.surefire.junit4.JUnit4Provider.executeWithRerun(JUnit4Provider.java:274)</div><div> at org.apache.maven.surefire.junit4.JUnit4Provider.executeTestSet(JUnit4Provider.java:238)</div><div> at org.apache.maven.surefire.junit4.JUnit4Provider.invoke(JUnit4Provider.java:161)</div><div> at org.apache.maven.surefire.booter.ForkedBooter.invokeProviderInSameClassLoader(ForkedBooter.java:290)</div><div> at org.apache.maven.surefire.booter.ForkedBooter.runSuitesInProcess(ForkedBooter.java:242)</div><div> at org.apache.maven.surefire.booter.ForkedBooter.main(ForkedBooter.java:121)</div><div>Caused by: java.lang.NoClassDefFoundError: net/bytebuddy/asm/AdviceTypeTest$__CLR4_5_2o49o49lviwwlhn</div><div>	at <a href="../../../net/bytebuddy/asm/AdviceTypeTest.html?line=524#src-524">net.bytebuddy.asm.AdviceTypeTest$ByteDelegationAdvice.enter(AdviceTypeTest.java:524)</a></div><div> at net.bytebuddy.asm.AdviceTypeTest$ByteDelegationAdvice.foo(AdviceTypeTest.java)</div><div> ... 38 more</div></div>
        </td>
</tr>
<tr>
    <td><span class="sortValue">AdviceTypeTest.testAdviceWithException</span><a href="AdviceTypeTest_testAdviceWithException_39t.html">AdviceTypeTest.testAdviceWithException</a></td>
    <td style="whitespace:nowrap;"><span class="sortValue">1714271471994</span>27 Apr 21:31:11</td>
    <td>      <span class="sortValue">3</span><span class="aui-lozenge aui-lozenge-error">FAIL</span>
  </td>
    <td><span class="sortValue">0.032</span>0.032</td>
    <td style="width:50%">
    <span class="sortValue">
Expected:&#160;an&#160;instance&#160;of&#160;java.lang.RuntimeException
&#160;&#160;&#160;&#160;&#160;but:&#160;&lt;java.lang.NoClassDefFoundError:&#160;net/bytebuddy/asm/AdviceTypeTest$__CLR4_5_2o49o49lviwwlhn&gt;&#160;is&#160;a&#160;java.lang.NoClassDefFoundError</span>
        <span class="expand" id="togglebut25" onclick="toggleNodeExpansion('togglebut25', 'msgc25', 'msge25');return false;">&#160;</span>
        <div class="errorMessage" id="msgc25">
Expected:&#160;an&#160;instance&#160;of&#160;java.lang.RuntimeException
&#160;&#160;&#160;&#160;&#160;but:&#160;&lt;java.lang.NoClassDefFoundError:&#160;net/bytebuddy/asm/AdviceTypeTest$__CLR4_5_2o49o49lviwwlhn&gt;&#160;is&#160;a&#160;java.lang.NoClassDefFoundError</div>
        <div class="errorMessage" id="msge25" style="display:none;"> <div>java.lang.AssertionError: </div><div>Expected: an instance of java.lang.RuntimeException</div><div>     but: &lt;java.lang.NoClassDefFoundError: net/bytebuddy/asm/AdviceTypeTest$__CLR4_5_2o49o49lviwwlhn&gt; is a java.lang.NoClassDefFoundError</div><div> at org.hamcrest.MatcherAssert.assertThat(MatcherAssert.java:20)</div><div> at org.hamcrest.MatcherAssert.assertThat(MatcherAssert.java:8)</div><div>	at <a href="../../../net/bytebuddy/asm/AdviceTypeTest.html?line=106#src-106">net.bytebuddy.asm.AdviceTypeTest.testAdviceWithException(AdviceTypeTest.java:106)</a></div><div> at org.junit.runners.model.FrameworkMethod$1.runReflectiveCall(FrameworkMethod.java:50)</div><div> at org.junit.internal.runners.model.ReflectiveCallable.run(ReflectiveCallable.java:12)</div><div> at org.junit.runners.model.FrameworkMethod.invokeExplosively(FrameworkMethod.java:47)</div><div> at org.junit.internal.runners.statements.InvokeMethod.evaluate(InvokeMethod.java:17)</div><div> at org.junit.runners.ParentRunner.runLeaf(ParentRunner.java:325)</div><div> at org.junit.runners.BlockJUnit4ClassRunner.runChild(BlockJUnit4ClassRunner.java:78)</div><div> at org.junit.runners.BlockJUnit4ClassRunner.runChild(BlockJUnit4ClassRunner.java:57)</div><div> at org.junit.runners.ParentRunner$3.run(ParentRunner.java:290)</div><div> at org.junit.runners.ParentRunner$1.schedule(ParentRunner.java:71)</div><div> at org.junit.runners.ParentRunner.runChildren(ParentRunner.java:288)</div><div> at org.junit.runners.ParentRunner.access$000(ParentRunner.java:58)</div><div> at org.junit.runners.ParentRunner$2.evaluate(ParentRunner.java:268)</div><div> at org.junit.runners.ParentRunner.run(ParentRunner.java:363)</div><div> at org.junit.runners.Suite.runChild(Suite.java:128)</div><div> at org.junit.runners.Suite.runChild(Suite.java:27)</div><div> at org.junit.runners.ParentRunner$3.run(ParentRunner.java:290)</div><div> at org.junit.runners.ParentRunner$1.schedule(ParentRunner.java:71)</div><div> at org.junit.runners.ParentRunner.runChildren(ParentRunner.java:288)</div><div> at org.junit.runners.ParentRunner.access$000(ParentRunner.java:58)</div><div> at org.junit.runners.ParentRunner$2.evaluate(ParentRunner.java:268)</div><div> at org.junit.runners.ParentRunner.run(ParentRunner.java:363)</div><div> at org.apache.maven.surefire.junit4.JUnit4Provider.execute(JUnit4Provider.java:367)</div><div> at org.apache.maven.surefire.junit4.JUnit4Provider.executeWithRerun(JUnit4Provider.java:274)</div><div> at org.apache.maven.surefire.junit4.JUnit4Provider.executeTestSet(JUnit4Provider.java:238)</div><div> at org.apache.maven.surefire.junit4.JUnit4Provider.invoke(JUnit4Provider.java:161)</div><div> at org.apache.maven.surefire.booter.ForkedBooter.invokeProviderInSameClassLoader(ForkedBooter.java:290)</div><div> at org.apache.maven.surefire.booter.ForkedBooter.runSuitesInProcess(ForkedBooter.java:242)</div><div> at org.apache.maven.surefire.booter.ForkedBooter.main(ForkedBooter.java:121)</div></div>
        </td>
</tr>
<tr>
    <td><span class="sortValue">AdviceTypeTest.testAdviceWithException</span><a href="AdviceTypeTest_testAdviceWithException_fr.html">AdviceTypeTest.testAdviceWithException</a></td>
    <td style="whitespace:nowrap;"><span class="sortValue">1714271472056</span>27 Apr 21:31:12</td>
    <td>      <span class="sortValue">3</span><span class="aui-lozenge aui-lozenge-error">FAIL</span>
  </td>
    <td><span class="sortValue">0.018</span>0.018</td>
    <td style="width:50%">
    <span class="sortValue">
Expected:&#160;an&#160;instance&#160;of&#160;java.lang.RuntimeException
&#160;&#160;&#160;&#160;&#160;but:&#160;&lt;java.lang.NoClassDefFoundError:&#160;net/bytebuddy/asm/AdviceTypeTest$__CLR4_5_2o49o49lviwwlhn&gt;&#160;is&#160;a&#160;java.lang.NoClassDefFoundError</span>
        <span class="expand" id="togglebut26" onclick="toggleNodeExpansion('togglebut26', 'msgc26', 'msge26');return false;">&#160;</span>
        <div class="errorMessage" id="msgc26">
Expected:&#160;an&#160;instance&#160;of&#160;java.lang.RuntimeException
&#160;&#160;&#160;&#160;&#160;but:&#160;&lt;java.lang.NoClassDefFoundError:&#160;net/bytebuddy/asm/AdviceTypeTest$__CLR4_5_2o49o49lviwwlhn&gt;&#160;is&#160;a&#160;java.lang.NoClassDefFoundError</div>
        <div class="errorMessage" id="msge26" style="display:none;"> <div>java.lang.AssertionError: </div><div>Expected: an instance of java.lang.RuntimeException</div><div>     but: &lt;java.lang.NoClassDefFoundError: net/bytebuddy/asm/AdviceTypeTest$__CLR4_5_2o49o49lviwwlhn&gt; is a java.lang.NoClassDefFoundError</div><div> at org.hamcrest.MatcherAssert.assertThat(MatcherAssert.java:20)</div><div> at org.hamcrest.MatcherAssert.assertThat(MatcherAssert.java:8)</div><div>	at <a href="../../../net/bytebuddy/asm/AdviceTypeTest.html?line=106#src-106">net.bytebuddy.asm.AdviceTypeTest.testAdviceWithException(AdviceTypeTest.java:106)</a></div><div> at org.junit.runners.model.FrameworkMethod$1.runReflectiveCall(FrameworkMethod.java:50)</div><div> at org.junit.internal.runners.model.ReflectiveCallable.run(ReflectiveCallable.java:12)</div><div> at org.junit.runners.model.FrameworkMethod.invokeExplosively(FrameworkMethod.java:47)</div><div> at org.junit.internal.runners.statements.InvokeMethod.evaluate(InvokeMethod.java:17)</div><div> at org.junit.runners.ParentRunner.runLeaf(ParentRunner.java:325)</div><div> at org.junit.runners.BlockJUnit4ClassRunner.runChild(BlockJUnit4ClassRunner.java:78)</div><div> at org.junit.runners.BlockJUnit4ClassRunner.runChild(BlockJUnit4ClassRunner.java:57)</div><div> at org.junit.runners.ParentRunner$3.run(ParentRunner.java:290)</div><div> at org.junit.runners.ParentRunner$1.schedule(ParentRunner.java:71)</div><div> at org.junit.runners.ParentRunner.runChildren(ParentRunner.java:288)</div><div> at org.junit.runners.ParentRunner.access$000(ParentRunner.java:58)</div><div> at org.junit.runners.ParentRunner$2.evaluate(ParentRunner.java:268)</div><div> at org.junit.runners.ParentRunner.run(ParentRunner.java:363)</div><div> at org.junit.runners.Suite.runChild(Suite.java:128)</div><div> at org.junit.runners.Suite.runChild(Suite.java:27)</div><div> at org.junit.runners.ParentRunner$3.run(ParentRunner.java:290)</div><div> at org.junit.runners.ParentRunner$1.schedule(ParentRunner.java:71)</div><div> at org.junit.runners.ParentRunner.runChildren(ParentRunner.java:288)</div><div> at org.junit.runners.ParentRunner.access$000(ParentRunner.java:58)</div><div> at org.junit.runners.ParentRunner$2.evaluate(ParentRunner.java:268)</div><div> at org.junit.runners.ParentRunner.run(ParentRunner.java:363)</div><div> at org.apache.maven.surefire.junit4.JUnit4Provider.execute(JUnit4Provider.java:367)</div><div> at org.apache.maven.surefire.junit4.JUnit4Provider.executeWithRerun(JUnit4Provider.java:274)</div><div> at org.apache.maven.surefire.junit4.JUnit4Provider.executeTestSet(JUnit4Provider.java:238)</div><div> at org.apache.maven.surefire.junit4.JUnit4Provider.invoke(JUnit4Provider.java:161)</div><div> at org.apache.maven.surefire.booter.ForkedBooter.invokeProviderInSameClassLoader(ForkedBooter.java:290)</div><div> at org.apache.maven.surefire.booter.ForkedBooter.runSuitesInProcess(ForkedBooter.java:242)</div><div> at org.apache.maven.surefire.booter.ForkedBooter.main(ForkedBooter.java:121)</div></div>
        </td>
</tr>
<tr>
    <td><span class="sortValue">AdviceTypeTest.testAdvice</span><a href="AdviceTypeTest_testAdvice_3wd.html">AdviceTypeTest.testAdvice</a></td>
    <td style="whitespace:nowrap;"><span class="sortValue">1714271471752</span>27 Apr 21:31:11</td>
    <td>      <span class="sortValue">3</span><span class="aui-lozenge aui-lozenge-error">FAIL</span>
  </td>
    <td><span class="sortValue">0.011</span>0.011</td>
    <td style="width:50%">
    <span class="sortValue"></span>
        <span class="expand" id="togglebut27" onclick="toggleNodeExpansion('togglebut27', 'msgc27', 'msge27');return false;">&#160;</span>
        <div class="errorMessage" id="msgc27"></div>
        <div class="errorMessage" id="msge27" style="display:none;"> <div>java.lang.reflect.InvocationTargetException</div><div>	at <a href="../../../net/bytebuddy/asm/AdviceTypeTest.html?line=85#src-85">net.bytebuddy.asm.AdviceTypeTest.testAdvice(AdviceTypeTest.java:85)</a></div><div> at org.junit.runners.model.FrameworkMethod$1.runReflectiveCall(FrameworkMethod.java:50)</div><div> at org.junit.internal.runners.model.ReflectiveCallable.run(ReflectiveCallable.java:12)</div><div> at org.junit.runners.model.FrameworkMethod.invokeExplosively(FrameworkMethod.java:47)</div><div> at org.junit.internal.runners.statements.InvokeMethod.evaluate(InvokeMethod.java:17)</div><div> at org.junit.runners.ParentRunner.runLeaf(ParentRunner.java:325)</div><div> at org.junit.runners.BlockJUnit4ClassRunner.runChild(BlockJUnit4ClassRunner.java:78)</div><div> at org.junit.runners.BlockJUnit4ClassRunner.runChild(BlockJUnit4ClassRunner.java:57)</div><div> at org.junit.runners.ParentRunner$3.run(ParentRunner.java:290)</div><div> at org.junit.runners.ParentRunner$1.schedule(ParentRunner.java:71)</div><div> at org.junit.runners.ParentRunner.runChildren(ParentRunner.java:288)</div><div> at org.junit.runners.ParentRunner.access$000(ParentRunner.java:58)</div><div> at org.junit.runners.ParentRunner$2.evaluate(ParentRunner.java:268)</div><div> at org.junit.runners.ParentRunner.run(ParentRunner.java:363)</div><div> at org.junit.runners.Suite.runChild(Suite.java:128)</div><div> at org.junit.runners.Suite.runChild(Suite.java:27)</div><div> at org.junit.runners.ParentRunner$3.run(ParentRunner.java:290)</div><div> at org.junit.runners.ParentRunner$1.schedule(ParentRunner.java:71)</div><div> at org.junit.runners.ParentRunner.runChildren(ParentRunner.java:288)</div><div> at org.junit.runners.ParentRunner.access$000(ParentRunner.java:58)</div><div> at org.junit.runners.ParentRunner$2.evaluate(ParentRunner.java:268)</div><div> at org.junit.runners.ParentRunner.run(ParentRunner.java:363)</div><div> at org.apache.maven.surefire.junit4.JUnit4Provider.execute(JUnit4Provider.java:367)</div><div> at org.apache.maven.surefire.junit4.JUnit4Provider.executeWithRerun(JUnit4Provider.java:274)</div><div> at org.apache.maven.surefire.junit4.JUnit4Provider.executeTestSet(JUnit4Provider.java:238)</div><div> at org.apache.maven.surefire.junit4.JUnit4Provider.invoke(JUnit4Provider.java:161)</div><div> at org.apache.maven.surefire.booter.ForkedBooter.invokeProviderInSameClassLoader(ForkedBooter.java:290)</div><div> at org.apache.maven.surefire.booter.ForkedBooter.runSuitesInProcess(ForkedBooter.java:242)</div><div> at org.apache.maven.surefire.booter.ForkedBooter.main(ForkedBooter.java:121)</div><div>Caused by: java.lang.NoClassDefFoundError: net/bytebuddy/asm/AdviceTypeTest$__CLR4_5_2o49o49lviwwlhn</div><div>	at <a href="../../../net/bytebuddy/asm/AdviceTypeTest.html?line=699#src-699">net.bytebuddy.asm.AdviceTypeTest$ShortDelegationAdvice.enter(AdviceTypeTest.java:699)</a></div><div> at net.bytebuddy.asm.AdviceTypeTest$ShortDelegationAdvice.foo(AdviceTypeTest.java)</div><div> ... 38 more</div></div>
        </td>
</tr>
<tr>
    <td><span class="sortValue">AdviceTypeTest.testAdviceWithException</span><a href="AdviceTypeTest_testAdviceWithException_1l6.html">AdviceTypeTest.testAdviceWithException</a></td>
    <td style="whitespace:nowrap;"><span class="sortValue">1714271470743</span>27 Apr 21:31:10</td>
    <td>      <span class="sortValue">3</span><span class="aui-lozenge aui-lozenge-error">FAIL</span>
  </td>
    <td><span class="sortValue">0.016</span>0.016</td>
    <td style="width:50%">
    <span class="sortValue">
Expected:&#160;an&#160;instance&#160;of&#160;java.lang.RuntimeException
&#160;&#160;&#160;&#160;&#160;but:&#160;&lt;java.lang.NoClassDefFoundError:&#160;net/bytebuddy/asm/AdviceTypeTest$__CLR4_5_2o49o49lviwwlhn&gt;&#160;is&#160;a&#160;java.lang.NoClassDefFoundError</span>
        <span class="expand" id="togglebut28" onclick="toggleNodeExpansion('togglebut28', 'msgc28', 'msge28');return false;">&#160;</span>
        <div class="errorMessage" id="msgc28">
Expected:&#160;an&#160;instance&#160;of&#160;java.lang.RuntimeException
&#160;&#160;&#160;&#160;&#160;but:&#160;&lt;java.lang.NoClassDefFoundError:&#160;net/bytebuddy/asm/AdviceTypeTest$__CLR4_5_2o49o49lviwwlhn&gt;&#160;is&#160;a&#160;java.lang.NoClassDefFoundError</div>
        <div class="errorMessage" id="msge28" style="display:none;"> <div>java.lang.AssertionError: </div><div>Expected: an instance of java.lang.RuntimeException</div><div>     but: &lt;java.lang.NoClassDefFoundError: net/bytebuddy/asm/AdviceTypeTest$__CLR4_5_2o49o49lviwwlhn&gt; is a java.lang.NoClassDefFoundError</div><div> at org.hamcrest.MatcherAssert.assertThat(MatcherAssert.java:20)</div><div> at org.hamcrest.MatcherAssert.assertThat(MatcherAssert.java:8)</div><div>	at <a href="../../../net/bytebuddy/asm/AdviceTypeTest.html?line=106#src-106">net.bytebuddy.asm.AdviceTypeTest.testAdviceWithException(AdviceTypeTest.java:106)</a></div><div> at org.junit.runners.model.FrameworkMethod$1.runReflectiveCall(FrameworkMethod.java:50)</div><div> at org.junit.internal.runners.model.ReflectiveCallable.run(ReflectiveCallable.java:12)</div><div> at org.junit.runners.model.FrameworkMethod.invokeExplosively(FrameworkMethod.java:47)</div><div> at org.junit.internal.runners.statements.InvokeMethod.evaluate(InvokeMethod.java:17)</div><div> at org.junit.runners.ParentRunner.runLeaf(ParentRunner.java:325)</div><div> at org.junit.runners.BlockJUnit4ClassRunner.runChild(BlockJUnit4ClassRunner.java:78)</div><div> at org.junit.runners.BlockJUnit4ClassRunner.runChild(BlockJUnit4ClassRunner.java:57)</div><div> at org.junit.runners.ParentRunner$3.run(ParentRunner.java:290)</div><div> at org.junit.runners.ParentRunner$1.schedule(ParentRunner.java:71)</div><div> at org.junit.runners.ParentRunner.runChildren(ParentRunner.java:288)</div><div> at org.junit.runners.ParentRunner.access$000(ParentRunner.java:58)</div><div> at org.junit.runners.ParentRunner$2.evaluate(ParentRunner.java:268)</div><div> at org.junit.runners.ParentRunner.run(ParentRunner.java:363)</div><div> at org.junit.runners.Suite.runChild(Suite.java:128)</div><div> at org.junit.runners.Suite.runChild(Suite.java:27)</div><div> at org.junit.runners.ParentRunner$3.run(ParentRunner.java:290)</div><div> at org.junit.runners.ParentRunner$1.schedule(ParentRunner.java:71)</div><div> at org.junit.runners.ParentRunner.runChildren(ParentRunner.java:288)</div><div> at org.junit.runners.ParentRunner.access$000(ParentRunner.java:58)</div><div> at org.junit.runners.ParentRunner$2.evaluate(ParentRunner.java:268)</div><div> at org.junit.runners.ParentRunner.run(ParentRunner.java:363)</div><div> at org.apache.maven.surefire.junit4.JUnit4Provider.execute(JUnit4Provider.java:367)</div><div> at org.apache.maven.surefire.junit4.JUnit4Provider.executeWithRerun(JUnit4Provider.java:274)</div><div> at org.apache.maven.surefire.junit4.JUnit4Provider.executeTestSet(JUnit4Provider.java:238)</div><div> at org.apache.maven.surefire.junit4.JUnit4Provider.invoke(JUnit4Provider.java:161)</div><div> at org.apache.maven.surefire.booter.ForkedBooter.invokeProviderInSameClassLoader(ForkedBooter.java:290)</div><div> at org.apache.maven.surefire.booter.ForkedBooter.runSuitesInProcess(ForkedBooter.java:242)</div><div> at org.apache.maven.surefire.booter.ForkedBooter.main(ForkedBooter.java:121)</div></div>
        </td>
</tr>
<tr>
    <td><span class="sortValue">AdviceTypeTest.testAdvice</span><a href="AdviceTypeTest_testAdvice_1ur.html">AdviceTypeTest.testAdvice</a></td>
    <td style="whitespace:nowrap;"><span class="sortValue">1714271472234</span>27 Apr 21:31:12</td>
    <td>      <span class="sortValue">3</span><span class="aui-lozenge aui-lozenge-error">FAIL</span>
  </td>
    <td><span class="sortValue">0.026</span>0.026</td>
    <td style="width:50%">
    <span class="sortValue"></span>
        <span class="expand" id="togglebut29" onclick="toggleNodeExpansion('togglebut29', 'msgc29', 'msge29');return false;">&#160;</span>
        <div class="errorMessage" id="msgc29"></div>
        <div class="errorMessage" id="msge29" style="display:none;"> <div>java.lang.reflect.InvocationTargetException</div><div>	at <a href="../../../net/bytebuddy/asm/AdviceTypeTest.html?line=85#src-85">net.bytebuddy.asm.AdviceTypeTest.testAdvice(AdviceTypeTest.java:85)</a></div><div> at org.junit.runners.model.FrameworkMethod$1.runReflectiveCall(FrameworkMethod.java:50)</div><div> at org.junit.internal.runners.model.ReflectiveCallable.run(ReflectiveCallable.java:12)</div><div> at org.junit.runners.model.FrameworkMethod.invokeExplosively(FrameworkMethod.java:47)</div><div> at org.junit.internal.runners.statements.InvokeMethod.evaluate(InvokeMethod.java:17)</div><div> at org.junit.runners.ParentRunner.runLeaf(ParentRunner.java:325)</div><div> at org.junit.runners.BlockJUnit4ClassRunner.runChild(BlockJUnit4ClassRunner.java:78)</div><div> at org.junit.runners.BlockJUnit4ClassRunner.runChild(BlockJUnit4ClassRunner.java:57)</div><div> at org.junit.runners.ParentRunner$3.run(ParentRunner.java:290)</div><div> at org.junit.runners.ParentRunner$1.schedule(ParentRunner.java:71)</div><div> at org.junit.runners.ParentRunner.runChildren(ParentRunner.java:288)</div><div> at org.junit.runners.ParentRunner.access$000(ParentRunner.java:58)</div><div> at org.junit.runners.ParentRunner$2.evaluate(ParentRunner.java:268)</div><div> at org.junit.runners.ParentRunner.run(ParentRunner.java:363)</div><div> at org.junit.runners.Suite.runChild(Suite.java:128)</div><div> at org.junit.runners.Suite.runChild(Suite.java:27)</div><div> at org.junit.runners.ParentRunner$3.run(ParentRunner.java:290)</div><div> at org.junit.runners.ParentRunner$1.schedule(ParentRunner.java:71)</div><div> at org.junit.runners.ParentRunner.runChildren(ParentRunner.java:288)</div><div> at org.junit.runners.ParentRunner.access$000(ParentRunner.java:58)</div><div> at org.junit.runners.ParentRunner$2.evaluate(ParentRunner.java:268)</div><div> at org.junit.runners.ParentRunner.run(ParentRunner.java:363)</div><div> at org.apache.maven.surefire.junit4.JUnit4Provider.execute(JUnit4Provider.java:367)</div><div> at org.apache.maven.surefire.junit4.JUnit4Provider.executeWithRerun(JUnit4Provider.java:274)</div><div> at org.apache.maven.surefire.junit4.JUnit4Provider.executeTestSet(JUnit4Provider.java:238)</div><div> at org.apache.maven.surefire.junit4.JUnit4Provider.invoke(JUnit4Provider.java:161)</div><div> at org.apache.maven.surefire.booter.ForkedBooter.invokeProviderInSameClassLoader(ForkedBooter.java:290)</div><div> at org.apache.maven.surefire.booter.ForkedBooter.runSuitesInProcess(ForkedBooter.java:242)</div><div> at org.apache.maven.surefire.booter.ForkedBooter.main(ForkedBooter.java:121)</div><div>Caused by: java.lang.NoClassDefFoundError: net/bytebuddy/asm/AdviceTypeTest$__CLR4_5_2o49o49lviwwlhn</div><div>	at <a href="../../../net/bytebuddy/asm/AdviceTypeTest.html?line=1399#src-1399">net.bytebuddy.asm.AdviceTypeTest$FloatDelegationAdvice.enter(AdviceTypeTest.java:1399)</a></div><div> at net.bytebuddy.asm.AdviceTypeTest$FloatDelegationAdvice.foo(AdviceTypeTest.java)</div><div> ... 38 more</div></div>
        </td>
</tr>
<tr>
    <td><span class="sortValue">AdviceTypeTest.testAdvice</span><a href="AdviceTypeTest_testAdvice_1nl.html">AdviceTypeTest.testAdvice</a></td>
    <td style="whitespace:nowrap;"><span class="sortValue">1714271471698</span>27 Apr 21:31:11</td>
    <td>      <span class="sortValue">3</span><span class="aui-lozenge aui-lozenge-error">FAIL</span>
  </td>
    <td><span class="sortValue">0.035</span>0.035</td>
    <td style="width:50%">
    <span class="sortValue"></span>
        <span class="expand" id="togglebut30" onclick="toggleNodeExpansion('togglebut30', 'msgc30', 'msge30');return false;">&#160;</span>
        <div class="errorMessage" id="msgc30"></div>
        <div class="errorMessage" id="msge30" style="display:none;"> <div>java.lang.reflect.InvocationTargetException</div><div>	at <a href="../../../net/bytebuddy/asm/AdviceTypeTest.html?line=85#src-85">net.bytebuddy.asm.AdviceTypeTest.testAdvice(AdviceTypeTest.java:85)</a></div><div> at org.junit.runners.model.FrameworkMethod$1.runReflectiveCall(FrameworkMethod.java:50)</div><div> at org.junit.internal.runners.model.ReflectiveCallable.run(ReflectiveCallable.java:12)</div><div> at org.junit.runners.model.FrameworkMethod.invokeExplosively(FrameworkMethod.java:47)</div><div> at org.junit.internal.runners.statements.InvokeMethod.evaluate(InvokeMethod.java:17)</div><div> at org.junit.runners.ParentRunner.runLeaf(ParentRunner.java:325)</div><div> at org.junit.runners.BlockJUnit4ClassRunner.runChild(BlockJUnit4ClassRunner.java:78)</div><div> at org.junit.runners.BlockJUnit4ClassRunner.runChild(BlockJUnit4ClassRunner.java:57)</div><div> at org.junit.runners.ParentRunner$3.run(ParentRunner.java:290)</div><div> at org.junit.runners.ParentRunner$1.schedule(ParentRunner.java:71)</div><div> at org.junit.runners.ParentRunner.runChildren(ParentRunner.java:288)</div><div> at org.junit.runners.ParentRunner.access$000(ParentRunner.java:58)</div><div> at org.junit.runners.ParentRunner$2.evaluate(ParentRunner.java:268)</div><div> at org.junit.runners.ParentRunner.run(ParentRunner.java:363)</div><div> at org.junit.runners.Suite.runChild(Suite.java:128)</div><div> at org.junit.runners.Suite.runChild(Suite.java:27)</div><div> at org.junit.runners.ParentRunner$3.run(ParentRunner.java:290)</div><div> at org.junit.runners.ParentRunner$1.schedule(ParentRunner.java:71)</div><div> at org.junit.runners.ParentRunner.runChildren(ParentRunner.java:288)</div><div> at org.junit.runners.ParentRunner.access$000(ParentRunner.java:58)</div><div> at org.junit.runners.ParentRunner$2.evaluate(ParentRunner.java:268)</div><div> at org.junit.runners.ParentRunner.run(ParentRunner.java:363)</div><div> at org.apache.maven.surefire.junit4.JUnit4Provider.execute(JUnit4Provider.java:367)</div><div> at org.apache.maven.surefire.junit4.JUnit4Provider.executeWithRerun(JUnit4Provider.java:274)</div><div> at org.apache.maven.surefire.junit4.JUnit4Provider.executeTestSet(JUnit4Provider.java:238)</div><div> at org.apache.maven.surefire.junit4.JUnit4Provider.invoke(JUnit4Provider.java:161)</div><div> at org.apache.maven.surefire.booter.ForkedBooter.invokeProviderInSameClassLoader(ForkedBooter.java:290)</div><div> at org.apache.maven.surefire.booter.ForkedBooter.runSuitesInProcess(ForkedBooter.java:242)</div><div> at org.apache.maven.surefire.booter.ForkedBooter.main(ForkedBooter.java:121)</div><div>Caused by: java.lang.NoClassDefFoundError: net/bytebuddy/asm/AdviceTypeTest$__CLR4_5_2o49o49lviwwlhn</div><div> at net.bytebuddy.asm.AdviceTypeTest$ShortInlineAdvice.foo(AdviceTypeTest.java)</div><div> ... 38 more</div></div>
        </td>
</tr>
<tr>
    <td><span class="sortValue">AdviceTypeTest.testAdviceWithException</span><a href="AdviceTypeTest_testAdviceWithException_1xa.html">AdviceTypeTest.testAdviceWithException</a></td>
    <td style="whitespace:nowrap;"><span class="sortValue">1714271470878</span>27 Apr 21:31:10</td>
    <td>      <span class="sortValue">3</span><span class="aui-lozenge aui-lozenge-error">FAIL</span>
  </td>
    <td><span class="sortValue">0.012</span>0.012</td>
    <td style="width:50%">
    <span class="sortValue">
Expected:&#160;an&#160;instance&#160;of&#160;java.lang.RuntimeException
&#160;&#160;&#160;&#160;&#160;but:&#160;&lt;java.lang.NoClassDefFoundError:&#160;net/bytebuddy/asm/AdviceTypeTest$__CLR4_5_2o49o49lviwwlhn&gt;&#160;is&#160;a&#160;java.lang.NoClassDefFoundError</span>
        <span class="expand" id="togglebut31" onclick="toggleNodeExpansion('togglebut31', 'msgc31', 'msge31');return false;">&#160;</span>
        <div class="errorMessage" id="msgc31">
Expected:&#160;an&#160;instance&#160;of&#160;java.lang.RuntimeException
&#160;&#160;&#160;&#160;&#160;but:&#160;&lt;java.lang.NoClassDefFoundError:&#160;net/bytebuddy/asm/AdviceTypeTest$__CLR4_5_2o49o49lviwwlhn&gt;&#160;is&#160;a&#160;java.lang.NoClassDefFoundError</div>
        <div class="errorMessage" id="msge31" style="display:none;"> <div>java.lang.AssertionError: </div><div>Expected: an instance of java.lang.RuntimeException</div><div>     but: &lt;java.lang.NoClassDefFoundError: net/bytebuddy/asm/AdviceTypeTest$__CLR4_5_2o49o49lviwwlhn&gt; is a java.lang.NoClassDefFoundError</div><div> at org.hamcrest.MatcherAssert.assertThat(MatcherAssert.java:20)</div><div> at org.hamcrest.MatcherAssert.assertThat(MatcherAssert.java:8)</div><div>	at <a href="../../../net/bytebuddy/asm/AdviceTypeTest.html?line=106#src-106">net.bytebuddy.asm.AdviceTypeTest.testAdviceWithException(AdviceTypeTest.java:106)</a></div><div> at org.junit.runners.model.FrameworkMethod$1.runReflectiveCall(FrameworkMethod.java:50)</div><div> at org.junit.internal.runners.model.ReflectiveCallable.run(ReflectiveCallable.java:12)</div><div> at org.junit.runners.model.FrameworkMethod.invokeExplosively(FrameworkMethod.java:47)</div><div> at org.junit.internal.runners.statements.InvokeMethod.evaluate(InvokeMethod.java:17)</div><div> at org.junit.runners.ParentRunner.runLeaf(ParentRunner.java:325)</div><div> at org.junit.runners.BlockJUnit4ClassRunner.runChild(BlockJUnit4ClassRunner.java:78)</div><div> at org.junit.runners.BlockJUnit4ClassRunner.runChild(BlockJUnit4ClassRunner.java:57)</div><div> at org.junit.runners.ParentRunner$3.run(ParentRunner.java:290)</div><div> at org.junit.runners.ParentRunner$1.schedule(ParentRunner.java:71)</div><div> at org.junit.runners.ParentRunner.runChildren(ParentRunner.java:288)</div><div> at org.junit.runners.ParentRunner.access$000(ParentRunner.java:58)</div><div> at org.junit.runners.ParentRunner$2.evaluate(ParentRunner.java:268)</div><div> at org.junit.runners.ParentRunner.run(ParentRunner.java:363)</div><div> at org.junit.runners.Suite.runChild(Suite.java:128)</div><div> at org.junit.runners.Suite.runChild(Suite.java:27)</div><div> at org.junit.runners.ParentRunner$3.run(ParentRunner.java:290)</div><div> at org.junit.runners.ParentRunner$1.schedule(ParentRunner.java:71)</div><div> at org.junit.runners.ParentRunner.runChildren(ParentRunner.java:288)</div><div> at org.junit.runners.ParentRunner.access$000(ParentRunner.java:58)</div><div> at org.junit.runners.ParentRunner$2.evaluate(ParentRunner.java:268)</div><div> at org.junit.runners.ParentRunner.run(ParentRunner.java:363)</div><div> at org.apache.maven.surefire.junit4.JUnit4Provider.execute(JUnit4Provider.java:367)</div><div> at org.apache.maven.surefire.junit4.JUnit4Provider.executeWithRerun(JUnit4Provider.java:274)</div><div> at org.apache.maven.surefire.junit4.JUnit4Provider.executeTestSet(JUnit4Provider.java:238)</div><div> at org.apache.maven.surefire.junit4.JUnit4Provider.invoke(JUnit4Provider.java:161)</div><div> at org.apache.maven.surefire.booter.ForkedBooter.invokeProviderInSameClassLoader(ForkedBooter.java:290)</div><div> at org.apache.maven.surefire.booter.ForkedBooter.runSuitesInProcess(ForkedBooter.java:242)</div><div> at org.apache.maven.surefire.booter.ForkedBooter.main(ForkedBooter.java:121)</div></div>
        </td>
</tr>
<tr>
    <td><span class="sortValue">AdviceTypeTest.testAdvice</span><a href="AdviceTypeTest_testAdvice_49l.html">AdviceTypeTest.testAdvice</a></td>
    <td style="whitespace:nowrap;"><span class="sortValue">1714271470891</span>27 Apr 21:31:10</td>
    <td>      <span class="sortValue">3</span><span class="aui-lozenge aui-lozenge-error">FAIL</span>
  </td>
    <td><span class="sortValue">0.007</span>0.007</td>
    <td style="width:50%">
    <span class="sortValue"></span>
        <span class="expand" id="togglebut32" onclick="toggleNodeExpansion('togglebut32', 'msgc32', 'msge32');return false;">&#160;</span>
        <div class="errorMessage" id="msgc32"></div>
        <div class="errorMessage" id="msge32" style="display:none;"> <div>java.lang.reflect.InvocationTargetException</div><div>	at <a href="../../../net/bytebuddy/asm/AdviceTypeTest.html?line=85#src-85">net.bytebuddy.asm.AdviceTypeTest.testAdvice(AdviceTypeTest.java:85)</a></div><div> at org.junit.runners.model.FrameworkMethod$1.runReflectiveCall(FrameworkMethod.java:50)</div><div> at org.junit.internal.runners.model.ReflectiveCallable.run(ReflectiveCallable.java:12)</div><div> at org.junit.runners.model.FrameworkMethod.invokeExplosively(FrameworkMethod.java:47)</div><div> at org.junit.internal.runners.statements.InvokeMethod.evaluate(InvokeMethod.java:17)</div><div> at org.junit.runners.ParentRunner.runLeaf(ParentRunner.java:325)</div><div> at org.junit.runners.BlockJUnit4ClassRunner.runChild(BlockJUnit4ClassRunner.java:78)</div><div> at org.junit.runners.BlockJUnit4ClassRunner.runChild(BlockJUnit4ClassRunner.java:57)</div><div> at org.junit.runners.ParentRunner$3.run(ParentRunner.java:290)</div><div> at org.junit.runners.ParentRunner$1.schedule(ParentRunner.java:71)</div><div> at org.junit.runners.ParentRunner.runChildren(ParentRunner.java:288)</div><div> at org.junit.runners.ParentRunner.access$000(ParentRunner.java:58)</div><div> at org.junit.runners.ParentRunner$2.evaluate(ParentRunner.java:268)</div><div> at org.junit.runners.ParentRunner.run(ParentRunner.java:363)</div><div> at org.junit.runners.Suite.runChild(Suite.java:128)</div><div> at org.junit.runners.Suite.runChild(Suite.java:27)</div><div> at org.junit.runners.ParentRunner$3.run(ParentRunner.java:290)</div><div> at org.junit.runners.ParentRunner$1.schedule(ParentRunner.java:71)</div><div> at org.junit.runners.ParentRunner.runChildren(ParentRunner.java:288)</div><div> at org.junit.runners.ParentRunner.access$000(ParentRunner.java:58)</div><div> at org.junit.runners.ParentRunner$2.evaluate(ParentRunner.java:268)</div><div> at org.junit.runners.ParentRunner.run(ParentRunner.java:363)</div><div> at org.apache.maven.surefire.junit4.JUnit4Provider.execute(JUnit4Provider.java:367)</div><div> at org.apache.maven.surefire.junit4.JUnit4Provider.executeWithRerun(JUnit4Provider.java:274)</div><div> at org.apache.maven.surefire.junit4.JUnit4Provider.executeTestSet(JUnit4Provider.java:238)</div><div> at org.apache.maven.surefire.junit4.JUnit4Provider.invoke(JUnit4Provider.java:161)</div><div> at org.apache.maven.surefire.booter.ForkedBooter.invokeProviderInSameClassLoader(ForkedBooter.java:290)</div><div> at org.apache.maven.surefire.booter.ForkedBooter.runSuitesInProcess(ForkedBooter.java:242)</div><div> at org.apache.maven.surefire.booter.ForkedBooter.main(ForkedBooter.java:121)</div><div>Caused by: java.lang.NoClassDefFoundError: net/bytebuddy/asm/AdviceTypeTest$__CLR4_5_2o49o49lviwwlhn</div><div>	at <a href="../../../net/bytebuddy/asm/AdviceTypeTest.html?line=349#src-349">net.bytebuddy.asm.AdviceTypeTest$BooleanDelegationAdvice.enter(AdviceTypeTest.java:349)</a></div><div> at net.bytebuddy.asm.AdviceTypeTest$BooleanDelegationAdvice.foo(AdviceTypeTest.java)</div><div> ... 38 more</div></div>
        </td>
</tr>
<tr>
    <td><span class="sortValue">AdviceTypeTest.testAdvice</span><a href="AdviceTypeTest_testAdvice_1gn.html">AdviceTypeTest.testAdvice</a></td>
    <td style="whitespace:nowrap;"><span class="sortValue">1714271472354</span>27 Apr 21:31:12</td>
    <td>      <span class="sortValue">3</span><span class="aui-lozenge aui-lozenge-error">FAIL</span>
  </td>
    <td><span class="sortValue">0.091</span>0.091</td>
    <td style="width:50%">
    <span class="sortValue"></span>
        <span class="expand" id="togglebut33" onclick="toggleNodeExpansion('togglebut33', 'msgc33', 'msge33');return false;">&#160;</span>
        <div class="errorMessage" id="msgc33"></div>
        <div class="errorMessage" id="msge33" style="display:none;"> <div>java.lang.reflect.InvocationTargetException</div><div>	at <a href="../../../net/bytebuddy/asm/AdviceTypeTest.html?line=85#src-85">net.bytebuddy.asm.AdviceTypeTest.testAdvice(AdviceTypeTest.java:85)</a></div><div> at sun.reflect.GeneratedMethodAccessor43.invoke(Unknown Source)</div><div> at org.junit.runners.model.FrameworkMethod$1.runReflectiveCall(FrameworkMethod.java:50)</div><div> at org.junit.internal.runners.model.ReflectiveCallable.run(ReflectiveCallable.java:12)</div><div> at org.junit.runners.model.FrameworkMethod.invokeExplosively(FrameworkMethod.java:47)</div><div> at org.junit.internal.runners.statements.InvokeMethod.evaluate(InvokeMethod.java:17)</div><div> at org.junit.runners.ParentRunner.runLeaf(ParentRunner.java:325)</div><div> at org.junit.runners.BlockJUnit4ClassRunner.runChild(BlockJUnit4ClassRunner.java:78)</div><div> at org.junit.runners.BlockJUnit4ClassRunner.runChild(BlockJUnit4ClassRunner.java:57)</div><div> at org.junit.runners.ParentRunner$3.run(ParentRunner.java:290)</div><div> at org.junit.runners.ParentRunner$1.schedule(ParentRunner.java:71)</div><div> at org.junit.runners.ParentRunner.runChildren(ParentRunner.java:288)</div><div> at org.junit.runners.ParentRunner.access$000(ParentRunner.java:58)</div><div> at org.junit.runners.ParentRunner$2.evaluate(ParentRunner.java:268)</div><div> at org.junit.runners.ParentRunner.run(ParentRunner.java:363)</div><div> at org.junit.runners.Suite.runChild(Suite.java:128)</div><div> at org.junit.runners.Suite.runChild(Suite.java:27)</div><div> at org.junit.runners.ParentRunner$3.run(ParentRunner.java:290)</div><div> at org.junit.runners.ParentRunner$1.schedule(ParentRunner.java:71)</div><div> at org.junit.runners.ParentRunner.runChildren(ParentRunner.java:288)</div><div> at org.junit.runners.ParentRunner.access$000(ParentRunner.java:58)</div><div> at org.junit.runners.ParentRunner$2.evaluate(ParentRunner.java:268)</div><div> at org.junit.runners.ParentRunner.run(ParentRunner.java:363)</div><div> at org.apache.maven.surefire.junit4.JUnit4Provider.execute(JUnit4Provider.java:367)</div><div> at org.apache.maven.surefire.junit4.JUnit4Provider.executeWithRerun(JUnit4Provider.java:274)</div><div> at org.apache.maven.surefire.junit4.JUnit4Provider.executeTestSet(JUnit4Provider.java:238)</div><div> at org.apache.maven.surefire.junit4.JUnit4Provider.invoke(JUnit4Provider.java:161)</div><div> at org.apache.maven.surefire.booter.ForkedBooter.invokeProviderInSameClassLoader(ForkedBooter.java:290)</div><div> at org.apache.maven.surefire.booter.ForkedBooter.runSuitesInProcess(ForkedBooter.java:242)</div><div> at org.apache.maven.surefire.booter.ForkedBooter.main(ForkedBooter.java:121)</div><div>Caused by: java.lang.NoClassDefFoundError: net/bytebuddy/asm/AdviceTypeTest$__CLR4_5_2o49o49lviwwlhn</div><div> at net.bytebuddy.asm.AdviceTypeTest$DoubleInlineAdvice.foo(AdviceTypeTest.java)</div><div> ... 37 more</div></div>
        </td>
</tr>
<tr>
    <td><span class="sortValue">AdviceTypeTest.testAdviceWithException</span><a href="AdviceTypeTest_testAdviceWithException_3a0.html">AdviceTypeTest.testAdviceWithException</a></td>
    <td style="whitespace:nowrap;"><span class="sortValue">1714271470223</span>27 Apr 21:31:10</td>
    <td>      <span class="sortValue">3</span><span class="aui-lozenge aui-lozenge-error">FAIL</span>
  </td>
    <td><span class="sortValue">0.075</span>0.075</td>
    <td style="width:50%">
    <span class="sortValue">
Expected:&#160;an&#160;instance&#160;of&#160;java.lang.RuntimeException
&#160;&#160;&#160;&#160;&#160;but:&#160;&lt;java.lang.NoClassDefFoundError:&#160;net/bytebuddy/asm/AdviceTypeTest$__CLR4_5_2o49o49lviwwlhn&gt;&#160;is&#160;a&#160;java.lang.NoClassDefFoundError</span>
        <span class="expand" id="togglebut34" onclick="toggleNodeExpansion('togglebut34', 'msgc34', 'msge34');return false;">&#160;</span>
        <div class="errorMessage" id="msgc34">
Expected:&#160;an&#160;instance&#160;of&#160;java.lang.RuntimeException
&#160;&#160;&#160;&#160;&#160;but:&#160;&lt;java.lang.NoClassDefFoundError:&#160;net/bytebuddy/asm/AdviceTypeTest$__CLR4_5_2o49o49lviwwlhn&gt;&#160;is&#160;a&#160;java.lang.NoClassDefFoundError</div>
        <div class="errorMessage" id="msge34" style="display:none;"> <div>java.lang.AssertionError: </div><div>Expected: an instance of java.lang.RuntimeException</div><div>     but: &lt;java.lang.NoClassDefFoundError: net/bytebuddy/asm/AdviceTypeTest$__CLR4_5_2o49o49lviwwlhn&gt; is a java.lang.NoClassDefFoundError</div><div> at org.hamcrest.MatcherAssert.assertThat(MatcherAssert.java:20)</div><div> at org.hamcrest.MatcherAssert.assertThat(MatcherAssert.java:8)</div><div>	at <a href="../../../net/bytebuddy/asm/AdviceTypeTest.html?line=106#src-106">net.bytebuddy.asm.AdviceTypeTest.testAdviceWithException(AdviceTypeTest.java:106)</a></div><div> at org.junit.runners.model.FrameworkMethod$1.runReflectiveCall(FrameworkMethod.java:50)</div><div> at org.junit.internal.runners.model.ReflectiveCallable.run(ReflectiveCallable.java:12)</div><div> at org.junit.runners.model.FrameworkMethod.invokeExplosively(FrameworkMethod.java:47)</div><div> at org.junit.internal.runners.statements.InvokeMethod.evaluate(InvokeMethod.java:17)</div><div> at org.junit.runners.ParentRunner.runLeaf(ParentRunner.java:325)</div><div> at org.junit.runners.BlockJUnit4ClassRunner.runChild(BlockJUnit4ClassRunner.java:78)</div><div> at org.junit.runners.BlockJUnit4ClassRunner.runChild(BlockJUnit4ClassRunner.java:57)</div><div> at org.junit.runners.ParentRunner$3.run(ParentRunner.java:290)</div><div> at org.junit.runners.ParentRunner$1.schedule(ParentRunner.java:71)</div><div> at org.junit.runners.ParentRunner.runChildren(ParentRunner.java:288)</div><div> at org.junit.runners.ParentRunner.access$000(ParentRunner.java:58)</div><div> at org.junit.runners.ParentRunner$2.evaluate(ParentRunner.java:268)</div><div> at org.junit.runners.ParentRunner.run(ParentRunner.java:363)</div><div> at org.junit.runners.Suite.runChild(Suite.java:128)</div><div> at org.junit.runners.Suite.runChild(Suite.java:27)</div><div> at org.junit.runners.ParentRunner$3.run(ParentRunner.java:290)</div><div> at org.junit.runners.ParentRunner$1.schedule(ParentRunner.java:71)</div><div> at org.junit.runners.ParentRunner.runChildren(ParentRunner.java:288)</div><div> at org.junit.runners.ParentRunner.access$000(ParentRunner.java:58)</div><div> at org.junit.runners.ParentRunner$2.evaluate(ParentRunner.java:268)</div><div> at org.junit.runners.ParentRunner.run(ParentRunner.java:363)</div><div> at org.apache.maven.surefire.junit4.JUnit4Provider.execute(JUnit4Provider.java:367)</div><div> at org.apache.maven.surefire.junit4.JUnit4Provider.executeWithRerun(JUnit4Provider.java:274)</div><div> at org.apache.maven.surefire.junit4.JUnit4Provider.executeTestSet(JUnit4Provider.java:238)</div><div> at org.apache.maven.surefire.junit4.JUnit4Provider.invoke(JUnit4Provider.java:161)</div><div> at org.apache.maven.surefire.booter.ForkedBooter.invokeProviderInSameClassLoader(ForkedBooter.java:290)</div><div> at org.apache.maven.surefire.booter.ForkedBooter.runSuitesInProcess(ForkedBooter.java:242)</div><div> at org.apache.maven.surefire.booter.ForkedBooter.main(ForkedBooter.java:121)</div></div>
        </td>
</tr>
<tr>
    <td><span class="sortValue">AdviceTypeTest.testAdviceWithException</span><a href="AdviceTypeTest_testAdviceWithException_43x.html">AdviceTypeTest.testAdviceWithException</a></td>
    <td style="whitespace:nowrap;"><span class="sortValue">1714271472675</span>27 Apr 21:31:12</td>
    <td>      <span class="sortValue">3</span><span class="aui-lozenge aui-lozenge-error">FAIL</span>
  </td>
    <td><span class="sortValue">0.081</span>0.081</td>
    <td style="width:50%">
    <span class="sortValue">
Expected:&#160;an&#160;instance&#160;of&#160;java.lang.RuntimeException
&#160;&#160;&#160;&#160;&#160;but:&#160;&lt;java.lang.NoClassDefFoundError:&#160;net/bytebuddy/asm/AdviceTypeTest$__CLR4_5_2o49o49lviwwlhn&gt;&#160;is&#160;a&#160;java.lang.NoClassDefFoundError</span>
        <span class="expand" id="togglebut35" onclick="toggleNodeExpansion('togglebut35', 'msgc35', 'msge35');return false;">&#160;</span>
        <div class="errorMessage" id="msgc35">
Expected:&#160;an&#160;instance&#160;of&#160;java.lang.RuntimeException
&#160;&#160;&#160;&#160;&#160;but:&#160;&lt;java.lang.NoClassDefFoundError:&#160;net/bytebuddy/asm/AdviceTypeTest$__CLR4_5_2o49o49lviwwlhn&gt;&#160;is&#160;a&#160;java.lang.NoClassDefFoundError</div>
        <div class="errorMessage" id="msge35" style="display:none;"> <div>java.lang.AssertionError: </div><div>Expected: an instance of java.lang.RuntimeException</div><div>     but: &lt;java.lang.NoClassDefFoundError: net/bytebuddy/asm/AdviceTypeTest$__CLR4_5_2o49o49lviwwlhn&gt; is a java.lang.NoClassDefFoundError</div><div> at org.hamcrest.MatcherAssert.assertThat(MatcherAssert.java:20)</div><div> at org.hamcrest.MatcherAssert.assertThat(MatcherAssert.java:8)</div><div>	at <a href="../../../net/bytebuddy/asm/AdviceTypeTest.html?line=106#src-106">net.bytebuddy.asm.AdviceTypeTest.testAdviceWithException(AdviceTypeTest.java:106)</a></div><div> at sun.reflect.GeneratedMethodAccessor42.invoke(Unknown Source)</div><div> at org.junit.runners.model.FrameworkMethod$1.runReflectiveCall(FrameworkMethod.java:50)</div><div> at org.junit.internal.runners.model.ReflectiveCallable.run(ReflectiveCallable.java:12)</div><div> at org.junit.runners.model.FrameworkMethod.invokeExplosively(FrameworkMethod.java:47)</div><div> at org.junit.internal.runners.statements.InvokeMethod.evaluate(InvokeMethod.java:17)</div><div> at org.junit.runners.ParentRunner.runLeaf(ParentRunner.java:325)</div><div> at org.junit.runners.BlockJUnit4ClassRunner.runChild(BlockJUnit4ClassRunner.java:78)</div><div> at org.junit.runners.BlockJUnit4ClassRunner.runChild(BlockJUnit4ClassRunner.java:57)</div><div> at org.junit.runners.ParentRunner$3.run(ParentRunner.java:290)</div><div> at org.junit.runners.ParentRunner$1.schedule(ParentRunner.java:71)</div><div> at org.junit.runners.ParentRunner.runChildren(ParentRunner.java:288)</div><div> at org.junit.runners.ParentRunner.access$000(ParentRunner.java:58)</div><div> at org.junit.runners.ParentRunner$2.evaluate(ParentRunner.java:268)</div><div> at org.junit.runners.ParentRunner.run(ParentRunner.java:363)</div><div> at org.junit.runners.Suite.runChild(Suite.java:128)</div><div> at org.junit.runners.Suite.runChild(Suite.java:27)</div><div> at org.junit.runners.ParentRunner$3.run(ParentRunner.java:290)</div><div> at org.junit.runners.ParentRunner$1.schedule(ParentRunner.java:71)</div><div> at org.junit.runners.ParentRunner.runChildren(ParentRunner.java:288)</div><div> at org.junit.runners.ParentRunner.access$000(ParentRunner.java:58)</div><div> at org.junit.runners.ParentRunner$2.evaluate(ParentRunner.java:268)</div><div> at org.junit.runners.ParentRunner.run(ParentRunner.java:363)</div><div> at org.apache.maven.surefire.junit4.JUnit4Provider.execute(JUnit4Provider.java:367)</div><div> at org.apache.maven.surefire.junit4.JUnit4Provider.executeWithRerun(JUnit4Provider.java:274)</div><div> at org.apache.maven.surefire.junit4.JUnit4Provider.executeTestSet(JUnit4Provider.java:238)</div><div> at org.apache.maven.surefire.junit4.JUnit4Provider.invoke(JUnit4Provider.java:161)</div><div> at org.apache.maven.surefire.booter.ForkedBooter.invokeProviderInSameClassLoader(ForkedBooter.java:290)</div><div> at org.apache.maven.surefire.booter.ForkedBooter.runSuitesInProcess(ForkedBooter.java:242)</div><div> at org.apache.maven.surefire.booter.ForkedBooter.main(ForkedBooter.java:121)</div></div>
        </td>
</tr>
<tr>
    <td><span class="sortValue">AdviceTypeTest.testAdvice</span><a href="AdviceTypeTest_testAdvice_zy.html">AdviceTypeTest.testAdvice</a></td>
    <td style="whitespace:nowrap;"><span class="sortValue">1714271470848</span>27 Apr 21:31:10</td>
    <td>      <span class="sortValue">3</span><span class="aui-lozenge aui-lozenge-error">FAIL</span>
  </td>
    <td><span class="sortValue">0.03</span>0.03</td>
    <td style="width:50%">
    <span class="sortValue"></span>
        <span class="expand" id="togglebut36" onclick="toggleNodeExpansion('togglebut36', 'msgc36', 'msge36');return false;">&#160;</span>
        <div class="errorMessage" id="msgc36"></div>
        <div class="errorMessage" id="msge36" style="display:none;"> <div>java.lang.reflect.InvocationTargetException</div><div>	at <a href="../../../net/bytebuddy/asm/AdviceTypeTest.html?line=85#src-85">net.bytebuddy.asm.AdviceTypeTest.testAdvice(AdviceTypeTest.java:85)</a></div><div> at org.junit.runners.model.FrameworkMethod$1.runReflectiveCall(FrameworkMethod.java:50)</div><div> at org.junit.internal.runners.model.ReflectiveCallable.run(ReflectiveCallable.java:12)</div><div> at org.junit.runners.model.FrameworkMethod.invokeExplosively(FrameworkMethod.java:47)</div><div> at org.junit.internal.runners.statements.InvokeMethod.evaluate(InvokeMethod.java:17)</div><div> at org.junit.runners.ParentRunner.runLeaf(ParentRunner.java:325)</div><div> at org.junit.runners.BlockJUnit4ClassRunner.runChild(BlockJUnit4ClassRunner.java:78)</div><div> at org.junit.runners.BlockJUnit4ClassRunner.runChild(BlockJUnit4ClassRunner.java:57)</div><div> at org.junit.runners.ParentRunner$3.run(ParentRunner.java:290)</div><div> at org.junit.runners.ParentRunner$1.schedule(ParentRunner.java:71)</div><div> at org.junit.runners.ParentRunner.runChildren(ParentRunner.java:288)</div><div> at org.junit.runners.ParentRunner.access$000(ParentRunner.java:58)</div><div> at org.junit.runners.ParentRunner$2.evaluate(ParentRunner.java:268)</div><div> at org.junit.runners.ParentRunner.run(ParentRunner.java:363)</div><div> at org.junit.runners.Suite.runChild(Suite.java:128)</div><div> at org.junit.runners.Suite.runChild(Suite.java:27)</div><div> at org.junit.runners.ParentRunner$3.run(ParentRunner.java:290)</div><div> at org.junit.runners.ParentRunner$1.schedule(ParentRunner.java:71)</div><div> at org.junit.runners.ParentRunner.runChildren(ParentRunner.java:288)</div><div> at org.junit.runners.ParentRunner.access$000(ParentRunner.java:58)</div><div> at org.junit.runners.ParentRunner$2.evaluate(ParentRunner.java:268)</div><div> at org.junit.runners.ParentRunner.run(ParentRunner.java:363)</div><div> at org.apache.maven.surefire.junit4.JUnit4Provider.execute(JUnit4Provider.java:367)</div><div> at org.apache.maven.surefire.junit4.JUnit4Provider.executeWithRerun(JUnit4Provider.java:274)</div><div> at org.apache.maven.surefire.junit4.JUnit4Provider.executeTestSet(JUnit4Provider.java:238)</div><div> at org.apache.maven.surefire.junit4.JUnit4Provider.invoke(JUnit4Provider.java:161)</div><div> at org.apache.maven.surefire.booter.ForkedBooter.invokeProviderInSameClassLoader(ForkedBooter.java:290)</div><div> at org.apache.maven.surefire.booter.ForkedBooter.runSuitesInProcess(ForkedBooter.java:242)</div><div> at org.apache.maven.surefire.booter.ForkedBooter.main(ForkedBooter.java:121)</div><div>Caused by: java.lang.NoClassDefFoundError: net/bytebuddy/asm/AdviceTypeTest$__CLR4_5_2o49o49lviwwlhn</div><div> at net.bytebuddy.asm.AdviceTypeTest$BooleanInlineAdvice.foo(AdviceTypeTest.java)</div><div> ... 38 more</div></div>
        </td>
</tr>
<tr>
    <td><span class="sortValue">AdviceTypeTest.testAdvice</span><a href="AdviceTypeTest_testAdvice_454.html">AdviceTypeTest.testAdvice</a></td>
    <td style="whitespace:nowrap;"><span class="sortValue">1714271472628</span>27 Apr 21:31:12</td>
    <td>      <span class="sortValue">3</span><span class="aui-lozenge aui-lozenge-error">FAIL</span>
  </td>
    <td><span class="sortValue">0.045</span>0.045</td>
    <td style="width:50%">
    <span class="sortValue"></span>
        <span class="expand" id="togglebut37" onclick="toggleNodeExpansion('togglebut37', 'msgc37', 'msge37');return false;">&#160;</span>
        <div class="errorMessage" id="msgc37"></div>
        <div class="errorMessage" id="msge37" style="display:none;"> <div>java.lang.reflect.InvocationTargetException</div><div>	at <a href="../../../net/bytebuddy/asm/AdviceTypeTest.html?line=85#src-85">net.bytebuddy.asm.AdviceTypeTest.testAdvice(AdviceTypeTest.java:85)</a></div><div> at sun.reflect.GeneratedMethodAccessor43.invoke(Unknown Source)</div><div> at org.junit.runners.model.FrameworkMethod$1.runReflectiveCall(FrameworkMethod.java:50)</div><div> at org.junit.internal.runners.model.ReflectiveCallable.run(ReflectiveCallable.java:12)</div><div> at org.junit.runners.model.FrameworkMethod.invokeExplosively(FrameworkMethod.java:47)</div><div> at org.junit.internal.runners.statements.InvokeMethod.evaluate(InvokeMethod.java:17)</div><div> at org.junit.runners.ParentRunner.runLeaf(ParentRunner.java:325)</div><div> at org.junit.runners.BlockJUnit4ClassRunner.runChild(BlockJUnit4ClassRunner.java:78)</div><div> at org.junit.runners.BlockJUnit4ClassRunner.runChild(BlockJUnit4ClassRunner.java:57)</div><div> at org.junit.runners.ParentRunner$3.run(ParentRunner.java:290)</div><div> at org.junit.runners.ParentRunner$1.schedule(ParentRunner.java:71)</div><div> at org.junit.runners.ParentRunner.runChildren(ParentRunner.java:288)</div><div> at org.junit.runners.ParentRunner.access$000(ParentRunner.java:58)</div><div> at org.junit.runners.ParentRunner$2.evaluate(ParentRunner.java:268)</div><div> at org.junit.runners.ParentRunner.run(ParentRunner.java:363)</div><div> at org.junit.runners.Suite.runChild(Suite.java:128)</div><div> at org.junit.runners.Suite.runChild(Suite.java:27)</div><div> at org.junit.runners.ParentRunner$3.run(ParentRunner.java:290)</div><div> at org.junit.runners.ParentRunner$1.schedule(ParentRunner.java:71)</div><div> at org.junit.runners.ParentRunner.runChildren(ParentRunner.java:288)</div><div> at org.junit.runners.ParentRunner.access$000(ParentRunner.java:58)</div><div> at org.junit.runners.ParentRunner$2.evaluate(ParentRunner.java:268)</div><div> at org.junit.runners.ParentRunner.run(ParentRunner.java:363)</div><div> at org.apache.maven.surefire.junit4.JUnit4Provider.execute(JUnit4Provider.java:367)</div><div> at org.apache.maven.surefire.junit4.JUnit4Provider.executeWithRerun(JUnit4Provider.java:274)</div><div> at org.apache.maven.surefire.junit4.JUnit4Provider.executeTestSet(JUnit4Provider.java:238)</div><div> at org.apache.maven.surefire.junit4.JUnit4Provider.invoke(JUnit4Provider.java:161)</div><div> at org.apache.maven.surefire.booter.ForkedBooter.invokeProviderInSameClassLoader(ForkedBooter.java:290)</div><div> at org.apache.maven.surefire.booter.ForkedBooter.runSuitesInProcess(ForkedBooter.java:242)</div><div> at org.apache.maven.surefire.booter.ForkedBooter.main(ForkedBooter.java:121)</div><div>Caused by: java.lang.NoClassDefFoundError: net/bytebuddy/asm/AdviceTypeTest$__CLR4_5_2o49o49lviwwlhn</div><div>	at <a href="../../../net/bytebuddy/asm/AdviceTypeTest.html?line=1574#src-1574">net.bytebuddy.asm.AdviceTypeTest$DoubleDelegationAdvice.enter(AdviceTypeTest.java:1574)</a></div><div> at net.bytebuddy.asm.AdviceTypeTest$DoubleDelegationAdvice.foo(AdviceTypeTest.java)</div><div> ... 37 more</div></div>
        </td>
</tr>
<tr>
    <td><span class="sortValue">AdviceTypeTest.testAdvice</span><a href="AdviceTypeTest_testAdvice_1it.html">AdviceTypeTest.testAdvice</a></td>
    <td style="whitespace:nowrap;"><span class="sortValue">1714271470920</span>27 Apr 21:31:10</td>
    <td>      <span class="sortValue">3</span><span class="aui-lozenge aui-lozenge-error">FAIL</span>
  </td>
    <td><span class="sortValue">0.187</span>0.187</td>
    <td style="width:50%">
    <span class="sortValue"></span>
        <span class="expand" id="togglebut38" onclick="toggleNodeExpansion('togglebut38', 'msgc38', 'msge38');return false;">&#160;</span>
        <div class="errorMessage" id="msgc38"></div>
        <div class="errorMessage" id="msge38" style="display:none;"> <div>java.lang.reflect.InvocationTargetException</div><div>	at <a href="../../../net/bytebuddy/asm/AdviceTypeTest.html?line=85#src-85">net.bytebuddy.asm.AdviceTypeTest.testAdvice(AdviceTypeTest.java:85)</a></div><div> at org.junit.runners.model.FrameworkMethod$1.runReflectiveCall(FrameworkMethod.java:50)</div><div> at org.junit.internal.runners.model.ReflectiveCallable.run(ReflectiveCallable.java:12)</div><div> at org.junit.runners.model.FrameworkMethod.invokeExplosively(FrameworkMethod.java:47)</div><div> at org.junit.internal.runners.statements.InvokeMethod.evaluate(InvokeMethod.java:17)</div><div> at org.junit.runners.ParentRunner.runLeaf(ParentRunner.java:325)</div><div> at org.junit.runners.BlockJUnit4ClassRunner.runChild(BlockJUnit4ClassRunner.java:78)</div><div> at org.junit.runners.BlockJUnit4ClassRunner.runChild(BlockJUnit4ClassRunner.java:57)</div><div> at org.junit.runners.ParentRunner$3.run(ParentRunner.java:290)</div><div> at org.junit.runners.ParentRunner$1.schedule(ParentRunner.java:71)</div><div> at org.junit.runners.ParentRunner.runChildren(ParentRunner.java:288)</div><div> at org.junit.runners.ParentRunner.access$000(ParentRunner.java:58)</div><div> at org.junit.runners.ParentRunner$2.evaluate(ParentRunner.java:268)</div><div> at org.junit.runners.ParentRunner.run(ParentRunner.java:363)</div><div> at org.junit.runners.Suite.runChild(Suite.java:128)</div><div> at org.junit.runners.Suite.runChild(Suite.java:27)</div><div> at org.junit.runners.ParentRunner$3.run(ParentRunner.java:290)</div><div> at org.junit.runners.ParentRunner$1.schedule(ParentRunner.java:71)</div><div> at org.junit.runners.ParentRunner.runChildren(ParentRunner.java:288)</div><div> at org.junit.runners.ParentRunner.access$000(ParentRunner.java:58)</div><div> at org.junit.runners.ParentRunner$2.evaluate(ParentRunner.java:268)</div><div> at org.junit.runners.ParentRunner.run(ParentRunner.java:363)</div><div> at org.apache.maven.surefire.junit4.JUnit4Provider.execute(JUnit4Provider.java:367)</div><div> at org.apache.maven.surefire.junit4.JUnit4Provider.executeWithRerun(JUnit4Provider.java:274)</div><div> at org.apache.maven.surefire.junit4.JUnit4Provider.executeTestSet(JUnit4Provider.java:238)</div><div> at org.apache.maven.surefire.junit4.JUnit4Provider.invoke(JUnit4Provider.java:161)</div><div> at org.apache.maven.surefire.booter.ForkedBooter.invokeProviderInSameClassLoader(ForkedBooter.java:290)</div><div> at org.apache.maven.surefire.booter.ForkedBooter.runSuitesInProcess(ForkedBooter.java:242)</div><div> at org.apache.maven.surefire.booter.ForkedBooter.main(ForkedBooter.java:121)</div><div>Caused by: java.lang.NoClassDefFoundError: net/bytebuddy/asm/AdviceTypeTest$__CLR4_5_2o49o49lviwwlhn</div><div> at net.bytebuddy.asm.AdviceTypeTest$ByteInlineAdvice.foo(AdviceTypeTest.java)</div><div> ... 38 more</div></div>
        </td>
</tr>
<tr>
    <td><span class="sortValue">AdviceTypeTest.testAdviceWithException</span><a href="AdviceTypeTest_testAdviceWithException_32m.html">AdviceTypeTest.testAdviceWithException</a></td>
    <td style="whitespace:nowrap;"><span class="sortValue">1714271472598</span>27 Apr 21:31:12</td>
    <td>      <span class="sortValue">3</span><span class="aui-lozenge aui-lozenge-error">FAIL</span>
  </td>
    <td><span class="sortValue">0.03</span>0.03</td>
    <td style="width:50%">
    <span class="sortValue">
Expected:&#160;an&#160;instance&#160;of&#160;java.lang.RuntimeException
&#160;&#160;&#160;&#160;&#160;but:&#160;&lt;java.lang.NoClassDefFoundError:&#160;net/bytebuddy/asm/AdviceTypeTest$__CLR4_5_2o49o49lviwwlhn&gt;&#160;is&#160;a&#160;java.lang.NoClassDefFoundError</span>
        <span class="expand" id="togglebut39" onclick="toggleNodeExpansion('togglebut39', 'msgc39', 'msge39');return false;">&#160;</span>
        <div class="errorMessage" id="msgc39">
Expected:&#160;an&#160;instance&#160;of&#160;java.lang.RuntimeException
&#160;&#160;&#160;&#160;&#160;but:&#160;&lt;java.lang.NoClassDefFoundError:&#160;net/bytebuddy/asm/AdviceTypeTest$__CLR4_5_2o49o49lviwwlhn&gt;&#160;is&#160;a&#160;java.lang.NoClassDefFoundError</div>
        <div class="errorMessage" id="msge39" style="display:none;"> <div>java.lang.AssertionError: </div><div>Expected: an instance of java.lang.RuntimeException</div><div>     but: &lt;java.lang.NoClassDefFoundError: net/bytebuddy/asm/AdviceTypeTest$__CLR4_5_2o49o49lviwwlhn&gt; is a java.lang.NoClassDefFoundError</div><div> at org.hamcrest.MatcherAssert.assertThat(MatcherAssert.java:20)</div><div> at org.hamcrest.MatcherAssert.assertThat(MatcherAssert.java:8)</div><div>	at <a href="../../../net/bytebuddy/asm/AdviceTypeTest.html?line=106#src-106">net.bytebuddy.asm.AdviceTypeTest.testAdviceWithException(AdviceTypeTest.java:106)</a></div><div> at sun.reflect.GeneratedMethodAccessor42.invoke(Unknown Source)</div><div> at org.junit.runners.model.FrameworkMethod$1.runReflectiveCall(FrameworkMethod.java:50)</div><div> at org.junit.internal.runners.model.ReflectiveCallable.run(ReflectiveCallable.java:12)</div><div> at org.junit.runners.model.FrameworkMethod.invokeExplosively(FrameworkMethod.java:47)</div><div> at org.junit.internal.runners.statements.InvokeMethod.evaluate(InvokeMethod.java:17)</div><div> at org.junit.runners.ParentRunner.runLeaf(ParentRunner.java:325)</div><div> at org.junit.runners.BlockJUnit4ClassRunner.runChild(BlockJUnit4ClassRunner.java:78)</div><div> at org.junit.runners.BlockJUnit4ClassRunner.runChild(BlockJUnit4ClassRunner.java:57)</div><div> at org.junit.runners.ParentRunner$3.run(ParentRunner.java:290)</div><div> at org.junit.runners.ParentRunner$1.schedule(ParentRunner.java:71)</div><div> at org.junit.runners.ParentRunner.runChildren(ParentRunner.java:288)</div><div> at org.junit.runners.ParentRunner.access$000(ParentRunner.java:58)</div><div> at org.junit.runners.ParentRunner$2.evaluate(ParentRunner.java:268)</div><div> at org.junit.runners.ParentRunner.run(ParentRunner.java:363)</div><div> at org.junit.runners.Suite.runChild(Suite.java:128)</div><div> at org.junit.runners.Suite.runChild(Suite.java:27)</div><div> at org.junit.runners.ParentRunner$3.run(ParentRunner.java:290)</div><div> at org.junit.runners.ParentRunner$1.schedule(ParentRunner.java:71)</div><div> at org.junit.runners.ParentRunner.runChildren(ParentRunner.java:288)</div><div> at org.junit.runners.ParentRunner.access$000(ParentRunner.java:58)</div><div> at org.junit.runners.ParentRunner$2.evaluate(ParentRunner.java:268)</div><div> at org.junit.runners.ParentRunner.run(ParentRunner.java:363)</div><div> at org.apache.maven.surefire.junit4.JUnit4Provider.execute(JUnit4Provider.java:367)</div><div> at org.apache.maven.surefire.junit4.JUnit4Provider.executeWithRerun(JUnit4Provider.java:274)</div><div> at org.apache.maven.surefire.junit4.JUnit4Provider.executeTestSet(JUnit4Provider.java:238)</div><div> at org.apache.maven.surefire.junit4.JUnit4Provider.invoke(JUnit4Provider.java:161)</div><div> at org.apache.maven.surefire.booter.ForkedBooter.invokeProviderInSameClassLoader(ForkedBooter.java:290)</div><div> at org.apache.maven.surefire.booter.ForkedBooter.runSuitesInProcess(ForkedBooter.java:242)</div><div> at org.apache.maven.surefire.booter.ForkedBooter.main(ForkedBooter.java:121)</div></div>
        </td>
</tr>
<tr>
    <td><span class="sortValue">AdviceTypeTest.testAdviceWithException</span><a href="AdviceTypeTest_testAdviceWithException_6j.html">AdviceTypeTest.testAdviceWithException</a></td>
    <td style="whitespace:nowrap;"><span class="sortValue">1714271472094</span>27 Apr 21:31:12</td>
    <td>      <span class="sortValue">3</span><span class="aui-lozenge aui-lozenge-error">FAIL</span>
  </td>
    <td><span class="sortValue">0.037</span>0.037</td>
    <td style="width:50%">
    <span class="sortValue">
Expected:&#160;an&#160;instance&#160;of&#160;java.lang.RuntimeException
&#160;&#160;&#160;&#160;&#160;but:&#160;&lt;java.lang.NoClassDefFoundError:&#160;net/bytebuddy/asm/AdviceTypeTest$__CLR4_5_2o49o49lviwwlhn&gt;&#160;is&#160;a&#160;java.lang.NoClassDefFoundError</span>
        <span class="expand" id="togglebut40" onclick="toggleNodeExpansion('togglebut40', 'msgc40', 'msge40');return false;">&#160;</span>
        <div class="errorMessage" id="msgc40">
Expected:&#160;an&#160;instance&#160;of&#160;java.lang.RuntimeException
&#160;&#160;&#160;&#160;&#160;but:&#160;&lt;java.lang.NoClassDefFoundError:&#160;net/bytebuddy/asm/AdviceTypeTest$__CLR4_5_2o49o49lviwwlhn&gt;&#160;is&#160;a&#160;java.lang.NoClassDefFoundError</div>
        <div class="errorMessage" id="msge40" style="display:none;"> <div>java.lang.AssertionError: </div><div>Expected: an instance of java.lang.RuntimeException</div><div>     but: &lt;java.lang.NoClassDefFoundError: net/bytebuddy/asm/AdviceTypeTest$__CLR4_5_2o49o49lviwwlhn&gt; is a java.lang.NoClassDefFoundError</div><div> at org.hamcrest.MatcherAssert.assertThat(MatcherAssert.java:20)</div><div> at org.hamcrest.MatcherAssert.assertThat(MatcherAssert.java:8)</div><div>	at <a href="../../../net/bytebuddy/asm/AdviceTypeTest.html?line=106#src-106">net.bytebuddy.asm.AdviceTypeTest.testAdviceWithException(AdviceTypeTest.java:106)</a></div><div> at org.junit.runners.model.FrameworkMethod$1.runReflectiveCall(FrameworkMethod.java:50)</div><div> at org.junit.internal.runners.model.ReflectiveCallable.run(ReflectiveCallable.java:12)</div><div> at org.junit.runners.model.FrameworkMethod.invokeExplosively(FrameworkMethod.java:47)</div><div> at org.junit.internal.runners.statements.InvokeMethod.evaluate(InvokeMethod.java:17)</div><div> at org.junit.runners.ParentRunner.runLeaf(ParentRunner.java:325)</div><div> at org.junit.runners.BlockJUnit4ClassRunner.runChild(BlockJUnit4ClassRunner.java:78)</div><div> at org.junit.runners.BlockJUnit4ClassRunner.runChild(BlockJUnit4ClassRunner.java:57)</div><div> at org.junit.runners.ParentRunner$3.run(ParentRunner.java:290)</div><div> at org.junit.runners.ParentRunner$1.schedule(ParentRunner.java:71)</div><div> at org.junit.runners.ParentRunner.runChildren(ParentRunner.java:288)</div><div> at org.junit.runners.ParentRunner.access$000(ParentRunner.java:58)</div><div> at org.junit.runners.ParentRunner$2.evaluate(ParentRunner.java:268)</div><div> at org.junit.runners.ParentRunner.run(ParentRunner.java:363)</div><div> at org.junit.runners.Suite.runChild(Suite.java:128)</div><div> at org.junit.runners.Suite.runChild(Suite.java:27)</div><div> at org.junit.runners.ParentRunner$3.run(ParentRunner.java:290)</div><div> at org.junit.runners.ParentRunner$1.schedule(ParentRunner.java:71)</div><div> at org.junit.runners.ParentRunner.runChildren(ParentRunner.java:288)</div><div> at org.junit.runners.ParentRunner.access$000(ParentRunner.java:58)</div><div> at org.junit.runners.ParentRunner$2.evaluate(ParentRunner.java:268)</div><div> at org.junit.runners.ParentRunner.run(ParentRunner.java:363)</div><div> at org.apache.maven.surefire.junit4.JUnit4Provider.execute(JUnit4Provider.java:367)</div><div> at org.apache.maven.surefire.junit4.JUnit4Provider.executeWithRerun(JUnit4Provider.java:274)</div><div> at org.apache.maven.surefire.junit4.JUnit4Provider.executeTestSet(JUnit4Provider.java:238)</div><div> at org.apache.maven.surefire.junit4.JUnit4Provider.invoke(JUnit4Provider.java:161)</div><div> at org.apache.maven.surefire.booter.ForkedBooter.invokeProviderInSameClassLoader(ForkedBooter.java:290)</div><div> at org.apache.maven.surefire.booter.ForkedBooter.runSuitesInProcess(ForkedBooter.java:242)</div><div> at org.apache.maven.surefire.booter.ForkedBooter.main(ForkedBooter.java:121)</div></div>
        </td>
</tr>

    </tbody>
</table>

    </div> <!-- tabs-pane -->
</div> <!-- aui-tabs horizontal-tabs -->

                        </div> <!-- class="aui-page-panel-content-clover" -->
                    <footer id="footer" role="contentinfo">
    <section class="footer-body">
        <ul>
            <li>
                Report generated by <a target="_new" href="https://openclover.org">OpenClover</a> v 4.5.2
                on Sat Apr 27 2024 21:37:03 CDT using coverage data from Sat Apr 27 2024 21:33:14 CDT.
            </li>
        </ul>
        <ul>
            <li>OpenClover is free and open-source software. </li>
        </ul>
    </section>
</footer>                </section> <!-- class="aui-page-panel-content" -->
            </div> <!-- class="aui-page-panel-inner" -->
        </div> <!-- class="aui-page-panel" -->
    </div> <!-- id="page" -->
</body>
</html>