-------------------------------------------------------------------------------
Test set: net.bytebuddy.description.type.TypeDescriptionArrayProjectionTest
-------------------------------------------------------------------------------
Tests run: 199, Failures: 3, Errors: 0, Skipped: 11, Time elapsed: 0.169 sec <<< FAILURE! - in net.bytebuddy.description.type.TypeDescriptionArrayProjectionTest
testNestedStaticTypeVariableType(net.bytebuddy.description.type.TypeDescriptionArrayProjectionTest)  Time elapsed: 0.006 sec  <<< FAILURE!
java.lang.AssertionError: 

Expected: is "net.bytebuddy.description.type.AbstractTypeDescriptionGenericTest$NestedStaticTypeVariableType$Placeholder<java.lang.String>"
     but: was "net.bytebuddy.description.type.AbstractTypeDescriptionGenericTest$NestedStaticTypeVariableType.net.bytebuddy.description.type.AbstractTypeDescriptionGenericTest$NestedStaticTypeVariableType$Placeholder<java.lang.String>"

testNestedSpecifiedTypeVariableType(net.bytebuddy.description.type.TypeDescriptionArrayProjectionTest)  Time elapsed: 0.002 sec  <<< FAILURE!
java.lang.AssertionError: 

Expected: is "net.bytebuddy.description.type.AbstractTypeDescriptionGenericTest$NestedSpecifiedTypeVariableType<java.lang.String>$Placeholder"
     but: was "net.bytebuddy.description.type.AbstractTypeDescriptionGenericTest.net.bytebuddy.description.type.AbstractTypeDescriptionGenericTest$NestedSpecifiedTypeVariableType<java.lang.String>.Placeholder"

testNestedTypeVariableType(net.bytebuddy.description.type.TypeDescriptionArrayProjectionTest)  Time elapsed: 0.001 sec  <<< FAILURE!
java.lang.AssertionError: 

Expected: is "net.bytebuddy.description.type.AbstractTypeDescriptionGenericTest$NestedTypeVariableType<T>$Placeholder"
     but: was "net.bytebuddy.description.type.AbstractTypeDescriptionGenericTest.net.bytebuddy.description.type.AbstractTypeDescriptionGenericTest$NestedTypeVariableType<T>.Placeholder"

