-------------------------------------------------------------------------------
Test set: net.bytebuddy.pool.TypePoolDefaultTypeDescriptionTest
-------------------------------------------------------------------------------
Tests run: 198, Failures: 3, Errors: 0, Skipped: 0, Time elapsed: 0.754 sec <<< FAILURE! - in net.bytebuddy.pool.TypePoolDefaultTypeDescriptionTest
testNestedStaticTypeVariableType(net.bytebuddy.pool.TypePoolDefaultTypeDescriptionTest)  Time elapsed: 0.008 sec  <<< FAILURE!
java.lang.AssertionError: 

Expected: is "net.bytebuddy.description.type.AbstractTypeDescriptionGenericTest$NestedStaticTypeVariableType$Placeholder<java.lang.String>"
     but: was "net.bytebuddy.description.type.AbstractTypeDescriptionGenericTest$NestedStaticTypeVariableType.net.bytebuddy.description.type.AbstractTypeDescriptionGenericTest$NestedStaticTypeVariableType$Placeholder<java.lang.String>"

testNestedSpecifiedTypeVariableType(net.bytebuddy.pool.TypePoolDefaultTypeDescriptionTest)  Time elapsed: 0.011 sec  <<< FAILURE!
java.lang.AssertionError: 

Expected: is "net.bytebuddy.description.type.AbstractTypeDescriptionGenericTest$NestedSpecifiedTypeVariableType<java.lang.String>$Placeholder"
     but: was "net.bytebuddy.description.type.AbstractTypeDescriptionGenericTest.net.bytebuddy.description.type.AbstractTypeDescriptionGenericTest$NestedSpecifiedTypeVariableType<java.lang.String>.Placeholder"

testNestedTypeVariableType(net.bytebuddy.pool.TypePoolDefaultTypeDescriptionTest)  Time elapsed: 0.01 sec  <<< FAILURE!
java.lang.AssertionError: 

Expected: is "net.bytebuddy.description.type.AbstractTypeDescriptionGenericTest$NestedTypeVariableType<T>$Placeholder"
     but: was "net.bytebuddy.description.type.AbstractTypeDescriptionGenericTest.net.bytebuddy.description.type.AbstractTypeDescriptionGenericTest$NestedTypeVariableType<T>.Placeholder"

